#-----------------------------------------------------------
# Vivado v2014.4 (64-bit)
# SW Build 1071353 on Tue Nov 18 18:29:27 MST 2014
# IP Build 1070531 on Tue Nov 18 01:10:18 MST 2014
# Start of session at: Thu Sep 03 18:18:34 2020
# Process ID: 2844
# Log file: E:/UV/FPGA/VERIFY/vry_Verilog/vry_Verilog/vivado.log
# Journal file: E:/UV/FPGA/VERIFY/vry_Verilog/vry_Verilog\vivado.jou
#-----------------------------------------------------------
start_gui
open_project E:/UV/FPGA/VERIFY/vry_Verilog/vry_Verilog/vry_Verilog.xpr
Scanning sources...
Finished scanning sources
INFO: [IP_Flow 19-234] Refreshing IP repositories
INFO: [IP_Flow 19-1704] No user IP repositories specified
INFO: [IP_Flow 19-2313] Loaded Vivado IP repository 'D:/install/Xilinx/Vivado/2014.4/data/ip'.
open_project: Time (s): cpu = 00:00:12 ; elapsed = 00:00:06 . Memory (MB): peak = 726.922 ; gain = 183.258
update_compile_order -fileset sources_1
add_files -norecurse E:/UV/FPGA/VERIFY/vry_Verilog/design/PWM.v
update_compile_order -fileset sources_1
set_property SOURCE_SET sources_1 [get_filesets sim_1]
add_files -fileset sim_1 -norecurse E:/UV/FPGA/VERIFY/vry_Verilog/sim/tb_pwm.v
update_compile_order -fileset sim_1
set_property top tb_pwm [get_filesets sim_1]
set_property top_lib xil_defaultlib [get_filesets sim_1]
update_compile_order -fileset sim_1
launch_simulation
INFO: [USF-XSim-27] Simulation object is 'sim_1'
INFO: [USF-XSim-37] Inspecting design source files for 'tb_pwm' in fileset 'sim_1'...
INFO: [USF-XSim-97] Finding global include files...
INFO: [USF-XSim-98] Fetching design files from 'sim_1'...
INFO: [USF-XSim-2] XSim::Compile design
INFO: [USF-XSim-61] Executing 'COMPILE' step in 'E:/UV/FPGA/VERIFY/vry_Verilog/vry_Verilog/vry_Verilog.sim/sim_1/behav'
"xvlog -m64 -prj tb_pwm_vlog.prj"
Determining compilation order of HDL files.
INFO: [VRFC 10-2263] Analyzing Verilog file "E:/UV/FPGA/VERIFY/vry_Verilog/design/PWM.v" into library xil_defaultlib
INFO: [VRFC 10-311] analyzing module PWM
INFO: [VRFC 10-2263] Analyzing Verilog file "E:/UV/FPGA/VERIFY/vry_Verilog/sim/tb_pwm.v" into library xil_defaultlib
INFO: [VRFC 10-311] analyzing module tb_pwm
ERROR: [VRFC 10-550] decimal constant 10000000000 is too large, using 1410065408 instead [E:/UV/FPGA/VERIFY/vry_Verilog/sim/tb_pwm.v:23]
ERROR: [VRFC 10-1040] module tb_pwm ignored due to previous errors [E:/UV/FPGA/VERIFY/vry_Verilog/sim/tb_pwm.v:3]
ERROR: [USF-XSim-62] 'compile' step failed with error(s). Please check the Tcl console output or '' file for more information.
launch_simulation
INFO: [USF-XSim-27] Simulation object is 'sim_1'
INFO: [USF-XSim-37] Inspecting design source files for 'tb_pwm' in fileset 'sim_1'...
INFO: [USF-XSim-97] Finding global include files...
INFO: [USF-XSim-98] Fetching design files from 'sim_1'...
INFO: [USF-XSim-2] XSim::Compile design
INFO: [USF-XSim-61] Executing 'COMPILE' step in 'E:/UV/FPGA/VERIFY/vry_Verilog/vry_Verilog/vry_Verilog.sim/sim_1/behav'
"xvlog -m64 -prj tb_pwm_vlog.prj"
Determining compilation order of HDL files.
INFO: [VRFC 10-2263] Analyzing Verilog file "E:/UV/FPGA/VERIFY/vry_Verilog/design/PWM.v" into library xil_defaultlib
INFO: [VRFC 10-311] analyzing module PWM
INFO: [VRFC 10-2263] Analyzing Verilog file "E:/UV/FPGA/VERIFY/vry_Verilog/sim/tb_pwm.v" into library xil_defaultlib
INFO: [VRFC 10-311] analyzing module tb_pwm
WARNING: [VRFC 10-2019] loop variable declaration is not allowed in this mode of verilog [E:/UV/FPGA/VERIFY/vry_Verilog/sim/tb_pwm.v:24]
INFO: [VRFC 10-2263] Analyzing Verilog file "E:/UV/FPGA/VERIFY/vry_Verilog/vry_Verilog/vry_Verilog.sim/sim_1/behav/glbl.v" into library xil_defaultlib
INFO: [VRFC 10-311] analyzing module glbl
INFO: [USF-XSim-3] XSim::Elaborate design
INFO: [USF-XSim-61] Executing 'ELABORATE' step in 'E:/UV/FPGA/VERIFY/vry_Verilog/vry_Verilog/vry_Verilog.sim/sim_1/behav'
Vivado Simulator 2014.4
Copyright 1986-1999, 2001-2014 Xilinx, Inc. All Rights Reserved.
Running: D:/install/Xilinx/Vivado/2014.4/bin/unwrapped/win64.o/xelab.exe -wto 261fb7fb0d894769838a7690e5abf11a --debug typical --relax -L xil_defaultlib -L unisims_ver -L unimacro_ver -L secureip --snapshot tb_pwm_behav xil_defaultlib.tb_pwm xil_defaultlib.glbl -log elaborate.log 
Multi-threading is on. Using 2 slave threads.
Starting static elaboration
Completed static elaboration
Starting simulation data flow analysis
Completed simulation data flow analysis
Time Resolution for simulation is 1ps
Compiling module xil_defaultlib.PWM
Compiling module xil_defaultlib.tb_pwm
Compiling module xil_defaultlib.glbl
Waiting for 2 sub-compilation(s) to finish...
Built simulation snapshot tb_pwm_behav

****** Webtalk v2014.4 (64-bit)
  **** SW Build 1071353 on Tue Nov 18 18:29:27 MST 2014
  **** IP Build 1070531 on Tue Nov 18 01:10:18 MST 2014
    ** Copyright 1986-2014 Xilinx, Inc. All Rights Reserved.

source E:/UV/FPGA/VERIFY/vry_Verilog/vry_Verilog/vry_Verilog.sim/sim_1/behav/xsim.dir/tb_pwm_behav/webtalk/xsim_webtalk.tcl -notrace

    while executing
"webtalk_transmit -clientid 2991061116 -regid "" -xml E:/UV/FPGA/VERIFY/vry_Verilog/vry_Verilog/vry_Verilog.sim/sim_1/behav/xsim.dir/tb_pwm_behav/webta..."
    (file "E:/UV/FPGA/VERIFY/vry_Verilog/vry_Verilog/vry_Verilog.sim/sim_1/behav/xsim.dir/tb_pwm_behav/webtalk/xsim_webtalk.tcl" line 41)
INFO: [Common 17-206] Exiting Webtalk at Thu Sep 03 18:24:48 2020...
run_program: Time (s): cpu = 00:00:00 ; elapsed = 00:00:06 . Memory (MB): peak = 745.758 ; gain = 0.000
INFO: [USF-XSim-4] XSim::Simulate design
INFO: [USF-XSim-61] Executing 'SIMULATE' step in 'E:/UV/FPGA/VERIFY/vry_Verilog/vry_Verilog/vry_Verilog.sim/sim_1/behav'
INFO: [USF-XSim-98] *** Running xsim
   with args "tb_pwm_behav -key {Behavioral:sim_1:Functional:tb_pwm} -tclbatch {tb_pwm.tcl} -log {simulate.log}"
INFO: [USF-XSim-8] Loading simulator feature
Vivado Simulator 2014.4
Time resolution is 1 ps
source tb_pwm.tcl
# set curr_wave [current_wave_config]
# if { [string length $curr_wave] == 0 } {
#   if { [llength [get_objects]] > 0} {
#     add_wave /
#     set_property needs_save false [current_wave_config]
#   } else {
#      send_msg_id Add_Wave-1 WARNING "No top level signals found. Simulator will start without a wave window. If you want to open a wave window go to 'File->New Waveform Configuration' or type 'create_wave_config' in the TCL console."
#   }
# }
# run 1000ns
INFO: [USF-XSim-96] XSim completed. Design snapshot 'tb_pwm_behav' loaded.
INFO: [USF-XSim-97] XSim simulation ran for 1000ns
launch_simulation: Time (s): cpu = 00:00:02 ; elapsed = 00:00:10 . Memory (MB): peak = 745.758 ; gain = 0.000
run 20 s
run: Time (s): cpu = 00:00:35 ; elapsed = 00:00:56 . Memory (MB): peak = 749.270 ; gain = 0.000
restart
INFO: [Simtcl 6-17] Simulation restarted
INFO: [Simtcl 6-16] Simulation closed
launch_simulation
INFO: [USF-XSim-27] Simulation object is 'sim_1'
INFO: [USF-XSim-37] Inspecting design source files for 'tb_pwm' in fileset 'sim_1'...
INFO: [USF-XSim-97] Finding global include files...
INFO: [USF-XSim-98] Fetching design files from 'sim_1'...
INFO: [USF-XSim-2] XSim::Compile design
INFO: [USF-XSim-61] Executing 'COMPILE' step in 'E:/UV/FPGA/VERIFY/vry_Verilog/vry_Verilog/vry_Verilog.sim/sim_1/behav'
"xvlog -m64 -prj tb_pwm_vlog.prj"
Determining compilation order of HDL files.
INFO: [VRFC 10-2263] Analyzing Verilog file "E:/UV/FPGA/VERIFY/vry_Verilog/design/PWM.v" into library xil_defaultlib
INFO: [VRFC 10-311] analyzing module PWM
INFO: [VRFC 10-2263] Analyzing Verilog file "E:/UV/FPGA/VERIFY/vry_Verilog/sim/tb_pwm.v" into library xil_defaultlib
INFO: [VRFC 10-311] analyzing module tb_pwm
WARNING: [VRFC 10-2019] loop variable declaration is not allowed in this mode of verilog [E:/UV/FPGA/VERIFY/vry_Verilog/sim/tb_pwm.v:24]
INFO: [VRFC 10-2263] Analyzing Verilog file "E:/UV/FPGA/VERIFY/vry_Verilog/vry_Verilog/vry_Verilog.sim/sim_1/behav/glbl.v" into library xil_defaultlib
INFO: [VRFC 10-311] analyzing module glbl
INFO: [USF-XSim-3] XSim::Elaborate design
INFO: [USF-XSim-61] Executing 'ELABORATE' step in 'E:/UV/FPGA/VERIFY/vry_Verilog/vry_Verilog/vry_Verilog.sim/sim_1/behav'
Vivado Simulator 2014.4
Copyright 1986-1999, 2001-2014 Xilinx, Inc. All Rights Reserved.
Running: D:/install/Xilinx/Vivado/2014.4/bin/unwrapped/win64.o/xelab.exe -wto 261fb7fb0d894769838a7690e5abf11a --debug typical --relax -L xil_defaultlib -L unisims_ver -L unimacro_ver -L secureip --snapshot tb_pwm_behav xil_defaultlib.tb_pwm xil_defaultlib.glbl -log elaborate.log 
Multi-threading is on. Using 2 slave threads.
Starting static elaboration
Completed static elaboration
Starting simulation data flow analysis
Completed simulation data flow analysis
Time Resolution for simulation is 1ps
Compiling module xil_defaultlib.PWM
Compiling module xil_defaultlib.tb_pwm
Compiling module xil_defaultlib.glbl
Waiting for 2 sub-compilation(s) to finish...
Built simulation snapshot tb_pwm_behav

****** Webtalk v2014.4 (64-bit)
  **** SW Build 1071353 on Tue Nov 18 18:29:27 MST 2014
  **** IP Build 1070531 on Tue Nov 18 01:10:18 MST 2014
    ** Copyright 1986-2014 Xilinx, Inc. All Rights Reserved.

source E:/UV/FPGA/VERIFY/vry_Verilog/vry_Verilog/vry_Verilog.sim/sim_1/behav/xsim.dir/tb_pwm_behav/webtalk/xsim_webtalk.tcl -notrace

    while executing
"webtalk_transmit -clientid 1660297577 -regid "" -xml E:/UV/FPGA/VERIFY/vry_Verilog/vry_Verilog/vry_Verilog.sim/sim_1/behav/xsim.dir/tb_pwm_behav/webta..."
    (file "E:/UV/FPGA/VERIFY/vry_Verilog/vry_Verilog/vry_Verilog.sim/sim_1/behav/xsim.dir/tb_pwm_behav/webtalk/xsim_webtalk.tcl" line 41)
INFO: [Common 17-206] Exiting Webtalk at Thu Sep 03 18:27:42 2020...
run_program: Time (s): cpu = 00:00:00 ; elapsed = 00:00:06 . Memory (MB): peak = 751.305 ; gain = 0.000
INFO: [USF-XSim-4] XSim::Simulate design
INFO: [USF-XSim-61] Executing 'SIMULATE' step in 'E:/UV/FPGA/VERIFY/vry_Verilog/vry_Verilog/vry_Verilog.sim/sim_1/behav'
INFO: [USF-XSim-98] *** Running xsim
   with args "tb_pwm_behav -key {Behavioral:sim_1:Functional:tb_pwm} -tclbatch {tb_pwm.tcl} -log {simulate.log}"
INFO: [USF-XSim-8] Loading simulator feature
Vivado Simulator 2014.4
Time resolution is 1 ps
source tb_pwm.tcl
# set curr_wave [current_wave_config]
# if { [string length $curr_wave] == 0 } {
#   if { [llength [get_objects]] > 0} {
#     add_wave /
#     set_property needs_save false [current_wave_config]
#   } else {
#      send_msg_id Add_Wave-1 WARNING "No top level signals found. Simulator will start without a wave window. If you want to open a wave window go to 'File->New Waveform Configuration' or type 'create_wave_config' in the TCL console."
#   }
# }
# run 1000ns
INFO: [USF-XSim-96] XSim completed. Design snapshot 'tb_pwm_behav' loaded.
INFO: [USF-XSim-97] XSim simulation ran for 1000ns
launch_simulation: Time (s): cpu = 00:00:02 ; elapsed = 00:00:10 . Memory (MB): peak = 751.305 ; gain = 0.000
INFO: [Simtcl 6-16] Simulation closed
launch_simulation
INFO: [USF-XSim-27] Simulation object is 'sim_1'
INFO: [USF-XSim-37] Inspecting design source files for 'tb_pwm' in fileset 'sim_1'...
INFO: [USF-XSim-97] Finding global include files...
INFO: [USF-XSim-98] Fetching design files from 'sim_1'...
INFO: [USF-XSim-2] XSim::Compile design
INFO: [USF-XSim-61] Executing 'COMPILE' step in 'E:/UV/FPGA/VERIFY/vry_Verilog/vry_Verilog/vry_Verilog.sim/sim_1/behav'
"xvlog -m64 -prj tb_pwm_vlog.prj"
Determining compilation order of HDL files.
INFO: [VRFC 10-2263] Analyzing Verilog file "E:/UV/FPGA/VERIFY/vry_Verilog/design/PWM.v" into library xil_defaultlib
INFO: [VRFC 10-311] analyzing module PWM
INFO: [VRFC 10-2263] Analyzing Verilog file "E:/UV/FPGA/VERIFY/vry_Verilog/sim/tb_pwm.v" into library xil_defaultlib
INFO: [VRFC 10-311] analyzing module tb_pwm
WARNING: [VRFC 10-2019] loop variable declaration is not allowed in this mode of verilog [E:/UV/FPGA/VERIFY/vry_Verilog/sim/tb_pwm.v:24]
INFO: [VRFC 10-2263] Analyzing Verilog file "E:/UV/FPGA/VERIFY/vry_Verilog/vry_Verilog/vry_Verilog.sim/sim_1/behav/glbl.v" into library xil_defaultlib
INFO: [VRFC 10-311] analyzing module glbl
INFO: [USF-XSim-3] XSim::Elaborate design
INFO: [USF-XSim-61] Executing 'ELABORATE' step in 'E:/UV/FPGA/VERIFY/vry_Verilog/vry_Verilog/vry_Verilog.sim/sim_1/behav'
Vivado Simulator 2014.4
Copyright 1986-1999, 2001-2014 Xilinx, Inc. All Rights Reserved.
Running: D:/install/Xilinx/Vivado/2014.4/bin/unwrapped/win64.o/xelab.exe -wto 261fb7fb0d894769838a7690e5abf11a --debug typical --relax -L xil_defaultlib -L unisims_ver -L unimacro_ver -L secureip --snapshot tb_pwm_behav xil_defaultlib.tb_pwm xil_defaultlib.glbl -log elaborate.log 
Multi-threading is on. Using 2 slave threads.
Starting static elaboration
Completed static elaboration
Starting simulation data flow analysis
Completed simulation data flow analysis
Time Resolution for simulation is 1ps
Compiling module xil_defaultlib.PWM
Compiling module xil_defaultlib.tb_pwm
Compiling module xil_defaultlib.glbl
Waiting for 2 sub-compilation(s) to finish...
Built simulation snapshot tb_pwm_behav

****** Webtalk v2014.4 (64-bit)
  **** SW Build 1071353 on Tue Nov 18 18:29:27 MST 2014
  **** IP Build 1070531 on Tue Nov 18 01:10:18 MST 2014
    ** Copyright 1986-2014 Xilinx, Inc. All Rights Reserved.

source E:/UV/FPGA/VERIFY/vry_Verilog/vry_Verilog/vry_Verilog.sim/sim_1/behav/xsim.dir/tb_pwm_behav/webtalk/xsim_webtalk.tcl -notrace

    while executing
"webtalk_transmit -clientid 1910604990 -regid "" -xml E:/UV/FPGA/VERIFY/vry_Verilog/vry_Verilog/vry_Verilog.sim/sim_1/behav/xsim.dir/tb_pwm_behav/webta..."
    (file "E:/UV/FPGA/VERIFY/vry_Verilog/vry_Verilog/vry_Verilog.sim/sim_1/behav/xsim.dir/tb_pwm_behav/webtalk/xsim_webtalk.tcl" line 41)
INFO: [Common 17-206] Exiting Webtalk at Thu Sep 03 18:29:11 2020...
run_program: Time (s): cpu = 00:00:00 ; elapsed = 00:00:06 . Memory (MB): peak = 751.305 ; gain = 0.000
INFO: [USF-XSim-4] XSim::Simulate design
INFO: [USF-XSim-61] Executing 'SIMULATE' step in 'E:/UV/FPGA/VERIFY/vry_Verilog/vry_Verilog/vry_Verilog.sim/sim_1/behav'
INFO: [USF-XSim-98] *** Running xsim
   with args "tb_pwm_behav -key {Behavioral:sim_1:Functional:tb_pwm} -tclbatch {tb_pwm.tcl} -log {simulate.log}"
INFO: [USF-XSim-8] Loading simulator feature
Vivado Simulator 2014.4
Time resolution is 1 ps
source tb_pwm.tcl
# set curr_wave [current_wave_config]
# if { [string length $curr_wave] == 0 } {
#   if { [llength [get_objects]] > 0} {
#     add_wave /
#     set_property needs_save false [current_wave_config]
#   } else {
#      send_msg_id Add_Wave-1 WARNING "No top level signals found. Simulator will start without a wave window. If you want to open a wave window go to 'File->New Waveform Configuration' or type 'create_wave_config' in the TCL console."
#   }
# }
# run 1000ns
INFO: [USF-XSim-96] XSim completed. Design snapshot 'tb_pwm_behav' loaded.
INFO: [USF-XSim-97] XSim simulation ran for 1000ns
launch_simulation: Time (s): cpu = 00:00:03 ; elapsed = 00:00:09 . Memory (MB): peak = 753.895 ; gain = 2.590
run 100 ms
run: Time (s): cpu = 00:00:13 ; elapsed = 00:00:14 . Memory (MB): peak = 753.895 ; gain = 0.000
run 100 ms
run: Time (s): cpu = 00:00:12 ; elapsed = 00:00:13 . Memory (MB): peak = 753.895 ; gain = 0.000
run 100 ms
run: Time (s): cpu = 00:00:13 ; elapsed = 00:00:13 . Memory (MB): peak = 753.895 ; gain = 0.000
add_wave {{/tb_pwm/pwm_inst/cnt_ms}} {{/tb_pwm/pwm_inst/num_ms}} 
run 100 ms
run: Time (s): cpu = 00:00:29 ; elapsed = 00:00:40 . Memory (MB): peak = 764.648 ; gain = 10.754
save_wave_config {E:/UV/FPGA/VERIFY/vry_Verilog/vry_Verilog/tb_pwm_behav.wcfg}
INFO: [Simtcl 6-16] Simulation closed
launch_simulation
INFO: [USF-XSim-27] Simulation object is 'sim_1'
INFO: [USF-XSim-37] Inspecting design source files for 'tb_pwm' in fileset 'sim_1'...
INFO: [USF-XSim-97] Finding global include files...
INFO: [USF-XSim-98] Fetching design files from 'sim_1'...
INFO: [USF-XSim-2] XSim::Compile design
INFO: [USF-XSim-61] Executing 'COMPILE' step in 'E:/UV/FPGA/VERIFY/vry_Verilog/vry_Verilog/vry_Verilog.sim/sim_1/behav'
"xvlog -m64 -prj tb_pwm_vlog.prj"
Determining compilation order of HDL files.
INFO: [VRFC 10-2263] Analyzing Verilog file "E:/UV/FPGA/VERIFY/vry_Verilog/design/PWM.v" into library xil_defaultlib
INFO: [VRFC 10-311] analyzing module PWM
INFO: [VRFC 10-2263] Analyzing Verilog file "E:/UV/FPGA/VERIFY/vry_Verilog/sim/tb_pwm.v" into library xil_defaultlib
INFO: [VRFC 10-311] analyzing module tb_pwm
WARNING: [VRFC 10-2019] loop variable declaration is not allowed in this mode of verilog [E:/UV/FPGA/VERIFY/vry_Verilog/sim/tb_pwm.v:24]
INFO: [VRFC 10-2263] Analyzing Verilog file "E:/UV/FPGA/VERIFY/vry_Verilog/vry_Verilog/vry_Verilog.sim/sim_1/behav/glbl.v" into library xil_defaultlib
INFO: [VRFC 10-311] analyzing module glbl
INFO: [USF-XSim-3] XSim::Elaborate design
INFO: [USF-XSim-61] Executing 'ELABORATE' step in 'E:/UV/FPGA/VERIFY/vry_Verilog/vry_Verilog/vry_Verilog.sim/sim_1/behav'
Vivado Simulator 2014.4
Copyright 1986-1999, 2001-2014 Xilinx, Inc. All Rights Reserved.
Running: D:/install/Xilinx/Vivado/2014.4/bin/unwrapped/win64.o/xelab.exe -wto 261fb7fb0d894769838a7690e5abf11a --debug typical --relax -L xil_defaultlib -L unisims_ver -L unimacro_ver -L secureip --snapshot tb_pwm_behav xil_defaultlib.tb_pwm xil_defaultlib.glbl -log elaborate.log 
Multi-threading is on. Using 2 slave threads.
Starting static elaboration
Completed static elaboration
Starting simulation data flow analysis
Completed simulation data flow analysis
Time Resolution for simulation is 1ps
Compiling module xil_defaultlib.PWM
Compiling module xil_defaultlib.tb_pwm
Compiling module xil_defaultlib.glbl
Waiting for 2 sub-compilation(s) to finish...
Built simulation snapshot tb_pwm_behav

****** Webtalk v2014.4 (64-bit)
  **** SW Build 1071353 on Tue Nov 18 18:29:27 MST 2014
  **** IP Build 1070531 on Tue Nov 18 01:10:18 MST 2014
    ** Copyright 1986-2014 Xilinx, Inc. All Rights Reserved.

source E:/UV/FPGA/VERIFY/vry_Verilog/vry_Verilog/vry_Verilog.sim/sim_1/behav/xsim.dir/tb_pwm_behav/webtalk/xsim_webtalk.tcl -notrace

    while executing
"webtalk_transmit -clientid 3036771310 -regid "" -xml E:/UV/FPGA/VERIFY/vry_Verilog/vry_Verilog/vry_Verilog.sim/sim_1/behav/xsim.dir/tb_pwm_behav/webta..."
    (file "E:/UV/FPGA/VERIFY/vry_Verilog/vry_Verilog/vry_Verilog.sim/sim_1/behav/xsim.dir/tb_pwm_behav/webtalk/xsim_webtalk.tcl" line 41)
INFO: [Common 17-206] Exiting Webtalk at Thu Sep 03 18:42:13 2020...
run_program: Time (s): cpu = 00:00:00 ; elapsed = 00:00:06 . Memory (MB): peak = 764.648 ; gain = 0.000
INFO: [USF-XSim-4] XSim::Simulate design
INFO: [USF-XSim-61] Executing 'SIMULATE' step in 'E:/UV/FPGA/VERIFY/vry_Verilog/vry_Verilog/vry_Verilog.sim/sim_1/behav'
INFO: [USF-XSim-98] *** Running xsim
   with args "tb_pwm_behav -key {Behavioral:sim_1:Functional:tb_pwm} -tclbatch {tb_pwm.tcl} -log {simulate.log}"
INFO: [USF-XSim-8] Loading simulator feature
Vivado Simulator 2014.4
Time resolution is 1 ps
open_wave_config {E:/UV/FPGA/VERIFY/vry_Verilog/vry_Verilog\tb_pwm_behav.wcfg}
source tb_pwm.tcl
# set curr_wave [current_wave_config]
# if { [string length $curr_wave] == 0 } {
#   if { [llength [get_objects]] > 0} {
#     add_wave /
#     set_property needs_save false [current_wave_config]
#   } else {
#      send_msg_id Add_Wave-1 WARNING "No top level signals found. Simulator will start without a wave window. If you want to open a wave window go to 'File->New Waveform Configuration' or type 'create_wave_config' in the TCL console."
#   }
# }
# run 1000ns
INFO: [USF-XSim-96] XSim completed. Design snapshot 'tb_pwm_behav' loaded.
INFO: [USF-XSim-97] XSim simulation ran for 1000ns
launch_simulation: Time (s): cpu = 00:00:02 ; elapsed = 00:00:11 . Memory (MB): peak = 764.648 ; gain = 0.000
run 100 ms
run: Time (s): cpu = 00:00:29 ; elapsed = 00:00:48 . Memory (MB): peak = 764.648 ; gain = 0.000
run 100 ms
run: Time (s): cpu = 00:00:07 ; elapsed = 00:01:19 . Memory (MB): peak = 764.648 ; gain = 0.000
INFO: [Simtcl 6-16] Simulation closed
launch_simulation
INFO: [USF-XSim-27] Simulation object is 'sim_1'
INFO: [USF-XSim-37] Inspecting design source files for 'tb_pwm' in fileset 'sim_1'...
INFO: [USF-XSim-97] Finding global include files...
INFO: [USF-XSim-98] Fetching design files from 'sim_1'...
INFO: [USF-XSim-2] XSim::Compile design
INFO: [USF-XSim-61] Executing 'COMPILE' step in 'E:/UV/FPGA/VERIFY/vry_Verilog/vry_Verilog/vry_Verilog.sim/sim_1/behav'
"xvlog -m64 -prj tb_pwm_vlog.prj"
Determining compilation order of HDL files.
INFO: [VRFC 10-2263] Analyzing Verilog file "E:/UV/FPGA/VERIFY/vry_Verilog/design/PWM.v" into library xil_defaultlib
INFO: [VRFC 10-311] analyzing module PWM
INFO: [VRFC 10-2263] Analyzing Verilog file "E:/UV/FPGA/VERIFY/vry_Verilog/sim/tb_pwm.v" into library xil_defaultlib
INFO: [VRFC 10-311] analyzing module tb_pwm
WARNING: [VRFC 10-2019] loop variable declaration is not allowed in this mode of verilog [E:/UV/FPGA/VERIFY/vry_Verilog/sim/tb_pwm.v:24]
INFO: [VRFC 10-2263] Analyzing Verilog file "E:/UV/FPGA/VERIFY/vry_Verilog/vry_Verilog/vry_Verilog.sim/sim_1/behav/glbl.v" into library xil_defaultlib
INFO: [VRFC 10-311] analyzing module glbl
INFO: [USF-XSim-3] XSim::Elaborate design
INFO: [USF-XSim-61] Executing 'ELABORATE' step in 'E:/UV/FPGA/VERIFY/vry_Verilog/vry_Verilog/vry_Verilog.sim/sim_1/behav'
Vivado Simulator 2014.4
Copyright 1986-1999, 2001-2014 Xilinx, Inc. All Rights Reserved.
Running: D:/install/Xilinx/Vivado/2014.4/bin/unwrapped/win64.o/xelab.exe -wto 261fb7fb0d894769838a7690e5abf11a --debug typical --relax -L xil_defaultlib -L unisims_ver -L unimacro_ver -L secureip --snapshot tb_pwm_behav xil_defaultlib.tb_pwm xil_defaultlib.glbl -log elaborate.log 
Multi-threading is on. Using 2 slave threads.
Starting static elaboration
Completed static elaboration
Starting simulation data flow analysis
Completed simulation data flow analysis
Time Resolution for simulation is 1ps
Compiling module xil_defaultlib.PWM
Compiling module xil_defaultlib.tb_pwm
Compiling module xil_defaultlib.glbl
Waiting for 2 sub-compilation(s) to finish...
Built simulation snapshot tb_pwm_behav

****** Webtalk v2014.4 (64-bit)
  **** SW Build 1071353 on Tue Nov 18 18:29:27 MST 2014
  **** IP Build 1070531 on Tue Nov 18 01:10:18 MST 2014
    ** Copyright 1986-2014 Xilinx, Inc. All Rights Reserved.

source E:/UV/FPGA/VERIFY/vry_Verilog/vry_Verilog/vry_Verilog.sim/sim_1/behav/xsim.dir/tb_pwm_behav/webtalk/xsim_webtalk.tcl -notrace

    while executing
"webtalk_transmit -clientid 240937948 -regid "" -xml E:/UV/FPGA/VERIFY/vry_Verilog/vry_Verilog/vry_Verilog.sim/sim_1/behav/xsim.dir/tb_pwm_behav/webtal..."
    (file "E:/UV/FPGA/VERIFY/vry_Verilog/vry_Verilog/vry_Verilog.sim/sim_1/behav/xsim.dir/tb_pwm_behav/webtalk/xsim_webtalk.tcl" line 41)
INFO: [Common 17-206] Exiting Webtalk at Thu Sep 03 18:45:18 2020...
run_program: Time (s): cpu = 00:00:00 ; elapsed = 00:00:06 . Memory (MB): peak = 764.648 ; gain = 0.000
INFO: [USF-XSim-4] XSim::Simulate design
INFO: [USF-XSim-61] Executing 'SIMULATE' step in 'E:/UV/FPGA/VERIFY/vry_Verilog/vry_Verilog/vry_Verilog.sim/sim_1/behav'
INFO: [USF-XSim-98] *** Running xsim
   with args "tb_pwm_behav -key {Behavioral:sim_1:Functional:tb_pwm} -tclbatch {tb_pwm.tcl} -log {simulate.log}"
INFO: [USF-XSim-8] Loading simulator feature
Vivado Simulator 2014.4
Time resolution is 1 ps
open_wave_config {E:/UV/FPGA/VERIFY/vry_Verilog/vry_Verilog\tb_pwm_behav.wcfg}
source tb_pwm.tcl
# set curr_wave [current_wave_config]
# if { [string length $curr_wave] == 0 } {
#   if { [llength [get_objects]] > 0} {
#     add_wave /
#     set_property needs_save false [current_wave_config]
#   } else {
#      send_msg_id Add_Wave-1 WARNING "No top level signals found. Simulator will start without a wave window. If you want to open a wave window go to 'File->New Waveform Configuration' or type 'create_wave_config' in the TCL console."
#   }
# }
# run 1000ns
INFO: [USF-XSim-96] XSim completed. Design snapshot 'tb_pwm_behav' loaded.
INFO: [USF-XSim-97] XSim simulation ran for 1000ns
launch_simulation: Time (s): cpu = 00:00:01 ; elapsed = 00:00:10 . Memory (MB): peak = 764.648 ; gain = 0.000
run 100 ms
run: Time (s): cpu = 00:00:28 ; elapsed = 00:00:29 . Memory (MB): peak = 764.648 ; gain = 0.000
close_sim
INFO: [Simtcl 6-16] Simulation closed
launch_simulation
INFO: [USF-XSim-27] Simulation object is 'sim_1'
INFO: [USF-XSim-37] Inspecting design source files for 'tb_pwm' in fileset 'sim_1'...
INFO: [USF-XSim-97] Finding global include files...
INFO: [USF-XSim-98] Fetching design files from 'sim_1'...
INFO: [USF-XSim-2] XSim::Compile design
INFO: [USF-XSim-61] Executing 'COMPILE' step in 'E:/UV/FPGA/VERIFY/vry_Verilog/vry_Verilog/vry_Verilog.sim/sim_1/behav'
"xvlog -m64 -prj tb_pwm_vlog.prj"
Determining compilation order of HDL files.
INFO: [VRFC 10-2263] Analyzing Verilog file "E:/UV/FPGA/VERIFY/vry_Verilog/sim/tb_pwm.v" into library xil_defaultlib
INFO: [VRFC 10-311] analyzing module tb_pwm
WARNING: [VRFC 10-2019] loop variable declaration is not allowed in this mode of verilog [E:/UV/FPGA/VERIFY/vry_Verilog/sim/tb_pwm.v:24]
INFO: [VRFC 10-2263] Analyzing Verilog file "E:/UV/FPGA/VERIFY/vry_Verilog/vry_Verilog/vry_Verilog.sim/sim_1/behav/glbl.v" into library xil_defaultlib
INFO: [VRFC 10-311] analyzing module glbl
INFO: [USF-XSim-3] XSim::Elaborate design
INFO: [USF-XSim-61] Executing 'ELABORATE' step in 'E:/UV/FPGA/VERIFY/vry_Verilog/vry_Verilog/vry_Verilog.sim/sim_1/behav'
Vivado Simulator 2014.4
Copyright 1986-1999, 2001-2014 Xilinx, Inc. All Rights Reserved.
Running: D:/install/Xilinx/Vivado/2014.4/bin/unwrapped/win64.o/xelab.exe -wto 261fb7fb0d894769838a7690e5abf11a --debug typical --relax -L xil_defaultlib -L unisims_ver -L unimacro_ver -L secureip --snapshot tb_pwm_behav xil_defaultlib.tb_pwm xil_defaultlib.glbl -log elaborate.log 
Multi-threading is on. Using 2 slave threads.
Starting static elaboration
ERROR: [VRFC 10-2063] Module <PWM> not found while processing module instance <pwm_inst> [E:/UV/FPGA/VERIFY/vry_Verilog/sim/tb_pwm.v:36]
ERROR: [XSIM 43-3322] Static elaboration of top level Verilog design unit(s) in library work failed.
ERROR: [USF-XSim-62] 'elaborate' step failed with error(s). Please check the Tcl console output or '' file for more information.
launch_simulation
INFO: [USF-XSim-27] Simulation object is 'sim_1'
INFO: [USF-XSim-37] Inspecting design source files for 'tb_pwm' in fileset 'sim_1'...
INFO: [USF-XSim-97] Finding global include files...
INFO: [USF-XSim-98] Fetching design files from 'sim_1'...
INFO: [USF-XSim-2] XSim::Compile design
INFO: [USF-XSim-61] Executing 'COMPILE' step in 'E:/UV/FPGA/VERIFY/vry_Verilog/vry_Verilog/vry_Verilog.sim/sim_1/behav'
"xvlog -m64 -prj tb_pwm_vlog.prj"
Determining compilation order of HDL files.
INFO: [VRFC 10-2263] Analyzing Verilog file "E:/UV/FPGA/VERIFY/vry_Verilog/design/PWM.v" into library xil_defaultlib
INFO: [VRFC 10-311] analyzing module pwm
INFO: [VRFC 10-2263] Analyzing Verilog file "E:/UV/FPGA/VERIFY/vry_Verilog/sim/tb_pwm.v" into library xil_defaultlib
INFO: [VRFC 10-311] analyzing module tb_pwm
WARNING: [VRFC 10-2019] loop variable declaration is not allowed in this mode of verilog [E:/UV/FPGA/VERIFY/vry_Verilog/sim/tb_pwm.v:24]
INFO: [VRFC 10-2263] Analyzing Verilog file "E:/UV/FPGA/VERIFY/vry_Verilog/vry_Verilog/vry_Verilog.sim/sim_1/behav/glbl.v" into library xil_defaultlib
INFO: [VRFC 10-311] analyzing module glbl
INFO: [USF-XSim-3] XSim::Elaborate design
INFO: [USF-XSim-61] Executing 'ELABORATE' step in 'E:/UV/FPGA/VERIFY/vry_Verilog/vry_Verilog/vry_Verilog.sim/sim_1/behav'
Vivado Simulator 2014.4
Copyright 1986-1999, 2001-2014 Xilinx, Inc. All Rights Reserved.
Running: D:/install/Xilinx/Vivado/2014.4/bin/unwrapped/win64.o/xelab.exe -wto 261fb7fb0d894769838a7690e5abf11a --debug typical --relax -L xil_defaultlib -L unisims_ver -L unimacro_ver -L secureip --snapshot tb_pwm_behav xil_defaultlib.tb_pwm xil_defaultlib.glbl -log elaborate.log 
Multi-threading is on. Using 2 slave threads.
Starting static elaboration
Completed static elaboration
Starting simulation data flow analysis
Completed simulation data flow analysis
Time Resolution for simulation is 1ps
Compiling module xil_defaultlib.pwm
Compiling module xil_defaultlib.tb_pwm
Compiling module xil_defaultlib.glbl
Waiting for 2 sub-compilation(s) to finish...
Built simulation snapshot tb_pwm_behav

****** Webtalk v2014.4 (64-bit)
  **** SW Build 1071353 on Tue Nov 18 18:29:27 MST 2014
  **** IP Build 1070531 on Tue Nov 18 01:10:18 MST 2014
    ** Copyright 1986-2014 Xilinx, Inc. All Rights Reserved.

source E:/UV/FPGA/VERIFY/vry_Verilog/vry_Verilog/vry_Verilog.sim/sim_1/behav/xsim.dir/tb_pwm_behav/webtalk/xsim_webtalk.tcl -notrace

    while executing
"webtalk_transmit -clientid 3308321057 -regid "" -xml E:/UV/FPGA/VERIFY/vry_Verilog/vry_Verilog/vry_Verilog.sim/sim_1/behav/xsim.dir/tb_pwm_behav/webta..."
    (file "E:/UV/FPGA/VERIFY/vry_Verilog/vry_Verilog/vry_Verilog.sim/sim_1/behav/xsim.dir/tb_pwm_behav/webtalk/xsim_webtalk.tcl" line 41)
INFO: [Common 17-206] Exiting Webtalk at Thu Sep 03 18:48:27 2020...
run_program: Time (s): cpu = 00:00:00 ; elapsed = 00:00:06 . Memory (MB): peak = 764.648 ; gain = 0.000
INFO: [USF-XSim-4] XSim::Simulate design
INFO: [USF-XSim-61] Executing 'SIMULATE' step in 'E:/UV/FPGA/VERIFY/vry_Verilog/vry_Verilog/vry_Verilog.sim/sim_1/behav'
INFO: [USF-XSim-98] *** Running xsim
   with args "tb_pwm_behav -key {Behavioral:sim_1:Functional:tb_pwm} -tclbatch {tb_pwm.tcl} -log {simulate.log}"
INFO: [USF-XSim-8] Loading simulator feature
Vivado Simulator 2014.4
Time resolution is 1 ps
open_wave_config {E:/UV/FPGA/VERIFY/vry_Verilog/vry_Verilog\tb_pwm_behav.wcfg}
source tb_pwm.tcl
# set curr_wave [current_wave_config]
# if { [string length $curr_wave] == 0 } {
#   if { [llength [get_objects]] > 0} {
#     add_wave /
#     set_property needs_save false [current_wave_config]
#   } else {
#      send_msg_id Add_Wave-1 WARNING "No top level signals found. Simulator will start without a wave window. If you want to open a wave window go to 'File->New Waveform Configuration' or type 'create_wave_config' in the TCL console."
#   }
# }
# run 1000ns
INFO: [USF-XSim-96] XSim completed. Design snapshot 'tb_pwm_behav' loaded.
INFO: [USF-XSim-97] XSim simulation ran for 1000ns
launch_simulation: Time (s): cpu = 00:00:01 ; elapsed = 00:00:10 . Memory (MB): peak = 764.648 ; gain = 0.000
run 100 ms
run: Time (s): cpu = 00:00:21 ; elapsed = 00:00:23 . Memory (MB): peak = 764.648 ; gain = 0.000
INFO: [Simtcl 6-16] Simulation closed
launch_simulation
INFO: [USF-XSim-27] Simulation object is 'sim_1'
INFO: [USF-XSim-37] Inspecting design source files for 'tb_pwm' in fileset 'sim_1'...
INFO: [USF-XSim-97] Finding global include files...
INFO: [USF-XSim-98] Fetching design files from 'sim_1'...
INFO: [USF-XSim-2] XSim::Compile design
INFO: [USF-XSim-61] Executing 'COMPILE' step in 'E:/UV/FPGA/VERIFY/vry_Verilog/vry_Verilog/vry_Verilog.sim/sim_1/behav'
"xvlog -m64 -prj tb_pwm_vlog.prj"
Determining compilation order of HDL files.
INFO: [VRFC 10-2263] Analyzing Verilog file "E:/UV/FPGA/VERIFY/vry_Verilog/design/PWM.v" into library xil_defaultlib
INFO: [VRFC 10-311] analyzing module pwm
INFO: [VRFC 10-2263] Analyzing Verilog file "E:/UV/FPGA/VERIFY/vry_Verilog/sim/tb_pwm.v" into library xil_defaultlib
INFO: [VRFC 10-311] analyzing module tb_pwm
WARNING: [VRFC 10-2019] loop variable declaration is not allowed in this mode of verilog [E:/UV/FPGA/VERIFY/vry_Verilog/sim/tb_pwm.v:24]
INFO: [VRFC 10-2263] Analyzing Verilog file "E:/UV/FPGA/VERIFY/vry_Verilog/vry_Verilog/vry_Verilog.sim/sim_1/behav/glbl.v" into library xil_defaultlib
INFO: [VRFC 10-311] analyzing module glbl
INFO: [USF-XSim-3] XSim::Elaborate design
INFO: [USF-XSim-61] Executing 'ELABORATE' step in 'E:/UV/FPGA/VERIFY/vry_Verilog/vry_Verilog/vry_Verilog.sim/sim_1/behav'
Vivado Simulator 2014.4
Copyright 1986-1999, 2001-2014 Xilinx, Inc. All Rights Reserved.
Running: D:/install/Xilinx/Vivado/2014.4/bin/unwrapped/win64.o/xelab.exe -wto 261fb7fb0d894769838a7690e5abf11a --debug typical --relax -L xil_defaultlib -L unisims_ver -L unimacro_ver -L secureip --snapshot tb_pwm_behav xil_defaultlib.tb_pwm xil_defaultlib.glbl -log elaborate.log 
Multi-threading is on. Using 2 slave threads.
Starting static elaboration
Completed static elaboration
Starting simulation data flow analysis
Completed simulation data flow analysis
Time Resolution for simulation is 1ps
Compiling module xil_defaultlib.pwm
Compiling module xil_defaultlib.tb_pwm
Compiling module xil_defaultlib.glbl
Waiting for 2 sub-compilation(s) to finish...
Built simulation snapshot tb_pwm_behav

****** Webtalk v2014.4 (64-bit)
  **** SW Build 1071353 on Tue Nov 18 18:29:27 MST 2014
  **** IP Build 1070531 on Tue Nov 18 01:10:18 MST 2014
    ** Copyright 1986-2014 Xilinx, Inc. All Rights Reserved.

source E:/UV/FPGA/VERIFY/vry_Verilog/vry_Verilog/vry_Verilog.sim/sim_1/behav/xsim.dir/tb_pwm_behav/webtalk/xsim_webtalk.tcl -notrace

    while executing
"webtalk_transmit -clientid 815167696 -regid "" -xml E:/UV/FPGA/VERIFY/vry_Verilog/vry_Verilog/vry_Verilog.sim/sim_1/behav/xsim.dir/tb_pwm_behav/webtal..."
    (file "E:/UV/FPGA/VERIFY/vry_Verilog/vry_Verilog/vry_Verilog.sim/sim_1/behav/xsim.dir/tb_pwm_behav/webtalk/xsim_webtalk.tcl" line 41)
INFO: [Common 17-206] Exiting Webtalk at Thu Sep 03 18:51:22 2020...
run_program: Time (s): cpu = 00:00:00 ; elapsed = 00:00:06 . Memory (MB): peak = 764.648 ; gain = 0.000
INFO: [USF-XSim-4] XSim::Simulate design
INFO: [USF-XSim-61] Executing 'SIMULATE' step in 'E:/UV/FPGA/VERIFY/vry_Verilog/vry_Verilog/vry_Verilog.sim/sim_1/behav'
INFO: [USF-XSim-98] *** Running xsim
   with args "tb_pwm_behav -key {Behavioral:sim_1:Functional:tb_pwm} -tclbatch {tb_pwm.tcl} -log {simulate.log}"
INFO: [USF-XSim-8] Loading simulator feature
Vivado Simulator 2014.4
Time resolution is 1 ps
open_wave_config {E:/UV/FPGA/VERIFY/vry_Verilog/vry_Verilog\tb_pwm_behav.wcfg}
source tb_pwm.tcl
# set curr_wave [current_wave_config]
# if { [string length $curr_wave] == 0 } {
#   if { [llength [get_objects]] > 0} {
#     add_wave /
#     set_property needs_save false [current_wave_config]
#   } else {
#      send_msg_id Add_Wave-1 WARNING "No top level signals found. Simulator will start without a wave window. If you want to open a wave window go to 'File->New Waveform Configuration' or type 'create_wave_config' in the TCL console."
#   }
# }
# run 1000ns
INFO: [USF-XSim-96] XSim completed. Design snapshot 'tb_pwm_behav' loaded.
INFO: [USF-XSim-97] XSim simulation ran for 1000ns
launch_simulation: Time (s): cpu = 00:00:01 ; elapsed = 00:00:10 . Memory (MB): peak = 764.648 ; gain = 0.000
run 100 ms
run: Time (s): cpu = 00:00:11 ; elapsed = 00:00:11 . Memory (MB): peak = 764.648 ; gain = 0.000
close_sim
INFO: [Simtcl 6-16] Simulation closed
launch_simulation
INFO: [USF-XSim-27] Simulation object is 'sim_1'
INFO: [USF-XSim-37] Inspecting design source files for 'tb_pwm' in fileset 'sim_1'...
INFO: [USF-XSim-97] Finding global include files...
INFO: [USF-XSim-98] Fetching design files from 'sim_1'...
INFO: [USF-XSim-2] XSim::Compile design
INFO: [USF-XSim-61] Executing 'COMPILE' step in 'E:/UV/FPGA/VERIFY/vry_Verilog/vry_Verilog/vry_Verilog.sim/sim_1/behav'
"xvlog -m64 -prj tb_pwm_vlog.prj"
Determining compilation order of HDL files.
INFO: [VRFC 10-2263] Analyzing Verilog file "E:/UV/FPGA/VERIFY/vry_Verilog/design/PWM.v" into library xil_defaultlib
INFO: [VRFC 10-311] analyzing module pwm
INFO: [VRFC 10-2263] Analyzing Verilog file "E:/UV/FPGA/VERIFY/vry_Verilog/sim/tb_pwm.v" into library xil_defaultlib
INFO: [VRFC 10-311] analyzing module tb_pwm
WARNING: [VRFC 10-2019] loop variable declaration is not allowed in this mode of verilog [E:/UV/FPGA/VERIFY/vry_Verilog/sim/tb_pwm.v:24]
INFO: [VRFC 10-2263] Analyzing Verilog file "E:/UV/FPGA/VERIFY/vry_Verilog/vry_Verilog/vry_Verilog.sim/sim_1/behav/glbl.v" into library xil_defaultlib
INFO: [VRFC 10-311] analyzing module glbl
INFO: [USF-XSim-3] XSim::Elaborate design
INFO: [USF-XSim-61] Executing 'ELABORATE' step in 'E:/UV/FPGA/VERIFY/vry_Verilog/vry_Verilog/vry_Verilog.sim/sim_1/behav'
Vivado Simulator 2014.4
Copyright 1986-1999, 2001-2014 Xilinx, Inc. All Rights Reserved.
Running: D:/install/Xilinx/Vivado/2014.4/bin/unwrapped/win64.o/xelab.exe -wto 261fb7fb0d894769838a7690e5abf11a --debug typical --relax -L xil_defaultlib -L unisims_ver -L unimacro_ver -L secureip --snapshot tb_pwm_behav xil_defaultlib.tb_pwm xil_defaultlib.glbl -log elaborate.log 
Multi-threading is on. Using 2 slave threads.
Starting static elaboration
Completed static elaboration
Starting simulation data flow analysis
Completed simulation data flow analysis
Time Resolution for simulation is 1ps
Compiling module xil_defaultlib.pwm
Compiling module xil_defaultlib.tb_pwm
Compiling module xil_defaultlib.glbl
Waiting for 3 sub-compilation(s) to finish...
Built simulation snapshot tb_pwm_behav

****** Webtalk v2014.4 (64-bit)
  **** SW Build 1071353 on Tue Nov 18 18:29:27 MST 2014
  **** IP Build 1070531 on Tue Nov 18 01:10:18 MST 2014
    ** Copyright 1986-2014 Xilinx, Inc. All Rights Reserved.

source E:/UV/FPGA/VERIFY/vry_Verilog/vry_Verilog/vry_Verilog.sim/sim_1/behav/xsim.dir/tb_pwm_behav/webtalk/xsim_webtalk.tcl -notrace

    while executing
"webtalk_transmit -clientid 1469598918 -regid "" -xml E:/UV/FPGA/VERIFY/vry_Verilog/vry_Verilog/vry_Verilog.sim/sim_1/behav/xsim.dir/tb_pwm_behav/webta..."
    (file "E:/UV/FPGA/VERIFY/vry_Verilog/vry_Verilog/vry_Verilog.sim/sim_1/behav/xsim.dir/tb_pwm_behav/webtalk/xsim_webtalk.tcl" line 41)
INFO: [Common 17-206] Exiting Webtalk at Thu Sep 03 18:52:08 2020...
run_program: Time (s): cpu = 00:00:00 ; elapsed = 00:00:07 . Memory (MB): peak = 764.648 ; gain = 0.000
INFO: [USF-XSim-4] XSim::Simulate design
INFO: [USF-XSim-61] Executing 'SIMULATE' step in 'E:/UV/FPGA/VERIFY/vry_Verilog/vry_Verilog/vry_Verilog.sim/sim_1/behav'
INFO: [USF-XSim-98] *** Running xsim
   with args "tb_pwm_behav -key {Behavioral:sim_1:Functional:tb_pwm} -tclbatch {tb_pwm.tcl} -log {simulate.log}"
INFO: [USF-XSim-8] Loading simulator feature
Vivado Simulator 2014.4
Time resolution is 1 ps
open_wave_config {E:/UV/FPGA/VERIFY/vry_Verilog/vry_Verilog\tb_pwm_behav.wcfg}
source tb_pwm.tcl
# set curr_wave [current_wave_config]
# if { [string length $curr_wave] == 0 } {
#   if { [llength [get_objects]] > 0} {
#     add_wave /
#     set_property needs_save false [current_wave_config]
#   } else {
#      send_msg_id Add_Wave-1 WARNING "No top level signals found. Simulator will start without a wave window. If you want to open a wave window go to 'File->New Waveform Configuration' or type 'create_wave_config' in the TCL console."
#   }
# }
# run 1000ns
INFO: [USF-XSim-96] XSim completed. Design snapshot 'tb_pwm_behav' loaded.
INFO: [USF-XSim-97] XSim simulation ran for 1000ns
launch_simulation: Time (s): cpu = 00:00:01 ; elapsed = 00:00:11 . Memory (MB): peak = 767.598 ; gain = 2.949
run 1 ms
run 1 ms
add_wave {{/tb_pwm/sclk}} 
save_wave_config {E:/UV/FPGA/VERIFY/vry_Verilog/vry_Verilog\tb_pwm_behav.wcfg}
INFO: [Simtcl 6-16] Simulation closed
launch_simulation
INFO: [USF-XSim-27] Simulation object is 'sim_1'
INFO: [USF-XSim-37] Inspecting design source files for 'tb_pwm' in fileset 'sim_1'...
INFO: [USF-XSim-97] Finding global include files...
INFO: [USF-XSim-98] Fetching design files from 'sim_1'...
INFO: [USF-XSim-2] XSim::Compile design
INFO: [USF-XSim-61] Executing 'COMPILE' step in 'E:/UV/FPGA/VERIFY/vry_Verilog/vry_Verilog/vry_Verilog.sim/sim_1/behav'
"xvlog -m64 -prj tb_pwm_vlog.prj"
Determining compilation order of HDL files.
INFO: [VRFC 10-2263] Analyzing Verilog file "E:/UV/FPGA/VERIFY/vry_Verilog/design/PWM.v" into library xil_defaultlib
INFO: [VRFC 10-311] analyzing module pwm
INFO: [VRFC 10-2263] Analyzing Verilog file "E:/UV/FPGA/VERIFY/vry_Verilog/sim/tb_pwm.v" into library xil_defaultlib
INFO: [VRFC 10-311] analyzing module tb_pwm
WARNING: [VRFC 10-2019] loop variable declaration is not allowed in this mode of verilog [E:/UV/FPGA/VERIFY/vry_Verilog/sim/tb_pwm.v:24]
INFO: [VRFC 10-2263] Analyzing Verilog file "E:/UV/FPGA/VERIFY/vry_Verilog/vry_Verilog/vry_Verilog.sim/sim_1/behav/glbl.v" into library xil_defaultlib
INFO: [VRFC 10-311] analyzing module glbl
INFO: [USF-XSim-3] XSim::Elaborate design
INFO: [USF-XSim-61] Executing 'ELABORATE' step in 'E:/UV/FPGA/VERIFY/vry_Verilog/vry_Verilog/vry_Verilog.sim/sim_1/behav'
Vivado Simulator 2014.4
Copyright 1986-1999, 2001-2014 Xilinx, Inc. All Rights Reserved.
Running: D:/install/Xilinx/Vivado/2014.4/bin/unwrapped/win64.o/xelab.exe -wto 261fb7fb0d894769838a7690e5abf11a --debug typical --relax -L xil_defaultlib -L unisims_ver -L unimacro_ver -L secureip --snapshot tb_pwm_behav xil_defaultlib.tb_pwm xil_defaultlib.glbl -log elaborate.log 
Multi-threading is on. Using 2 slave threads.
Starting static elaboration
Completed static elaboration
Starting simulation data flow analysis
Completed simulation data flow analysis
Time Resolution for simulation is 1ps
Compiling module xil_defaultlib.pwm
Compiling module xil_defaultlib.tb_pwm
Compiling module xil_defaultlib.glbl
Waiting for 2 sub-compilation(s) to finish...
Built simulation snapshot tb_pwm_behav

****** Webtalk v2014.4 (64-bit)
  **** SW Build 1071353 on Tue Nov 18 18:29:27 MST 2014
  **** IP Build 1070531 on Tue Nov 18 01:10:18 MST 2014
    ** Copyright 1986-2014 Xilinx, Inc. All Rights Reserved.

source E:/UV/FPGA/VERIFY/vry_Verilog/vry_Verilog/vry_Verilog.sim/sim_1/behav/xsim.dir/tb_pwm_behav/webtalk/xsim_webtalk.tcl -notrace

    while executing
"webtalk_transmit -clientid 2663850622 -regid "" -xml E:/UV/FPGA/VERIFY/vry_Verilog/vry_Verilog/vry_Verilog.sim/sim_1/behav/xsim.dir/tb_pwm_behav/webta..."
    (file "E:/UV/FPGA/VERIFY/vry_Verilog/vry_Verilog/vry_Verilog.sim/sim_1/behav/xsim.dir/tb_pwm_behav/webtalk/xsim_webtalk.tcl" line 41)
INFO: [Common 17-206] Exiting Webtalk at Thu Sep 03 19:06:56 2020...
run_program: Time (s): cpu = 00:00:00 ; elapsed = 00:00:06 . Memory (MB): peak = 767.598 ; gain = 0.000
INFO: [USF-XSim-4] XSim::Simulate design
INFO: [USF-XSim-61] Executing 'SIMULATE' step in 'E:/UV/FPGA/VERIFY/vry_Verilog/vry_Verilog/vry_Verilog.sim/sim_1/behav'
INFO: [USF-XSim-98] *** Running xsim
   with args "tb_pwm_behav -key {Behavioral:sim_1:Functional:tb_pwm} -tclbatch {tb_pwm.tcl} -log {simulate.log}"
INFO: [USF-XSim-8] Loading simulator feature
Vivado Simulator 2014.4
Time resolution is 1 ps
open_wave_config {E:/UV/FPGA/VERIFY/vry_Verilog/vry_Verilog\tb_pwm_behav.wcfg}
source tb_pwm.tcl
# set curr_wave [current_wave_config]
# if { [string length $curr_wave] == 0 } {
#   if { [llength [get_objects]] > 0} {
#     add_wave /
#     set_property needs_save false [current_wave_config]
#   } else {
#      send_msg_id Add_Wave-1 WARNING "No top level signals found. Simulator will start without a wave window. If you want to open a wave window go to 'File->New Waveform Configuration' or type 'create_wave_config' in the TCL console."
#   }
# }
# run 1000ns
INFO: [USF-XSim-96] XSim completed. Design snapshot 'tb_pwm_behav' loaded.
INFO: [USF-XSim-97] XSim simulation ran for 1000ns
launch_simulation: Time (s): cpu = 00:00:01 ; elapsed = 00:00:11 . Memory (MB): peak = 767.598 ; gain = 0.000
run 1 ms
close_sim
INFO: [Simtcl 6-16] Simulation closed
exit
INFO: [Common 17-206] Exiting Vivado at Thu Sep 03 19:07:18 2020...
