
*** Running vivado
    with args -log vry_FifoFirstRead.vds -m64 -mode batch -messageDb vivado.pb -source vry_FifoFirstRead.tcl


****** Vivado v2014.4 (64-bit)
  **** SW Build 1071353 on Tue Nov 18 18:29:27 MST 2014
  **** IP Build 1070531 on Tue Nov 18 01:10:18 MST 2014
    ** Copyright 1986-2014 Xilinx, Inc. All Rights Reserved.

source vry_FifoFirstRead.tcl
# set_param gui.test TreeTableDev
# debug::add_scope template.lib 1
# set_msg_config -id {HDL 9-1061} -limit 100000
# set_msg_config -id {HDL 9-1654} -limit 100000
# set_msg_config -id {HDL-1065} -limit 10000
# create_project -in_memory -part xc7z020clg400-2
# set_param project.compositeFile.enableAutoGeneration 0
# set_param synth.vivado.isSynthRun true
# set_msg_config -id {IP_Flow 19-2162} -severity warning -new_severity info
# set_property webtalk.parent_dir E:/UV/FPGA/VERIFY/vry_FifoFirstRead/vry_FifoFirstRead/vry_FifoFirstRead.cache/wt [current_project]
# set_property parent.project_path E:/UV/FPGA/VERIFY/vry_FifoFirstRead/vry_FifoFirstRead/vry_FifoFirstRead.xpr [current_project]
# set_property default_lib xil_defaultlib [current_project]
# set_property target_language Verilog [current_project]
# set_property ip_repo_paths E:/uv/fpga/verify/vry_fifofirstread/vry_fifofirstread/packageip_vry_fifofirstread [current_project]
# read_ip E:/UV/FPGA/VERIFY/vry_FifoFirstRead/vry_FifoFirstRead/vry_FifoFirstRead.srcs/sources_1/ip/fifo_FWFT/fifo_FWFT.xci
INFO: [IP_Flow 19-234] Refreshing IP repositories
INFO: [IP_Flow 19-1700] Loaded user IP repository 'e:/uv/fpga/verify/vry_fifofirstread/vry_fifofirstread/packageip_vry_fifofirstread'.
INFO: [IP_Flow 19-2313] Loaded Vivado IP repository 'D:/install/Xilinx/Vivado/2014.4/data/ip'.
# set_property used_in_implementation false [get_files -all e:/UV/FPGA/VERIFY/vry_FifoFirstRead/vry_FifoFirstRead/vry_FifoFirstRead.srcs/sources_1/ip/fifo_FWFT/fifo_FWFT/fifo_FWFT.xdc]
# set_property used_in_implementation false [get_files -all e:/UV/FPGA/VERIFY/vry_FifoFirstRead/vry_FifoFirstRead/vry_FifoFirstRead.srcs/sources_1/ip/fifo_FWFT/fifo_FWFT_ooc.xdc]
# set_property used_in_implementation false [get_files -all e:/UV/FPGA/VERIFY/vry_FifoFirstRead/vry_FifoFirstRead/vry_FifoFirstRead.srcs/sources_1/ip/fifo_FWFT/fifo_FWFT.dcp]
# set_property is_locked true [get_files E:/UV/FPGA/VERIFY/vry_FifoFirstRead/vry_FifoFirstRead/vry_FifoFirstRead.srcs/sources_1/ip/fifo_FWFT/fifo_FWFT.xci]
# read_ip E:/UV/FPGA/VERIFY/vry_FifoFirstRead/vry_FifoFirstRead/vry_FifoFirstRead.srcs/sources_1/ip/fifo_standard/fifo_standard.xci
# set_property used_in_implementation false [get_files -all e:/UV/FPGA/VERIFY/vry_FifoFirstRead/vry_FifoFirstRead/vry_FifoFirstRead.srcs/sources_1/ip/fifo_standard/fifo_standard/fifo_standard.xdc]
# set_property used_in_implementation false [get_files -all e:/UV/FPGA/VERIFY/vry_FifoFirstRead/vry_FifoFirstRead/vry_FifoFirstRead.srcs/sources_1/ip/fifo_standard/fifo_standard_ooc.xdc]
# set_property used_in_implementation false [get_files -all e:/UV/FPGA/VERIFY/vry_FifoFirstRead/vry_FifoFirstRead/vry_FifoFirstRead.srcs/sources_1/ip/fifo_standard/fifo_standard.dcp]
# set_property is_locked true [get_files E:/UV/FPGA/VERIFY/vry_FifoFirstRead/vry_FifoFirstRead/vry_FifoFirstRead.srcs/sources_1/ip/fifo_standard/fifo_standard.xci]
# read_verilog -library xil_defaultlib E:/UV/FPGA/VERIFY/vry_FifoFirstRead/vry_FifoFirstRead/vry_FifoFirstRead.srcs/sources_1/imports/new/vry_FifoFirstRead.v
# read_xdc dont_touch.xdc
# set_property used_in_implementation false [get_files dont_touch.xdc]
# catch { write_hwdef -file vry_FifoFirstRead.hwdef }
INFO: [Vivado_Tcl 4-279] hardware handoff file cannot be generated as there is no block diagram instance in the design
# synth_design -top vry_FifoFirstRead -part xc7z020clg400-2
Command: synth_design -top vry_FifoFirstRead -part xc7z020clg400-2
Starting synth_design
Attempting to get a license for feature 'Synthesis' and/or device 'xc7z020'
INFO: [Common 17-349] Got license for feature 'Synthesis' and/or device 'xc7z020'
INFO: [Common 17-1223] The version limit for your license is '2015.06' and will expire in -1854 days. A version limit expiration means that, although you may be able to continue to use the current version of tools or IP with this license, you will not be eligible for any updates or new releases.
---------------------------------------------------------------------------------
Starting RTL Elaboration : Time (s): cpu = 00:00:04 ; elapsed = 00:00:06 . Memory (MB): peak = 252.102 ; gain = 93.086
---------------------------------------------------------------------------------
INFO: [Synth 8-638] synthesizing module 'vry_FifoFirstRead' [E:/UV/FPGA/VERIFY/vry_FifoFirstRead/vry_FifoFirstRead/vry_FifoFirstRead.srcs/sources_1/imports/new/vry_FifoFirstRead.v:23]
INFO: [Synth 8-638] synthesizing module 'fifo_FWFT' [E:/UV/FPGA/VERIFY/vry_FifoFirstRead/vry_FifoFirstRead/vry_FifoFirstRead.runs/synth_1/.Xil/Vivado-15760-DESKTOP-HKSH0O8/realtime/fifo_FWFT_stub.v:7]
INFO: [Synth 8-256] done synthesizing module 'fifo_FWFT' (1#1) [E:/UV/FPGA/VERIFY/vry_FifoFirstRead/vry_FifoFirstRead/vry_FifoFirstRead.runs/synth_1/.Xil/Vivado-15760-DESKTOP-HKSH0O8/realtime/fifo_FWFT_stub.v:7]
INFO: [Synth 8-638] synthesizing module 'fifo_standard' [E:/UV/FPGA/VERIFY/vry_FifoFirstRead/vry_FifoFirstRead/vry_FifoFirstRead.runs/synth_1/.Xil/Vivado-15760-DESKTOP-HKSH0O8/realtime/fifo_standard_stub.v:7]
INFO: [Synth 8-256] done synthesizing module 'fifo_standard' (2#1) [E:/UV/FPGA/VERIFY/vry_FifoFirstRead/vry_FifoFirstRead/vry_FifoFirstRead.runs/synth_1/.Xil/Vivado-15760-DESKTOP-HKSH0O8/realtime/fifo_standard_stub.v:7]
WARNING: [Synth 8-3848] Net din in module/entity vry_FifoFirstRead does not have driver. [E:/UV/FPGA/VERIFY/vry_FifoFirstRead/vry_FifoFirstRead/vry_FifoFirstRead.srcs/sources_1/imports/new/vry_FifoFirstRead.v:28]
WARNING: [Synth 8-3848] Net wr_en in module/entity vry_FifoFirstRead does not have driver. [E:/UV/FPGA/VERIFY/vry_FifoFirstRead/vry_FifoFirstRead/vry_FifoFirstRead.srcs/sources_1/imports/new/vry_FifoFirstRead.v:29]
WARNING: [Synth 8-3848] Net rd_en in module/entity vry_FifoFirstRead does not have driver. [E:/UV/FPGA/VERIFY/vry_FifoFirstRead/vry_FifoFirstRead/vry_FifoFirstRead.srcs/sources_1/imports/new/vry_FifoFirstRead.v:30]
INFO: [Synth 8-256] done synthesizing module 'vry_FifoFirstRead' (3#1) [E:/UV/FPGA/VERIFY/vry_FifoFirstRead/vry_FifoFirstRead/vry_FifoFirstRead.srcs/sources_1/imports/new/vry_FifoFirstRead.v:23]
---------------------------------------------------------------------------------
Finished RTL Elaboration : Time (s): cpu = 00:00:05 ; elapsed = 00:00:07 . Memory (MB): peak = 286.289 ; gain = 127.273
---------------------------------------------------------------------------------

Report Check Netlist: 
+------+------------------+-------+---------+-------+------------------+
|      |Item              |Errors |Warnings |Status |Description       |
+------+------------------+-------+---------+-------+------------------+
|1     |multi_driven_nets |      0|        0|Passed |Multi driven nets |
+------+------------------+-------+---------+-------+------------------+
---------------------------------------------------------------------------------
Finished RTL Optimization Phase 1 : Time (s): cpu = 00:00:05 ; elapsed = 00:00:07 . Memory (MB): peak = 286.289 ; gain = 127.273
---------------------------------------------------------------------------------
Loading clock regions from D:/install/Xilinx/Vivado/2014.4/data\parts/xilinx/zynq/zynq/xc7z020/ClockRegion.xml
Loading clock buffers from D:/install/Xilinx/Vivado/2014.4/data\parts/xilinx/zynq/zynq/xc7z020/ClockBuffers.xml
Loading clock placement rules from D:/install/Xilinx/Vivado/2014.4/data/parts/xilinx/zynq/ClockPlacerRules.xml
Loading package pin functions from D:/install/Xilinx/Vivado/2014.4/data\parts/xilinx/zynq/PinFunctions.xml...
Loading package from D:/install/Xilinx/Vivado/2014.4/data\parts/xilinx/zynq/zynq/xc7z020/clg400/Package.xml
Loading io standards from D:/install/Xilinx/Vivado/2014.4/data\./parts/xilinx/zynq/IOStandards.xml
INFO: [Project 1-570] Preparing netlist for logic optimization

Processing XDC Constraints
Initializing timing engine
Parsing XDC File [E:/UV/FPGA/VERIFY/vry_FifoFirstRead/vry_FifoFirstRead/vry_FifoFirstRead.runs/synth_1/dont_touch.xdc]
Finished Parsing XDC File [E:/UV/FPGA/VERIFY/vry_FifoFirstRead/vry_FifoFirstRead/vry_FifoFirstRead.runs/synth_1/dont_touch.xdc]
Completed Processing XDC Constraints

INFO: [Project 1-111] Unisim Transformation Summary:
No Unisim elements were transformed.

Constraint Validation Runtime : Time (s): cpu = 00:00:00 ; elapsed = 00:00:00.002 . Memory (MB): peak = 527.129 ; gain = 0.000
---------------------------------------------------------------------------------
Finished Constraint Validation : Time (s): cpu = 00:00:12 ; elapsed = 00:00:14 . Memory (MB): peak = 527.129 ; gain = 368.113
---------------------------------------------------------------------------------
---------------------------------------------------------------------------------
Start Loading Part and Timing Information
---------------------------------------------------------------------------------
Loading part: xc7z020clg400-2
---------------------------------------------------------------------------------
Finished Loading Part and Timing Information : Time (s): cpu = 00:00:12 ; elapsed = 00:00:14 . Memory (MB): peak = 527.129 ; gain = 368.113
---------------------------------------------------------------------------------
---------------------------------------------------------------------------------
Start Applying 'set_property' XDC Constraints
---------------------------------------------------------------------------------
Applied set_property DONT_TOUCH = true for fifo_FWFT_inst. (constraint file  E:/UV/FPGA/VERIFY/vry_FifoFirstRead/vry_FifoFirstRead/vry_FifoFirstRead.runs/synth_1/dont_touch.xdc, line 5).
Applied set_property DONT_TOUCH = true for fifo_standard_inst. (constraint file  E:/UV/FPGA/VERIFY/vry_FifoFirstRead/vry_FifoFirstRead/vry_FifoFirstRead.runs/synth_1/dont_touch.xdc, line 8).
---------------------------------------------------------------------------------
Finished applying 'set_property' XDC Constraints : Time (s): cpu = 00:00:12 ; elapsed = 00:00:14 . Memory (MB): peak = 527.129 ; gain = 368.113
---------------------------------------------------------------------------------
WARNING: [Synth 8-3848] Net din in module/entity vry_FifoFirstRead does not have driver. [E:/UV/FPGA/VERIFY/vry_FifoFirstRead/vry_FifoFirstRead/vry_FifoFirstRead.srcs/sources_1/imports/new/vry_FifoFirstRead.v:28]
WARNING: [Synth 8-3848] Net wr_en in module/entity vry_FifoFirstRead does not have driver. [E:/UV/FPGA/VERIFY/vry_FifoFirstRead/vry_FifoFirstRead/vry_FifoFirstRead.srcs/sources_1/imports/new/vry_FifoFirstRead.v:29]
WARNING: [Synth 8-3848] Net rd_en in module/entity vry_FifoFirstRead does not have driver. [E:/UV/FPGA/VERIFY/vry_FifoFirstRead/vry_FifoFirstRead/vry_FifoFirstRead.srcs/sources_1/imports/new/vry_FifoFirstRead.v:30]
---------------------------------------------------------------------------------
Finished RTL Optimization Phase 2 : Time (s): cpu = 00:00:12 ; elapsed = 00:00:14 . Memory (MB): peak = 527.129 ; gain = 368.113
---------------------------------------------------------------------------------

Report RTL Partitions: 
+-+--------------+------------+----------+
| |RTL Partition |Replication |Instances |
+-+--------------+------------+----------+
+-+--------------+------------+----------+
---------------------------------------------------------------------------------
Start RTL Component Statistics 
---------------------------------------------------------------------------------
Detailed RTL Component Info : 
---------------------------------------------------------------------------------
Finished RTL Component Statistics 
---------------------------------------------------------------------------------
---------------------------------------------------------------------------------
Start RTL Hierarchical Component Statistics 
---------------------------------------------------------------------------------
Hierarchical RTL Component report 
Module vry_FifoFirstRead 
Detailed RTL Component Info : 
---------------------------------------------------------------------------------
Finished RTL Hierarchical Component Statistics
---------------------------------------------------------------------------------
---------------------------------------------------------------------------------
Start Part Resource Summary
---------------------------------------------------------------------------------
Part Resources:
DSPs: 220 (col length:60)
BRAMs: 280 (col length: RAMB18 60 RAMB36 30)
---------------------------------------------------------------------------------
Finished Part Resource Summary
---------------------------------------------------------------------------------
Start Parallel Synthesis Optimization  : Time (s): cpu = 00:00:12 ; elapsed = 00:00:14 . Memory (MB): peak = 527.129 ; gain = 368.113
---------------------------------------------------------------------------------
Start Cross Boundary Optimization
---------------------------------------------------------------------------------
---------------------------------------------------------------------------------
Finished Cross Boundary Optimization : Time (s): cpu = 00:00:12 ; elapsed = 00:00:14 . Memory (MB): peak = 527.129 ; gain = 368.113
---------------------------------------------------------------------------------
Finished Parallel Reinference  : Time (s): cpu = 00:00:12 ; elapsed = 00:00:14 . Memory (MB): peak = 527.129 ; gain = 368.113

Report RTL Partitions: 
+-+--------------+------------+----------+
| |RTL Partition |Replication |Instances |
+-+--------------+------------+----------+
+-+--------------+------------+----------+
---------------------------------------------------------------------------------
Start RAM, DSP and Shift Register Reporting
---------------------------------------------------------------------------------
---------------------------------------------------------------------------------
Finished RAM, DSP and Shift Register Reporting
---------------------------------------------------------------------------------
---------------------------------------------------------------------------------
Start Area Optimization
---------------------------------------------------------------------------------
---------------------------------------------------------------------------------
Finished Area Optimization : Time (s): cpu = 00:00:12 ; elapsed = 00:00:14 . Memory (MB): peak = 527.129 ; gain = 368.113
---------------------------------------------------------------------------------
---------------------------------------------------------------------------------
Finished Area Optimization : Time (s): cpu = 00:00:12 ; elapsed = 00:00:14 . Memory (MB): peak = 527.129 ; gain = 368.113
---------------------------------------------------------------------------------
Finished Parallel Area Optimization  : Time (s): cpu = 00:00:12 ; elapsed = 00:00:14 . Memory (MB): peak = 527.129 ; gain = 368.113

Report RTL Partitions: 
+-+--------------+------------+----------+
| |RTL Partition |Replication |Instances |
+-+--------------+------------+----------+
+-+--------------+------------+----------+
Finished Parallel Synthesis Optimization  : Time (s): cpu = 00:00:12 ; elapsed = 00:00:14 . Memory (MB): peak = 527.129 ; gain = 368.113
---------------------------------------------------------------------------------
Start Timing Optimization
---------------------------------------------------------------------------------
---------------------------------------------------------------------------------
Start Applying XDC Timing Constraints
---------------------------------------------------------------------------------
---------------------------------------------------------------------------------
Finished Applying XDC Timing Constraints : Time (s): cpu = 00:00:23 ; elapsed = 00:00:25 . Memory (MB): peak = 577.711 ; gain = 418.695
---------------------------------------------------------------------------------
---------------------------------------------------------------------------------
Finished Timing Optimization : Time (s): cpu = 00:00:23 ; elapsed = 00:00:25 . Memory (MB): peak = 577.711 ; gain = 418.695
---------------------------------------------------------------------------------

Report RTL Partitions: 
+-+--------------+------------+----------+
| |RTL Partition |Replication |Instances |
+-+--------------+------------+----------+
+-+--------------+------------+----------+
---------------------------------------------------------------------------------
Start Technology Mapping
---------------------------------------------------------------------------------
---------------------------------------------------------------------------------
Finished Technology Mapping : Time (s): cpu = 00:00:23 ; elapsed = 00:00:25 . Memory (MB): peak = 586.738 ; gain = 427.723
---------------------------------------------------------------------------------

Report RTL Partitions: 
+-+--------------+------------+----------+
| |RTL Partition |Replication |Instances |
+-+--------------+------------+----------+
+-+--------------+------------+----------+
---------------------------------------------------------------------------------
Start IO Insertion
---------------------------------------------------------------------------------
---------------------------------------------------------------------------------
Start Flattening Before IO Insertion
---------------------------------------------------------------------------------
---------------------------------------------------------------------------------
Finished Flattening Before IO Insertion
---------------------------------------------------------------------------------
---------------------------------------------------------------------------------
Start Final Netlist Cleanup
---------------------------------------------------------------------------------
---------------------------------------------------------------------------------
Finished Final Netlist Cleanup
---------------------------------------------------------------------------------
---------------------------------------------------------------------------------
Finished IO Insertion : Time (s): cpu = 00:00:23 ; elapsed = 00:00:25 . Memory (MB): peak = 586.738 ; gain = 427.723
---------------------------------------------------------------------------------

Report Check Netlist: 
+------+------------------+-------+---------+-------+------------------+
|      |Item              |Errors |Warnings |Status |Description       |
+------+------------------+-------+---------+-------+------------------+
|1     |multi_driven_nets |      0|        0|Passed |Multi driven nets |
+------+------------------+-------+---------+-------+------------------+
---------------------------------------------------------------------------------
Start Renaming Generated Instances
---------------------------------------------------------------------------------
---------------------------------------------------------------------------------
Finished Renaming Generated Instances : Time (s): cpu = 00:00:23 ; elapsed = 00:00:25 . Memory (MB): peak = 586.738 ; gain = 427.723
---------------------------------------------------------------------------------

Report RTL Partitions: 
+-+--------------+------------+----------+
| |RTL Partition |Replication |Instances |
+-+--------------+------------+----------+
+-+--------------+------------+----------+
---------------------------------------------------------------------------------
Start Rebuilding User Hierarchy
---------------------------------------------------------------------------------
---------------------------------------------------------------------------------
Finished Rebuilding User Hierarchy : Time (s): cpu = 00:00:23 ; elapsed = 00:00:25 . Memory (MB): peak = 586.738 ; gain = 427.723
---------------------------------------------------------------------------------
---------------------------------------------------------------------------------
Start RAM, DSP and Shift Register Reporting
---------------------------------------------------------------------------------
---------------------------------------------------------------------------------
Finished RAM, DSP and Shift Register Reporting
---------------------------------------------------------------------------------
---------------------------------------------------------------------------------
Start Writing Synthesis Report
---------------------------------------------------------------------------------

Report BlackBoxes: 
+------+--------------+----------+
|      |BlackBox name |Instances |
+------+--------------+----------+
|1     |fifo_FWFT     |         1|
|2     |fifo_standard |         1|
+------+--------------+----------+

Report Cell Usage: 
+------+--------------+------+
|      |Cell          |Count |
+------+--------------+------+
|1     |fifo_FWFT     |     1|
|2     |fifo_standard |     1|
|3     |LUT1          |     1|
|4     |IBUF          |     2|
+------+--------------+------+

Report Instance Areas: 
+------+---------+-------+------+
|      |Instance |Module |Cells |
+------+---------+-------+------+
|1     |top      |       |   135|
+------+---------+-------+------+
---------------------------------------------------------------------------------
Finished Writing Synthesis Report : Time (s): cpu = 00:00:23 ; elapsed = 00:00:25 . Memory (MB): peak = 586.738 ; gain = 427.723
---------------------------------------------------------------------------------
Synthesis finished with 0 errors, 0 critical warnings and 3 warnings.
Synthesis Optimization Runtime : Time (s): cpu = 00:00:00 ; elapsed = 00:00:17 . Memory (MB): peak = 586.738 ; gain = 135.434
Synthesis Optimization Complete : Time (s): cpu = 00:00:23 ; elapsed = 00:00:25 . Memory (MB): peak = 586.738 ; gain = 427.723
INFO: [Project 1-571] Translating synthesized netlist
INFO: [Netlist 29-17] Analyzing 2 Unisim elements for replacement
INFO: [Netlist 29-28] Unisim Transformation completed in 0 CPU seconds
INFO: [Project 1-570] Preparing netlist for logic optimization
INFO: [Opt 31-140] Inserted 0 IBUFs to IO ports without IO buffers.
INFO: [Opt 31-141] Inserted 0 OBUFs to IO ports without IO buffers.
INFO: [Opt 31-138] Pushed 0 inverter(s) to 0 load pin(s).
INFO: [Project 1-111] Unisim Transformation Summary:
No Unisim elements were transformed.

INFO: [Common 17-83] Releasing license: Synthesis
19 Infos, 6 Warnings, 0 Critical Warnings and 0 Errors encountered.
synth_design completed successfully
synth_design: Time (s): cpu = 00:00:22 ; elapsed = 00:00:23 . Memory (MB): peak = 592.527 ; gain = 390.680
# write_checkpoint -noxdef vry_FifoFirstRead.dcp
# catch { report_utilization -file vry_FifoFirstRead_utilization_synth.rpt -pb vry_FifoFirstRead_utilization_synth.pb }
report_utilization: Time (s): cpu = 00:00:00 ; elapsed = 00:00:00.025 . Memory (MB): peak = 592.527 ; gain = 0.000
INFO: [Common 17-206] Exiting Vivado at Mon Jul 27 11:42:17 2020...
