#
# A fatal error has been detected by the Java Runtime Environment:
#
#  EXCEPTION_ACCESS_VIOLATION (0xc0000005) at pc=0x00007ffc4c99f88b, pid=10540, tid=5968
#
# JRE version: Java(TM) SE Runtime Environment (8.0_05-b13) (build 1.8.0_05-b13)
# Java VM: Java HotSpot(TM) 64-Bit Server VM (25.5-b02 mixed mode windows-amd64 compressed oops)
# Problematic frame:
# C  0x00007ffc4c99f88b
#
# Failed to write core dump. Minidumps are not enabled by default on client versions of Windows
#
# If you would like to submit a bug report, please visit:
#   http://bugreport.sun.com/bugreport/crash.jsp
# The crash happened outside the Java Virtual Machine in native code.
# See problematic frame for where to report the bug.
#

---------------  T H R E A D  ---------------

Current thread (0x0000026530c97000):  JavaThread "AWT-EventQueue-1" [_thread_in_native, id=5968, stack(0x000000ce25b00000,0x000000ce26000000)]

siginfo: ExceptionCode=0xc0000005, reading address 0x00000000000005dd

Registers:
RAX=0x00007ffc4cb0b180, RBX=0x00000000000005ad, RCX=0x00000000000005ad, RDX=0x0000000000000001
RSP=0x000000ce25ffc6e0, RBP=0x000000ce25ffcbc0, RSI=0x00000000000005ad, RDI=0x000002655efc9ca0
R8 =0x000000000a92f048, R9 =0x000000ce25ffc820, R10=0x0000026556e2bc10, R11=0x000002654d084440
R12=0x0000000000000000, R13=0x000002655aafb930, R14=0x000000ce25ffcbf0, R15=0x0000026530c97000
RIP=0x00007ffc4c99f88b, EFLAGS=0x0000000000010202

Top of Stack: (sp=0x000000ce25ffc6e0)
0x000000ce25ffc6e0:   0000026548b60020 000000000a9178e1
0x000000ce25ffc6f0:   000002655efc9b80 000000000a904cf0
0x000000ce25ffc700:   fffffffffffffffe 000000ce25ffc728
0x000000ce25ffc710:   000002655e6988b0 00007ffc4c98de69
0x000000ce25ffc720:   00000000000005ad 000000000a917bb3
0x000000ce25ffc730:   000002655efc9b80 000000000a904cf0
0x000000ce25ffc740:   fffffffffffffffe 000000ce25ffc768
0x000000ce25ffc750:   000002655efc9ca0 00007ffc4c98e374
0x000000ce25ffc760:   000002655efc9ca0 0000000000000001
0x000000ce25ffc770:   000002655efc9b40 000000000a92f048
0x000000ce25ffc780:   000002655e6978e0 00007ffc4c98c2c6
0x000000ce25ffc790:   000002655e6978e0 000000000a92f048
0x000000ce25ffc7a0:   0000796c00000001 000000000a904cf0
0x000000ce25ffc7b0:   000002655e692f60 00007ffc4c98c45b
0x000000ce25ffc7c0:   000002655efc9b40 0000000000000001
0x000000ce25ffc7d0:   0000026558f57c20 000000000a904cf0 

Instructions: (pc=0x00007ffc4c99f88b)
0x00007ffc4c99f86b:   cc cc cc cc cc 48 89 4c 24 08 53 48 83 ec 30 48
0x00007ffc4c99f87b:   c7 44 24 20 fe ff ff ff 48 8b d9 e8 45 0a 00 00
0x00007ffc4c99f88b:   48 8b 4b 30 e8 60 43 0c 00 90 48 83 7b 20 10 72
0x00007ffc4c99f89b:   09 48 8b 4b 08 e8 4f 43 0c 00 48 c7 43 20 0f 00 


Register to memory mapping:

RAX=0x00007ffc4cb0b180 is an unknown value
RBX=0x00000000000005ad is an unknown value
RCX=0x00000000000005ad is an unknown value
RDX=0x0000000000000001 is an unknown value
RSP=0x000000ce25ffc6e0 is pointing into the stack for thread: 0x0000026530c97000
RBP=0x000000ce25ffcbc0 is pointing into the stack for thread: 0x0000026530c97000
RSI=0x00000000000005ad is an unknown value
RDI=0x000002655efc9ca0 is an unknown value
R8 =0x000000000a92f048 is an unknown value
R9 =0x000000ce25ffc820 is pointing into the stack for thread: 0x0000026530c97000
R10=0x0000026556e2bc10 is an unknown value
R11=0x000002654d084440 is an unknown value
R12=0x0000000000000000 is an unknown value
R13=0x000002655aafb930 is an unknown value
R14=0x000000ce25ffcbf0 is pointing into the stack for thread: 0x0000026530c97000
R15=0x0000026530c97000 is a thread


Stack: [0x000000ce25b00000,0x000000ce26000000],  sp=0x000000ce25ffc6e0,  free space=5105k
Native frames: (J=compiled Java code, j=interpreted, Vv=VM code, C=native code)
C  0x00007ffc4c99f88b
C  0x00007ffc4c98de69
C  0x00007ffc4c98e374
C  0x00007ffc4c98c2c6
C  0x00007ffc4c98c45b
C  0x00007ffc4c98c676
C  0x00007ffc4c98c2c6
C  0x00007ffc4c98c4fa
C  0x00007ffc4c98c4b6
C  0x00007ffc4c9180eb
C  0x00007ffc4c919d74
C  0x00007ffc4c9197d3
C  0x00007ffc4c928463
C  0x00007ffc4c9ddd8d
C  0x00007ffc4ca03bc5
C  0x0000026530e06295

Java frames: (J=compiled Java code, j=interpreted, Vv=VM code)
j  ui.views.waveform.waveformi.WVExecutive_closeWcfg(JZ)V+0
j  ui.views.waveform.e.a.qF(Z)V+32
j  ui.views.waveform.u.cleanup()V+26
j  ui.views.M.a.i(Lui/views/aG;)V+9
j  ui.views.M.O.a(Lui/views/M/O;Lui/views/aG;)V+2
j  ui.views.M.O.i(Lui/views/aG;)V+22
j  ui.views.M.B.documentComponentClosed(Lcom/jidesoft/document/DocumentComponentEvent;)V+28
j  com.jidesoft.document.DocumentComponent.a(I)V+570
j  com.jidesoft.document.DocumentPane.a(Lcom/jidesoft/document/IDocumentGroup;ILjava/lang/String;Ljava/awt/Component;Lcom/jidesoft/document/DocumentComponent;Z)V+65
j  com.jidesoft.document.DocumentPane.a(Ljava/lang/String;ZZ)V+161
j  com.jidesoft.document.DocumentPane.a(Ljava/lang/String;Z)V+13
j  com.jidesoft.document.DocumentPane.closeDocument(Ljava/lang/String;)V+3
j  ui.views.M.a.J(Lui/views/aG;)V+120
j  ui.views.M.a.cn()V+35
j  ui.views.b.q.b.a.run()V+181
j  ui.frmwork.c.dgQ()Z+79
j  ui.frmwork.B.dhV()V+21
j  ui.aW.actionPerformed(Ljava/awt/event/ActionEvent;)V+25
j  javax.swing.AbstractButton.fireActionPerformed(Ljava/awt/event/ActionEvent;)V+83
j  ui.g.i.b.v.fireActionPerformed(Ljava/awt/event/ActionEvent;)V+7
j  javax.swing.AbstractButton$Handler.actionPerformed(Ljava/awt/event/ActionEvent;)V+5
j  javax.swing.DefaultButtonModel.fireActionPerformed(Ljava/awt/event/ActionEvent;)V+34
J 21812 C1 javax.swing.DefaultButtonModel.setPressed(Z)V (125 bytes) @ 0x00000265348eb1f4 [0x00000265348ea460+0xd94]
j  javax.swing.plaf.basic.BasicButtonListener.mouseReleased(Ljava/awt/event/MouseEvent;)V+35
j  com.jidesoft.plaf.basic.BasicJideButtonListener.mouseReleased(Ljava/awt/event/MouseEvent;)V+61
J 15414 C1 java.awt.AWTEventMulticaster.mouseReleased(Ljava/awt/event/MouseEvent;)V (27 bytes) @ 0x0000026532069274 [0x0000026532069060+0x214]
J 15414 C1 java.awt.AWTEventMulticaster.mouseReleased(Ljava/awt/event/MouseEvent;)V (27 bytes) @ 0x0000026532069274 [0x0000026532069060+0x214]
J 15414 C1 java.awt.AWTEventMulticaster.mouseReleased(Ljava/awt/event/MouseEvent;)V (27 bytes) @ 0x0000026532069274 [0x0000026532069060+0x214]
J 15414 C1 java.awt.AWTEventMulticaster.mouseReleased(Ljava/awt/event/MouseEvent;)V (27 bytes) @ 0x0000026532069274 [0x0000026532069060+0x214]
J 20053 C2 javax.swing.JComponent.processMouseEvent(Ljava/awt/event/MouseEvent;)V (27 bytes) @ 0x0000026534137424 [0x00000265341372e0+0x144]
J 14003 C2 java.awt.Container.processEvent(Ljava/awt/AWTEvent;)V (22 bytes) @ 0x000002653246b834 [0x000002653246b6c0+0x174]
J 21390 C2 java.awt.Component.dispatchEventImpl(Ljava/awt/AWTEvent;)V (883 bytes) @ 0x00000265329e15bc [0x00000265329e04c0+0x10fc]
J 21583 C2 java.awt.Container.dispatchEventImpl(Ljava/awt/AWTEvent;)V (129 bytes) @ 0x0000026533abb4c4 [0x0000026533abb460+0x64]
J 16229 C2 java.awt.LightweightDispatcher.retargetMouseEvent(Ljava/awt/Component;ILjava/awt/event/MouseEvent;)V (350 bytes) @ 0x0000026533b620e0 [0x0000026533b61b20+0x5c0]
J 12327 C2 java.awt.LightweightDispatcher.processMouseEvent(Ljava/awt/event/MouseEvent;)Z (301 bytes) @ 0x0000026531ad231c [0x0000026531ad20a0+0x27c]
J 21583 C2 java.awt.Container.dispatchEventImpl(Ljava/awt/AWTEvent;)V (129 bytes) @ 0x0000026533abb90c [0x0000026533abb460+0x4ac]
J 12291 C2 java.awt.Window.dispatchEventImpl(Ljava/awt/AWTEvent;)V (23 bytes) @ 0x0000026532e711cc [0x0000026532e71180+0x4c]
J 8501 C2 java.awt.EventQueue$3.run()Ljava/lang/Object; (5 bytes) @ 0x0000026532842cc4 [0x0000026532842720+0x5a4]
v  ~StubRoutines::call_stub
J 1646  java.security.AccessController.doPrivileged(Ljava/security/PrivilegedAction;Ljava/security/AccessControlContext;)Ljava/lang/Object; (0 bytes) @ 0x000002653137c866 [0x000002653137c800+0x66]
J 11621 C2 java.awt.EventQueue$4.run()Ljava/lang/Object; (5 bytes) @ 0x00000265330f88bc [0x00000265330f87a0+0x11c]
v  ~StubRoutines::call_stub
J 1646  java.security.AccessController.doPrivileged(Ljava/security/PrivilegedAction;Ljava/security/AccessControlContext;)Ljava/lang/Object; (0 bytes) @ 0x000002653137c866 [0x000002653137c800+0x66]
J 8624 C2 ui.frmwork.a.e.dispatchEvent(Ljava/awt/AWTEvent;)V (30 bytes) @ 0x000002653291af48 [0x000002653291ab20+0x428]
J 12441 C2 java.awt.EventDispatchThread.pumpOneEventForFilters(I)V (295 bytes) @ 0x0000026532699598 [0x00000265326992e0+0x2b8]
J 15768% C2 java.awt.EventDispatchThread.pumpEventsForFilter(ILjava/awt/Conditional;Ljava/awt/EventFilter;)V (47 bytes) @ 0x0000026531357d40 [0x0000026531357c00+0x140]
j  java.awt.EventDispatchThread.pumpEventsForHierarchy(ILjava/awt/Conditional;Ljava/awt/Component;)V+11
j  java.awt.EventDispatchThread.pumpEvents(ILjava/awt/Conditional;)V+4
j  java.awt.EventDispatchThread.pumpEvents(Ljava/awt/Conditional;)V+3
j  java.awt.EventDispatchThread.run()V+9
v  ~StubRoutines::call_stub

---------------  P R O C E S S  ---------------

Java Threads: ( => current thread )
  0x000002655d357000 JavaThread "Image Fetcher 0" daemon [_thread_blocked, id=3796, stack(0x000000ce23d00000,0x000000ce24200000)]
  0x0000026555bf7800 JavaThread "Monitor File Timestamp" [_thread_blocked, id=10192, stack(0x000000ce29e00000,0x000000ce2a300000)]
  0x0000026554df7800 JavaThread "Monitor File Timestamp" [_thread_blocked, id=13392, stack(0x000000ce29900000,0x000000ce29e00000)]
  0x0000026554df6800 JavaThread "Monitor File Timestamp" [_thread_blocked, id=1536, stack(0x000000ce29400000,0x000000ce29900000)]
  0x000002654b8fd800 JavaThread "hw_ila_monitor" [_thread_blocked, id=14652, stack(0x000000ce28f00000,0x000000ce29400000)]
  0x00000265537d7800 JavaThread "Update Runs" [_thread_blocked, id=12012, stack(0x000000ce28a00000,0x000000ce28f00000)]
  0x000002654aa0d800 JavaThread "Refresh Filesets" [_thread_blocked, id=18016, stack(0x000000ce27400000,0x000000ce27900000)]
  0x000002652e631800 JavaThread "Swing-Shell" daemon [_thread_blocked, id=15028, stack(0x000000ce27900000,0x000000ce27e00000)]
  0x000002654bd17800 JavaThread "Monitor File Timestamp" [_thread_blocked, id=18072, stack(0x000000ce26f00000,0x000000ce27400000)]
=>0x0000026530c97000 JavaThread "AWT-EventQueue-1" [_thread_in_native, id=5968, stack(0x000000ce25b00000,0x000000ce26000000)]
  0x0000026530c9b000 JavaThread "Process Messages" [_thread_blocked, id=14000, stack(0x000000ce25600000,0x000000ce25b00000)]
  0x00000265304a2800 JavaThread "Thread-3" [_thread_in_native, id=4280, stack(0x000000ce1fa00000,0x000000ce20e00000)]
  0x0000026548f2d800 JavaThread "AWT-EventQueue-0" [_thread_blocked, id=1784, stack(0x000000ce25100000,0x000000ce25600000)]
  0x0000026548a16800 JavaThread "AWT-Windows" daemon [_thread_in_native, id=15840, stack(0x000000ce24c00000,0x000000ce25100000)]
  0x0000026548a11000 JavaThread "AWT-Shutdown" [_thread_blocked, id=9588, stack(0x000000ce24700000,0x000000ce24c00000)]
  0x00000265487b1000 JavaThread "Java2D Disposer" daemon [_thread_blocked, id=6416, stack(0x000000ce24200000,0x000000ce24700000)]
  0x000002654863c000 JavaThread "TimerQueue" daemon [_thread_blocked, id=16628, stack(0x000000ce23800000,0x000000ce23d00000)]
  0x0000026548065800 JavaThread "Service Thread" daemon [_thread_blocked, id=17288, stack(0x000000ce23200000,0x000000ce23700000)]
  0x0000026530da0800 JavaThread "C1 CompilerThread2" daemon [_thread_blocked, id=8060, stack(0x000000ce23100000,0x000000ce23200000)]
  0x0000026547ea2000 JavaThread "C2 CompilerThread1" daemon [_thread_blocked, id=11516, stack(0x000000ce23000000,0x000000ce23100000)]
  0x0000026547ea3800 JavaThread "C2 CompilerThread0" daemon [_thread_blocked, id=10212, stack(0x000000ce22f00000,0x000000ce23000000)]
  0x0000026547e97000 JavaThread "Attach Listener" daemon [_thread_blocked, id=14588, stack(0x000000ce22a00000,0x000000ce22f00000)]
  0x0000026547e91000 JavaThread "Signal Dispatcher" daemon [_thread_blocked, id=7760, stack(0x000000ce22500000,0x000000ce22a00000)]
  0x00000265408bc000 JavaThread "Finalizer" daemon [_thread_blocked, id=7244, stack(0x000000ce22000000,0x000000ce22500000)]
  0x00000265408bd000 JavaThread "Reference Handler" daemon [_thread_blocked, id=16156, stack(0x000000ce21b00000,0x000000ce22000000)]
  0x000002652dda5000 JavaThread "main" [_thread_blocked, id=5820, stack(0x000000ce21500000,0x000000ce21600000)]

Other Threads:
  0x0000026540860800 VMThread [stack: 0x000000ce21a00000,0x000000ce21b00000] [id=17844]
  0x0000026548063800 WatcherThread [stack: 0x000000ce23700000,0x000000ce23800000] [id=16924]

VM state:not at safepoint (normal execution)

VM Mutex/Monitor currently owned by a thread: None

Heap:
 PSYoungGen      total 57344K, used 5849K [0x00000007bc400000, 0x00000007c0000000, 0x00000007c0000000)
  eden space 54784K, 6% used [0x00000007bc400000,0x00000007bc745950,0x00000007bf980000)
  from space 2560K, 97% used [0x00000007bfa00000,0x00000007bfc70e40,0x00000007bfc80000)
  to   space 3584K, 0% used [0x00000007bfc80000,0x00000007bfc80000,0x00000007c0000000)
 ParOldGen       total 159232K, used 123176K [0x0000000700000000, 0x0000000709b80000, 0x00000007bc400000)
  object space 159232K, 77% used [0x0000000700000000,0x000000070784a2e0,0x0000000709b80000)
 Metaspace       used 65088K, capacity 65545K, committed 66048K, reserved 1105920K
  class space    used 9590K, capacity 9653K, committed 9728K, reserved 1048576K

Card table byte_map: [0x00000265401b0000,0x00000265407c0000] byte_map_base: 0x000002653c9b0000

Marking Bits: (ParMarkBitMap*) 0x00000000742613b0
 Begin Bits: [0x0000026540eb0000, 0x0000026543eb0000)
 End Bits:   [0x0000026543eb0000, 0x0000026546eb0000)

Polling page: 0x000002652e5b0000

CodeCache: size=245760Kb used=60670Kb max_used=60688Kb free=185089Kb
 bounds [0x0000026530df0000, 0x00000265349a0000, 0x000002653fdf0000]
 total_blobs=17269 nmethods=16380 adapters=795
 compilation: enabled

Compilation events (10 events):
Event: 3759.516 Thread 0x0000026530da0800 21985       3       sun.awt.windows.WWindowPeer::setBounds (33 bytes)
Event: 3759.516 Thread 0x0000026530da0800 nmethod 21985 0x00000265349732d0 code [0x0000026534973440, 0x00000265349735f0]
Event: 3760.665 Thread 0x0000026530da0800 21986       1       java.awt.event.ActionEvent::getModifiers (5 bytes)
Event: 3760.665 Thread 0x0000026530da0800 nmethod 21986 0x0000026534973010 code [0x0000026534973160, 0x0000026534973278]
Event: 3760.696 Thread 0x0000026530da0800 21987       3       javax.swing.SwingPaintEventDispatcher::queueSurfaceDataReplacing (31 bytes)
Event: 3760.697 Thread 0x0000026530da0800 nmethod 21987 0x00000265349663d0 code [0x0000026534966560, 0x0000026534966930]
Event: 3760.704 Thread 0x0000026530da0800 21988       3       javax.swing.RepaintManager$1$1::run (5 bytes)
Event: 3760.705 Thread 0x0000026530da0800 nmethod 21988 0x0000026534972ad0 code [0x0000026534972c40, 0x0000026534972ed0]
Event: 3760.705 Thread 0x0000026530da0800 21989       3       javax.swing.RepaintManager$1$1::run (14 bytes)
Event: 3760.705 Thread 0x0000026530da0800 nmethod 21989 0x0000026534965f50 code [0x00000265349660c0, 0x00000265349662f0]

GC Heap History (10 events):
Event: 3747.216 GC heap before
{Heap before GC invocations=936 (full 139):
 PSYoungGen      total 59392K, used 59388K [0x00000007bc400000, 0x00000007c0000000, 0x00000007c0000000)
  eden space 58368K, 100% used [0x00000007bc400000,0x00000007bfd00000,0x00000007bfd00000)
  from space 1024K, 99% used [0x00000007bff00000,0x00000007bffff140,0x00000007c0000000)
  to   space 1536K, 0% used [0x00000007bfd00000,0x00000007bfd00000,0x00000007bfe80000)
 ParOldGen       total 159232K, used 113929K [0x0000000700000000, 0x0000000709b80000, 0x00000007bc400000)
  object space 159232K, 71% used [0x0000000700000000,0x0000000706f427c0,0x0000000709b80000)
 Metaspace       used 65082K, capacity 65545K, committed 66048K, reserved 1105920K
  class space    used 9590K, capacity 9653K, committed 9728K, reserved 1048576K
Event: 3747.220 GC heap after
Heap after GC invocations=936 (full 139):
 PSYoungGen      total 59904K, used 1536K [0x00000007bc400000, 0x00000007c0000000, 0x00000007c0000000)
  eden space 58368K, 0% used [0x00000007bc400000,0x00000007bc400000,0x00000007bfd00000)
  from space 1536K, 100% used [0x00000007bfd00000,0x00000007bfe80000,0x00000007bfe80000)
  to   space 1536K, 0% used [0x00000007bfe80000,0x00000007bfe80000,0x00000007c0000000)
 ParOldGen       total 159232K, used 115489K [0x0000000700000000, 0x0000000709b80000, 0x00000007bc400000)
  object space 159232K, 72% used [0x0000000700000000,0x00000007070c8648,0x0000000709b80000)
 Metaspace       used 65082K, capacity 65545K, committed 66048K, reserved 1105920K
  class space    used 9590K, capacity 9653K, committed 9728K, reserved 1048576K
}
Event: 3751.037 GC heap before
{Heap before GC invocations=937 (full 139):
 PSYoungGen      total 59904K, used 59904K [0x00000007bc400000, 0x00000007c0000000, 0x00000007c0000000)
  eden space 58368K, 100% used [0x00000007bc400000,0x00000007bfd00000,0x00000007bfd00000)
  from space 1536K, 100% used [0x00000007bfd00000,0x00000007bfe80000,0x00000007bfe80000)
  to   space 1536K, 0% used [0x00000007bfe80000,0x00000007bfe80000,0x00000007c0000000)
 ParOldGen       total 159232K, used 115489K [0x0000000700000000, 0x0000000709b80000, 0x00000007bc400000)
  object space 159232K, 72% used [0x0000000700000000,0x00000007070c8648,0x0000000709b80000)
 Metaspace       used 65085K, capacity 65545K, committed 66048K, reserved 1105920K
  class space    used 9590K, capacity 9653K, committed 9728K, reserved 1048576K
Event: 3751.041 GC heap after
Heap after GC invocations=937 (full 139):
 PSYoungGen      total 57856K, used 1536K [0x00000007bc400000, 0x00000007c0000000, 0x00000007c0000000)
  eden space 56320K, 0% used [0x00000007bc400000,0x00000007bc400000,0x00000007bfb00000)
  from space 1536K, 100% used [0x00000007bfe80000,0x00000007c0000000,0x00000007c0000000)
  to   space 2560K, 0% used [0x00000007bfb00000,0x00000007bfb00000,0x00000007bfd80000)
 ParOldGen       total 159232K, used 115937K [0x0000000700000000, 0x0000000709b80000, 0x00000007bc400000)
  object space 159232K, 72% used [0x0000000700000000,0x00000007071384b0,0x0000000709b80000)
 Metaspace       used 65085K, capacity 65545K, committed 66048K, reserved 1105920K
  class space    used 9590K, capacity 9653K, committed 9728K, reserved 1048576K
}
Event: 3754.769 GC heap before
{Heap before GC invocations=938 (full 139):
 PSYoungGen      total 57856K, used 57856K [0x00000007bc400000, 0x00000007c0000000, 0x00000007c0000000)
  eden space 56320K, 100% used [0x00000007bc400000,0x00000007bfb00000,0x00000007bfb00000)
  from space 1536K, 100% used [0x00000007bfe80000,0x00000007c0000000,0x00000007c0000000)
  to   space 2560K, 0% used [0x00000007bfb00000,0x00000007bfb00000,0x00000007bfd80000)
 ParOldGen       total 159232K, used 115937K [0x0000000700000000, 0x0000000709b80000, 0x00000007bc400000)
  object space 159232K, 72% used [0x0000000700000000,0x00000007071384b0,0x0000000709b80000)
 Metaspace       used 65085K, capacity 65545K, committed 66048K, reserved 1105920K
  class space    used 9590K, capacity 9653K, committed 9728K, reserved 1048576K
Event: 3754.773 GC heap after
Heap after GC invocations=938 (full 139):
 PSYoungGen      total 58368K, used 2110K [0x00000007bc400000, 0x00000007c0000000, 0x00000007c0000000)
  eden space 55808K, 0% used [0x00000007bc400000,0x00000007bc400000,0x00000007bfa80000)
  from space 2560K, 82% used [0x00000007bfb00000,0x00000007bfd0fbf0,0x00000007bfd80000)
  to   space 2560K, 0% used [0x00000007bfd80000,0x00000007bfd80000,0x00000007c0000000)
 ParOldGen       total 159232K, used 115969K [0x0000000700000000, 0x0000000709b80000, 0x00000007bc400000)
  object space 159232K, 72% used [0x0000000700000000,0x00000007071404b0,0x0000000709b80000)
 Metaspace       used 65085K, capacity 65545K, committed 66048K, reserved 1105920K
  class space    used 9590K, capacity 9653K, committed 9728K, reserved 1048576K
}
Event: 3757.052 GC heap before
{Heap before GC invocations=939 (full 139):
 PSYoungGen      total 58368K, used 57918K [0x00000007bc400000, 0x00000007c0000000, 0x00000007c0000000)
  eden space 55808K, 100% used [0x00000007bc400000,0x00000007bfa80000,0x00000007bfa80000)
  from space 2560K, 82% used [0x00000007bfb00000,0x00000007bfd0fbf0,0x00000007bfd80000)
  to   space 2560K, 0% used [0x00000007bfd80000,0x00000007bfd80000,0x00000007c0000000)
 ParOldGen       total 159232K, used 115969K [0x0000000700000000, 0x0000000709b80000, 0x00000007bc400000)
  object space 159232K, 72% used [0x0000000700000000,0x00000007071404b0,0x0000000709b80000)
 Metaspace       used 65086K, capacity 65545K, committed 66048K, reserved 1105920K
  class space    used 9590K, capacity 9653K, committed 9728K, reserved 1048576K
Event: 3757.056 GC heap after
Heap after GC invocations=939 (full 139):
 PSYoungGen      total 57856K, used 2398K [0x00000007bc400000, 0x00000007c0000000, 0x00000007c0000000)
  eden space 55296K, 0% used [0x00000007bc400000,0x00000007bc400000,0x00000007bfa00000)
  from space 2560K, 93% used [0x00000007bfd80000,0x00000007bffd7bf0,0x00000007c0000000)
  to   space 3072K, 0% used [0x00000007bfa00000,0x00000007bfa00000,0x00000007bfd00000)
 ParOldGen       total 159232K, used 115969K [0x0000000700000000, 0x0000000709b80000, 0x00000007bc400000)
  object space 159232K, 72% used [0x0000000700000000,0x00000007071404b0,0x0000000709b80000)
 Metaspace       used 65086K, capacity 65545K, committed 66048K, reserved 1105920K
  class space    used 9590K, capacity 9653K, committed 9728K, reserved 1048576K
}
Event: 3757.796 GC heap before
{Heap before GC invocations=940 (full 139):
 PSYoungGen      total 57856K, used 57694K [0x00000007bc400000, 0x00000007c0000000, 0x00000007c0000000)
  eden space 55296K, 100% used [0x00000007bc400000,0x00000007bfa00000,0x00000007bfa00000)
  from space 2560K, 93% used [0x00000007bfd80000,0x00000007bffd7bf0,0x00000007c0000000)
  to   space 3072K, 0% used [0x00000007bfa00000,0x00000007bfa00000,0x00000007bfd00000)
 ParOldGen       total 159232K, used 115969K [0x0000000700000000, 0x0000000709b80000, 0x00000007bc400000)
  object space 159232K, 72% used [0x0000000700000000,0x00000007071404b0,0x0000000709b80000)
 Metaspace       used 65087K, capacity 65545K, committed 66048K, reserved 1105920K
  class space    used 9590K, capacity 9653K, committed 9728K, reserved 1048576K
Event: 3757.801 GC heap after
Heap after GC invocations=940 (full 139):
 PSYoungGen      total 57344K, used 2499K [0x00000007bc400000, 0x00000007c0000000, 0x00000007c0000000)
  eden space 54784K, 0% used [0x00000007bc400000,0x00000007bc400000,0x00000007bf980000)
  from space 2560K, 97% used [0x00000007bfa00000,0x00000007bfc70e40,0x00000007bfc80000)
  to   space 3584K, 0% used [0x00000007bfc80000,0x00000007bfc80000,0x00000007c0000000)
 ParOldGen       total 159232K, used 123176K [0x0000000700000000, 0x0000000709b80000, 0x00000007bc400000)
  object space 159232K, 77% used [0x0000000700000000,0x000000070784a2e0,0x0000000709b80000)
 Metaspace       used 65087K, capacity 65545K, committed 66048K, reserved 1105920K
  class space    used 9590K, capacity 9653K, committed 9728K, reserved 1048576K
}

Deoptimization events (10 events):
Event: 3460.603 Thread 0x0000026530c97000 Uncommon trap: reason=bimorphic action=maybe_recompile pc=0x00000265328f2780 method=com.jidesoft.plaf.vsnet.VsnetMenuItemUI.layoutMenuItem(Ljava/awt/FontMetrics;Ljava/lang/String;Ljava/awt/FontMetrics;Ljava/lang/String;Ljavax/swing/Icon;Ljavax/swing/Icon;LÀYïÜ4	«@
Event: 3460.603 Thread 0x0000026530c97000 Uncommon trap: reason=bimorphic action=maybe_recompile pc=0x00000265328f2780 method=com.jidesoft.plaf.vsnet.VsnetMenuItemUI.layoutMenuItem(Ljava/awt/FontMetrics;Ljava/lang/String;Ljava/awt/FontMetrics;Ljava/lang/String;Ljavax/swing/Icon;Ljavax/swing/Icon;L c
Event: 3472.297 Thread 0x0000026530c97000 Uncommon trap: reason=class_check action=maybe_recompile pc=0x0000026532a09338 method=javax.swing.plaf.basic.BasicLookAndFeel$AWTEventHelper.eventDispatched(Ljava/awt/AWTEvent;)V @ 59
Event: 3473.552 Thread 0x0000026530c97000 Uncommon trap: reason=class_check action=maybe_recompile pc=0x0000026532a09338 method=javax.swing.plaf.basic.BasicLookAndFeel$AWTEventHelper.eventDispatched(Ljava/awt/AWTEvent;)V @ 59
Event: 3476.972 Thread 0x0000026530c97000 Uncommon trap: reason=class_check action=maybe_recompile pc=0x00000265348ced54 method=com.jidesoft.plaf.vsnet.VsnetMenuItemUI.paintMenuItem(Ljava/awt/Graphics;Ljavax/swing/JComponent;Ljavax/swing/Icon;Ljavax/swing/Icon;Ljava/awt/Color;Ljava/awt/Color;I)V @iù&òñ)«@
Event: 3476.973 Thread 0x0000026530c97000 Uncommon trap: reason=class_check action=maybe_recompile pc=0x00000265348ced54 method=com.jidesoft.plaf.vsnet.VsnetMenuItemUI.paintMenuItem(Ljava/awt/Graphics;Ljavax/swing/JComponent;Ljavax/swing/Icon;Ljavax/swing/Icon;Ljava/awt/Color;Ljava/awt/Color;I)V @.\±ò)«@
Event: 3476.973 Thread 0x0000026530c97000 Uncommon trap: reason=class_check action=maybe_recompile pc=0x00000265348ced54 method=com.jidesoft.plaf.vsnet.VsnetMenuItemUI.paintMenuItem(Ljava/awt/Graphics;Ljavax/swing/JComponent;Ljavax/swing/Icon;Ljavax/swing/Icon;Ljava/awt/Color;Ljava/awt/Color;I)V @Hp~ò)«@
Event: 3476.973 Thread 0x0000026530c97000 Uncommon trap: reason=class_check action=maybe_recompile pc=0x00000265348ced54 method=com.jidesoft.plaf.vsnet.VsnetMenuItemUI.paintMenuItem(Ljava/awt/Graphics;Ljavax/swing/JComponent;Ljavax/swing/Icon;Ljavax/swing/Icon;Ljava/awt/Color;Ljava/awt/Color;I)V @?Gš.ú4­@
Event: 3738.489 Thread 0x0000026530c97000 Uncommon trap: reason=bimorphic action=maybe_recompile pc=0x0000026533de4594 method=ui.views.b.s.o(Lui/views/I/e;)Z @ 78
Event: 3742.115 Thread 0x0000026530c97000 Uncommon trap: reason=class_check action=maybe_recompile pc=0x0000026534144208 method=javax.swing.plaf.basic.BasicPopupMenuUI.installDefaults()V @ 17

Internal exceptions (10 events):
Event: 3740.393 Thread 0x0000026530c97000 Exception <a 'de/concept/nlview/NlviewException'> (0x00000007bc6b9f58) thrown at [D:\re\workspace\8-2-build-windows-amd64-cygwin\jdk8u5\2488\hotspot\src\share\vm\prims\jni.cpp, line 716]
Event: 3740.393 Thread 0x0000026530c97000 Exception <a 'de/concept/nlview/NlviewException'> (0x00000007bc6bb0b0) thrown at [D:\re\workspace\8-2-build-windows-amd64-cygwin\jdk8u5\2488\hotspot\src\share\vm\prims\jni.cpp, line 716]
Event: 3740.393 Thread 0x0000026530c97000 Exception <a 'de/concept/nlview/NlviewException'> (0x00000007bc6bc2f8) thrown at [D:\re\workspace\8-2-build-windows-amd64-cygwin\jdk8u5\2488\hotspot\src\share\vm\prims\jni.cpp, line 716]
Event: 3740.393 Thread 0x0000026530c97000 Exception <a 'de/concept/nlview/NlviewException'> (0x00000007bc6bd460) thrown at [D:\re\workspace\8-2-build-windows-amd64-cygwin\jdk8u5\2488\hotspot\src\share\vm\prims\jni.cpp, line 716]
Event: 3740.397 Thread 0x0000026530c97000 Exception <a 'de/concept/nlview/NlviewException'> (0x00000007bc6d3040) thrown at [D:\re\workspace\8-2-build-windows-amd64-cygwin\jdk8u5\2488\hotspot\src\share\vm\prims\jni.cpp, line 716]
Event: 3740.397 Thread 0x0000026530c97000 Exception <a 'de/concept/nlview/NlviewException'> (0x00000007bc6d3a08) thrown at [D:\re\workspace\8-2-build-windows-amd64-cygwin\jdk8u5\2488\hotspot\src\share\vm\prims\jni.cpp, line 716]
Event: 3744.774 Thread 0x0000026530c97000 Exception <a 'java/io/FileNotFoundException'> (0x00000007bdb464a0) thrown at [D:\re\workspace\8-2-build-windows-amd64-cygwin\jdk8u5\2488\hotspot\src\share\vm\prims\jni.cpp, line 716]
Event: 3749.774 Thread 0x0000026530c97000 Exception <a 'java/io/FileNotFoundException'> (0x00000007bd5d5800) thrown at [D:\re\workspace\8-2-build-windows-amd64-cygwin\jdk8u5\2488\hotspot\src\share\vm\prims\jni.cpp, line 716]
Event: 3754.779 Thread 0x0000026530c97000 Exception <a 'java/io/FileNotFoundException'> (0x00000007bc462d60) thrown at [D:\re\workspace\8-2-build-windows-amd64-cygwin\jdk8u5\2488\hotspot\src\share\vm\prims\jni.cpp, line 716]
Event: 3759.775 Thread 0x0000026530c97000 Exception <a 'java/io/FileNotFoundException'> (0x00000007bc5dc420) thrown at [D:\re\workspace\8-2-build-windows-amd64-cygwin\jdk8u5\2488\hotspot\src\share\vm\prims\jni.cpp, line 716]

Events (10 events):
Event: 3754.769 Executing VM operation: ParallelGCFailedAllocation
Event: 3754.773 Executing VM operation: ParallelGCFailedAllocation done
Event: 3756.992 Executing VM operation: BulkRevokeBias
Event: 3756.992 Executing VM operation: BulkRevokeBias done
Event: 3757.052 Executing VM operation: ParallelGCFailedAllocation
Event: 3757.056 Executing VM operation: ParallelGCFailedAllocation done
Event: 3757.796 Executing VM operation: ParallelGCFailedAllocation
Event: 3757.801 Executing VM operation: ParallelGCFailedAllocation done
Event: 3759.523 Executing VM operation: BulkRevokeBias
Event: 3759.523 Executing VM operation: BulkRevokeBias done


Dynamic libraries:
0x00007ff794920000 - 0x00007ff79495d000 	D:\install\Xilinx\Vivado\2014.4\bin\unwrapped\win64.o\vivado.exe
0x00007ffca0080000 - 0x00007ffca0270000 	C:\WINDOWS\SYSTEM32\ntdll.dll
0x00007ffc9fe10000 - 0x00007ffc9fec2000 	C:\WINDOWS\System32\KERNEL32.DLL
0x00007ffc9d350000 - 0x00007ffc9d5f4000 	C:\WINDOWS\System32\KERNELBASE.dll
0x000000000a900000 - 0x000000000a98d000 	D:\install\Xilinx\Vivado\2014.4\lib\win64.o\SHSMP64.dll
0x00007ffc9eb80000 - 0x00007ffc9ed14000 	C:\WINDOWS\System32\USER32.dll
0x00007ffc9d7a0000 - 0x00007ffc9d7c1000 	C:\WINDOWS\System32\win32u.dll
0x00007ffc9e440000 - 0x00007ffc9e466000 	C:\WINDOWS\System32\GDI32.dll
0x00007ffc9d600000 - 0x00007ffc9d796000 	C:\WINDOWS\System32\gdi32full.dll
0x00007ffc9d230000 - 0x00007ffc9d2ce000 	C:\WINDOWS\System32\msvcp_win.dll
0x00007ffc9d8a0000 - 0x00007ffc9d99a000 	C:\WINDOWS\System32\ucrtbase.dll
0x00007ffc9f050000 - 0x00007ffc9f0f3000 	C:\WINDOWS\System32\ADVAPI32.dll
0x00007ffc9ef00000 - 0x00007ffc9ef9e000 	C:\WINDOWS\System32\msvcrt.dll
0x00007ffc9ffa0000 - 0x00007ffca0037000 	C:\WINDOWS\System32\sechost.dll
0x00007ffc66660000 - 0x00007ffc66f54000 	D:\install\Xilinx\Vivado\2014.4\lib\win64.o\librdi_common.dll
0x00007ffc9e470000 - 0x00007ffc9e590000 	C:\WINDOWS\System32\RPCRT4.dll
0x00007ffc9eb70000 - 0x00007ffc9eb78000 	C:\WINDOWS\System32\PSAPI.DLL
0x00007ffc9f720000 - 0x00007ffc9fe06000 	C:\WINDOWS\System32\SHELL32.dll
0x00007ffc9d850000 - 0x00007ffc9d89a000 	C:\WINDOWS\System32\cfgmgr32.dll
0x00007ffc9efa0000 - 0x00007ffc9f049000 	C:\WINDOWS\System32\shcore.dll
0x00007ffc9e720000 - 0x00007ffc9ea55000 	C:\WINDOWS\System32\combase.dll
0x00007ffc9d2d0000 - 0x00007ffc9d350000 	C:\WINDOWS\System32\bcryptPrimitives.dll
0x00007ffc9d9d0000 - 0x00007ffc9e152000 	C:\WINDOWS\System32\windows.storage.dll
0x00007ffc9d090000 - 0x00007ffc9d0b3000 	C:\WINDOWS\System32\profapi.dll
0x00007ffc9d040000 - 0x00007ffc9d08a000 	C:\WINDOWS\System32\powrprof.dll
0x00007ffc9d010000 - 0x00007ffc9d020000 	C:\WINDOWS\System32\UMPDC.dll
0x00007ffc9eea0000 - 0x00007ffc9eef2000 	C:\WINDOWS\System32\shlwapi.dll
0x00007ffc9d0c0000 - 0x00007ffc9d0d1000 	C:\WINDOWS\System32\kernel.appcore.dll
0x00007ffc9d830000 - 0x00007ffc9d847000 	C:\WINDOWS\System32\cryptsp.dll
0x00007ffc85b40000 - 0x00007ffc85be7000 	C:\WINDOWS\SYSTEM32\MSVCP110.dll
0x00007ffc86430000 - 0x00007ffc86504000 	C:\WINDOWS\SYSTEM32\MSVCR110.dll
0x00007ffc6c7d0000 - 0x00007ffc6ca78000 	D:\install\Xilinx\Vivado\2014.4\lib\win64.o\libCOIN-all.dll
0x00007ffc66440000 - 0x00007ffc66660000 	D:\install\Xilinx\Vivado\2014.4\lib\win64.o\libXil_lmgr11.dll
0x00007ffc9fed0000 - 0x00007ffc9ffa0000 	C:\WINDOWS\System32\COMDLG32.dll
0x00007ffc9e5e0000 - 0x00007ffc9e6a5000 	C:\WINDOWS\System32\OLEAUT32.dll
0x00007ffc9ed20000 - 0x00007ffc9ee77000 	C:\WINDOWS\System32\ole32.dll
0x00007ffc9d7d0000 - 0x00007ffc9d82c000 	C:\WINDOWS\System32\WINTRUST.dll
0x00007ffc9d020000 - 0x00007ffc9d032000 	C:\WINDOWS\System32\MSASN1.dll
0x00007ffc9d0e0000 - 0x00007ffc9d229000 	C:\WINDOWS\System32\CRYPT32.dll
0x00007ffc81230000 - 0x00007ffc81251000 	D:\install\Xilinx\Vivado\2014.4\lib\win64.o\libboost_filesystem.dll
0x00007ffc86eb0000 - 0x00007ffc86ec3000 	D:\install\Xilinx\Vivado\2014.4\lib\win64.o\libboost_signals.dll
0x00007ffc88fc0000 - 0x00007ffc88fd0000 	D:\install\Xilinx\Vivado\2014.4\lib\win64.o\libboost_date_time.dll
0x00007ffc86420000 - 0x00007ffc86429000 	D:\install\Xilinx\Vivado\2014.4\lib\win64.o\libboost_system.dll
0x00007ffc80a30000 - 0x00007ffc80a4c000 	D:\install\Xilinx\Vivado\2014.4\lib\win64.o\libboost_thread.dll
0x00007ffc73830000 - 0x00007ffc738b0000 	D:\install\Xilinx\Vivado\2014.4\lib\win64.o\libhdlpsolve.dll
0x00007ffc86e90000 - 0x00007ffc86ea1000 	D:\install\Xilinx\Vivado\2014.4\lib\win64.o\librdi_commonmain.dll
0x00007ffc71ae0000 - 0x00007ffc71b7a000 	D:\install\Xilinx\Vivado\2014.4\lib\win64.o\libhdxml.dll
0x00007ffc64bc0000 - 0x00007ffc652c2000 	D:\install\Xilinx\Vivado\2014.4\lib\win64.o\libisl_iostreams.dll
0x00007ffc7f300000 - 0x00007ffc7f323000 	D:\install\Xilinx\Vivado\2014.4\lib\win64.o\libisl_iosutils.dll
0x00007ffc796a0000 - 0x00007ffc796ca000 	D:\install\Xilinx\Vivado\2014.4\lib\win64.o\libisl_sysinfo.dll
0x00007ffc9e6b0000 - 0x00007ffc9e71f000 	C:\WINDOWS\System32\WS2_32.dll
0x0000000073ab0000 - 0x00000000742da000 	D:\install\Xilinx\Vivado\2014.4\tps\win64\jre\bin\server\jvm.dll
0x00007ffc960e0000 - 0x00007ffc960ea000 	C:\WINDOWS\SYSTEM32\VERSION.dll
0x00007ffc7fac0000 - 0x00007ffc7fad5000 	D:\install\Xilinx\Vivado\2014.4\lib\win64.o\pthreadVC2.dll
0x00007ffc77990000 - 0x00007ffc779e6000 	D:\install\Xilinx\Vivado\2014.4\lib\win64.o\librdi_commonxillic.dll
0x00007ffc6c470000 - 0x00007ffc6c5a0000 	D:\install\Xilinx\Vivado\2014.4\lib\win64.o\librdi_curl.dll
0x00007ffc7f010000 - 0x00007ffc7f028000 	D:\install\Xilinx\Vivado\2014.4\lib\win64.o\librdiconfig.dll
0x00007ffc79460000 - 0x00007ffc79483000 	D:\install\Xilinx\Vivado\2014.4\lib\win64.o\librdizlib.dll
0x00000000742e0000 - 0x0000000074407000 	D:\install\Xilinx\Vivado\2014.4\lib\win64.o\tcl85t.dll
0x0000000012000000 - 0x0000000012263000 	D:\install\Xilinx\Vivado\2014.4\lib\win64.o\xerces-c_3_1.dll
0x00007ffc88ae0000 - 0x00007ffc88fb5000 	C:\WINDOWS\SYSTEM32\WININET.dll
0x00007ffc94f80000 - 0x00007ffc95070000 	C:\WINDOWS\SYSTEM32\WINHTTP.dll
0x00007ffc96940000 - 0x00007ffc96b16000 	C:\WINDOWS\SYSTEM32\urlmon.dll
0x00007ffc8e650000 - 0x00007ffc8e659000 	C:\WINDOWS\SYSTEM32\WSOCK32.dll
0x00007ffc76900000 - 0x00007ffc76923000 	C:\WINDOWS\SYSTEM32\VCOMP110.DLL
0x00007ffc8b0d0000 - 0x00007ffc8b0e7000 	C:\WINDOWS\SYSTEM32\NETAPI32.dll
0x00007ffc90260000 - 0x00007ffc90309000 	C:\WINDOWS\WinSxS\amd64_microsoft.windows.common-controls_6595b64144ccf1df_5.82.18362.959_none_2a27bd024669d2fe\COMCTL32.dll
0x00007ffc74a30000 - 0x00007ffc74aa4000 	D:\install\Xilinx\Vivado\2014.4\lib\win64.o\libboost_program_options.dll
0x00007ffc86110000 - 0x00007ffc8611b000 	D:\install\Xilinx\Vivado\2014.4\lib\win64.o\libboost_chrono.dll
0x00007ffc6cde0000 - 0x00007ffc6cedb000 	D:\install\Xilinx\Vivado\2014.4\lib\win64.o\libboost_regex.dll
0x00007ffc9ab70000 - 0x00007ffc9ab94000 	C:\WINDOWS\SYSTEM32\WINMM.dll
0x0000000075280000 - 0x0000000075352000 	C:\WINDOWS\SYSTEM32\MSVCR100.dll
0x00007ffc8f270000 - 0x00007ffc8f516000 	C:\WINDOWS\SYSTEM32\iertutil.dll
0x00007ffc9ab40000 - 0x00007ffc9ab6d000 	C:\WINDOWS\SYSTEM32\WINMMBASE.dll
0x00007ffc9c9f0000 - 0x00007ffc9c9fc000 	C:\WINDOWS\SYSTEM32\CRYPTBASE.DLL
0x00007ffc8ad50000 - 0x00007ffc8ad59000 	D:\install\Xilinx\Vivado\2014.4\lib\win64.o\librdi_commonversion.dll
0x00007ffc7ec80000 - 0x00007ffc7ec97000 	D:\install\Xilinx\Vivado\2014.4\lib\win64.o\libboost_iostreams.dll
0x00007ffc9e5a0000 - 0x00007ffc9e5ce000 	C:\WINDOWS\System32\IMM32.DLL
0x00007ffc647d0000 - 0x00007ffc64bb4000 	D:\install\Xilinx\Vivado\2014.4\lib\win64.o\librdi_commontasks.dll
0x00007ffc63a90000 - 0x00007ffc642a0000 	D:\install\Xilinx\Vivado\2014.4\lib\win64.o\libXil_lmgr11FNP.dll
0x00007ffc9f2b0000 - 0x00007ffc9f720000 	C:\WINDOWS\System32\SETUPAPI.dll
0x00007ffc9d9a0000 - 0x00007ffc9d9c6000 	C:\WINDOWS\System32\bcrypt.dll
0x00007ffc9c530000 - 0x00007ffc9c56a000 	C:\WINDOWS\SYSTEM32\iphlpapi.dll
0x00007ffc92f30000 - 0x00007ffc92fb9000 	C:\WINDOWS\SYSTEM32\WINSPOOL.DRV
0x00007ffc92d60000 - 0x00007ffc92dc5000 	C:\WINDOWS\SYSTEM32\OLEACC.dll
0x00007ffc9bad0000 - 0x00007ffc9bbc0000 	C:\WINDOWS\SYSTEM32\PROPSYS.dll
0x00007ffc88fd0000 - 0x00007ffc88fdc000 	C:\WINDOWS\SYSTEM32\snmpapi.dll
0x00007ffc9c390000 - 0x00007ffc9c3c3000 	C:\WINDOWS\system32\rsaenh.dll
0x00007ffc9b2e0000 - 0x00007ffc9b379000 	C:\WINDOWS\system32\uxtheme.dll
0x00007ffc9ce10000 - 0x00007ffc9ce3a000 	C:\WINDOWS\SYSTEM32\DEVOBJ.dll
0x00007ffc9eac0000 - 0x00007ffc9eb62000 	C:\WINDOWS\System32\clbcatq.dll
0x00007ffc7d110000 - 0x00007ffc7d126000 	C:\WINDOWS\system32\napinsp.dll
0x00007ffc79df0000 - 0x00007ffc79e0a000 	C:\WINDOWS\system32\pnrpnsp.dll
0x00007ffc9c820000 - 0x00007ffc9c887000 	C:\WINDOWS\System32\mswsock.dll
0x00007ffc9c5c0000 - 0x00007ffc9c68b000 	C:\WINDOWS\SYSTEM32\DNSAPI.dll
0x00007ffc9e5d0000 - 0x00007ffc9e5d8000 	C:\WINDOWS\System32\NSI.dll
0x00007ffc85ab0000 - 0x00007ffc85abe000 	C:\WINDOWS\System32\winrnr.dll
0x00007ffc990e0000 - 0x00007ffc990fc000 	C:\WINDOWS\system32\NLAapi.dll
0x00007ffc98590000 - 0x00007ffc985a5000 	C:\WINDOWS\system32\wshbth.dll
0x00007ffc95300000 - 0x00007ffc95377000 	C:\WINDOWS\System32\fwpuclnt.dll
0x00007ffc936d0000 - 0x00007ffc936da000 	C:\Windows\System32\rasadhlp.dll
0x00007ffc8b1c0000 - 0x00007ffc8b1d5000 	C:\WINDOWS\SYSTEM32\amsi.dll
0x00007ffc9cf30000 - 0x00007ffc9cf55000 	C:\WINDOWS\SYSTEM32\USERENV.dll
0x00007ffc94f50000 - 0x00007ffc94f5a000 	C:\WINDOWS\system32\wshqos.dll
0x00007ffc94710000 - 0x00007ffc94718000 	C:\WINDOWS\SYSTEM32\wshtcpip.DLL
0x00007ffc94700000 - 0x00007ffc94708000 	C:\WINDOWS\SYSTEM32\wship6.dll
0x00007ffc9c070000 - 0x00007ffc9c0a1000 	C:\WINDOWS\SYSTEM32\ntmarta.dll
0x00007ffc63530000 - 0x00007ffc63a82000 	D:\install\Xilinx\Vivado\2014.4\lib\win64.o\librdi_coretasks.dll
0x00007ffc66070000 - 0x00007ffc66239000 	D:\install\Xilinx\Vivado\2014.4\lib\win64.o\librdi_chipscope.dll
0x00007ffc69d40000 - 0x00007ffc69e64000 	D:\install\Xilinx\Vivado\2014.4\lib\win64.o\librdi_board.dll
0x00007ffc5f6d0000 - 0x00007ffc6080c000 	D:\install\Xilinx\Vivado\2014.4\lib\win64.o\librdi_constraints.dll
0x00007ffc5e2d0000 - 0x00007ffc5f6c6000 	D:\install\Xilinx\Vivado\2014.4\lib\win64.o\librdi_coregen.dll
0x00007ffc54ad0000 - 0x00007ffc54db7000 	D:\install\Xilinx\Vivado\2014.4\lib\win64.o\librdi_filemgmt.dll
0x00007ffc5ac70000 - 0x00007ffc5e2c6000 	D:\install\Xilinx\Vivado\2014.4\lib\win64.o\librdi_designutils.dll
0x00007ffc54dc0000 - 0x00007ffc5ac62000 	D:\install\Xilinx\Vivado\2014.4\lib\win64.o\librdi_device.dll
0x00007ffc63150000 - 0x00007ffc63527000 	D:\install\Xilinx\Vivado\2014.4\lib\win64.o\librdi_drc.dll
0x00007ffc546c0000 - 0x00007ffc54ac9000 	D:\install\Xilinx\Vivado\2014.4\lib\win64.o\librdi_netlist.dll
0x00007ffc52c70000 - 0x00007ffc53107000 	D:\install\Xilinx\Vivado\2014.4\lib\win64.o\librdi_power.dll
0x00007ffc53110000 - 0x00007ffc546b9000 	D:\install\Xilinx\Vivado\2014.4\lib\win64.o\librdi_place.dll
0x00007ffc51d80000 - 0x00007ffc523fd000 	D:\install\Xilinx\Vivado\2014.4\lib\win64.o\librdi_rsb.dll
0x00007ffc52890000 - 0x00007ffc52c68000 	D:\install\Xilinx\Vivado\2014.4\lib\win64.o\librdi_project.dll
0x00007ffc52400000 - 0x00007ffc52885000 	D:\install\Xilinx\Vivado\2014.4\lib\win64.o\librdi_psta.dll
0x00007ffc8c200000 - 0x00007ffc8c234000 	D:\install\Xilinx\Vivado\2014.4\lib\win64.o\librdi_boarddep.dll
0x00007ffc62e90000 - 0x00007ffc6314e000 	D:\install\Xilinx\Vivado\2014.4\lib\win64.o\librdi_runs.dll
0x00007ffc514a0000 - 0x00007ffc51d75000 	D:\install\Xilinx\Vivado\2014.4\lib\win64.o\librdi_timing.dll
0x00007ffc505e0000 - 0x00007ffc50ded000 	D:\install\Xilinx\Vivado\2014.4\lib\win64.o\libverific.dll
0x00007ffc6d040000 - 0x00007ffc6d0a3000 	D:\install\Xilinx\Vivado\2014.4\lib\win64.o\liblmx6.0.dll
0x00007ffc8c180000 - 0x00007ffc8c1fe000 	D:\install\Xilinx\Vivado\2014.4\lib\win64.o\libboost_serialization.dll

VM Arguments:
jvm_args: -Dsun.java2d.pmoffscreen=false -Dsun.java2d.d3d=false -Dsun.awt.nopixfmt=true -Xverify:none -Dswing.aatext=true -XX:-UsePerfData -Djdk.map.althashing.threshold=512 -XX:StringTableSize=4072 -Djava.util.Arrays.useLegacyMergeSort=true -XX:NewSize=60m -XX:MaxNewSize=60m -Xms128m -Xmx3072m -Xss5m 
java_command: <unknown>
java_class_path (initial): D:/install/Xilinx/Vivado/2014.4\lib\classes\alloy.jar;D:/install/Xilinx/Vivado/2014.4\lib\classes\batik-anim.jar;D:/install/Xilinx/Vivado/2014.4\lib\classes\batik-awt-util.jar;D:/install/Xilinx/Vivado/2014.4\lib\classes\batik-bridge.jar;D:/install/Xilinx/Vivado/2014.4\lib\classes\batik-codec.jar;D:/install/Xilinx/Vivado/2014.4\lib\classes\batik-css.jar;D:/install/Xilinx/Vivado/2014.4\lib\classes\batik-dom.jar;D:/install/Xilinx/Vivado/2014.4\lib\classes\batik-ext.jar;D:/install/Xilinx/Vivado/2014.4\lib\classes\batik-gui-util.jar;D:/install/Xilinx/Vivado/2014.4\lib\classes\batik-gvt.jar;D:/install/Xilinx/Vivado/2014.4\lib\classes\batik-parser.jar;D:/install/Xilinx/Vivado/2014.4\lib\classes\batik-script.jar;D:/install/Xilinx/Vivado/2014.4\lib\classes\batik-svg-dom.jar;D:/install/Xilinx/Vivado/2014.4\lib\classes\batik-swing.jar;D:/install/Xilinx/Vivado/2014.4\lib\classes\batik-transcoder.jar;D:/install/Xilinx/Vivado/2014.4\lib\classes\batik-util.jar;D:/install/Xilinx/Vivado/2014.4\lib\classes\batik-xml.jar;D:/install/Xilinx/Vivado/2014.4\lib\classes\commons-collections-3.1.jar;D:/install/Xilinx/Vivado/2014.4\lib\classes\commons-logging.jar;D:/install/Xilinx/Vivado/2014.4\lib\classes\commons-math-2.2.jar;D:/install/Xilinx/Vivado/2014.4\lib\classes\dom4j-1.6.1.jar;D:/install/Xilinx/Vivado/2014.4\lib\classes\forms.jar;D:/install/Xilinx/Vivado/2014.4\lib\classes\guava-15.0.jar;D:/install/Xilinx/Vivado/2014.4\lib\classes\hibernate-jpa-2.0-api-1.0.1.Final.jar;D:/install/Xilinx/Vivado/2014.4\lib\classes\hibernate3.jar;D:/install/Xilinx/Vivado/2014.4\lib\classes\hsqldb.jar;D:/install/Xilinx/Vivado/2014.4\lib\classes\informa.jar;D:/install/Xilinx/Vivado/2014.4\lib\classes\jdom.jar;D:/install/Xilinx/Vivado/2014.4\lib\classes\jide-action.jar;D:/install/Xilinx/Vivado/2014.4\lib\classes\jide-charts.jar;D:/install/Xilinx/Vivado/2014.4\lib\classes\jide-common.jar;D:/install/Xilinx/Vivado/2014.4\lib\classes\jide-components.jar;D:/install/Xilinx/Vivado/2014.
Launcher Type: generic

Environment Variables:
PATH=D:/install/Xilinx/Vivado/2014.4/bin;D:/install/Xilinx/Vivado/2014.4/lib/win64.o;D:/install/Xilinx/Vivado/2014.4/tps/win64/jre/bin/server;D:/install/Xilinx/Vivado/2014.4/tps/win64/jre/bin;D:/install/Xilinx/SDK/2014.4/bin;D:/install/Xilinx/Vivado/2014.4/ids_lite/ISE/bin/nt64;D:/install/Xilinx/Vivado/2014.4/ids_lite/ISE/lib/nt64;C:\WINDOWS\system32;C:\WINDOWS;C:\WINDOWS\System32\Wbem;C:\WINDOWS\System32\WindowsPowerShell\v1.0\;C:\Program Files (x86)\Microsoft SQL Server\100\Tools\Binn\;C:\Program Files\Microsoft SQL Server\100\Tools\Binn\;C:\Program Files\Microsoft SQL Server\100\DTS\Binn\;C:\Program Files\TortoiseSVN\bin;C:\Program Files (x86)\Windows Kits\8.1\Windows Performance Toolkit\;C:\Program Files\Microsoft SQL Server\110\Tools\Binn\;C:\WINDOWS\System32\OpenSSH\;C:\Users\admin\AppData\Local\BypassRuntm;USERPROFILE\AppData\Local\Microsoft\WindowsApps;;D:\install\modeltech64_10.1c\win64
USERNAME=admin
OS=Windows_NT
PROCESSOR_IDENTIFIER=Intel64 Family 6 Model 158 Stepping 9, GenuineIntel



---------------  S Y S T E M  ---------------

OS: Windows 8 , 64 bit Build 9200 

CPU:total 4 (4 cores per cpu, 1 threads per core) family 6 model 158 stepping 9, cmov, cx8, fxsr, mmx, sse, sse2, sse3, ssse3, sse4.1, sse4.2, popcnt, avx, avx2, aes, clmul, erms, tsc, tscinvbit

Memory: 4k page, physical 8293756k(3857896k free), swap 11570556k(4081892k free)

vm_info: Java HotSpot(TM) 64-Bit Server VM (25.5-b02) for windows-amd64 JRE (1.8.0_05-b13), built on Mar 18 2014 01:08:39 by "java_re" with MS VC++ 10.0 (VS2010)

time: Wed Jul 29 10:31:22 2020
elapsed time: 3762 seconds

