#-----------------------------------------------------------
# Vivado v2014.4 (64-bit)
# SW Build 1071353 on Tue Nov 18 18:29:27 MST 2014
# IP Build 1070531 on Tue Nov 18 01:10:18 MST 2014
# Start of session at: Wed Jul 29 19:30:40 2020
# Process ID: 12080
# Log file: E:/UV/FPGA/VERIFY/vry_AXI_DMA/vry_AXI_DMA/vivado.log
# Journal file: E:/UV/FPGA/VERIFY/vry_AXI_DMA/vry_AXI_DMA\vivado.jou
#-----------------------------------------------------------
start_gui
open_project E:/UV/FPGA/VERIFY/vry_AXI_DMA/vry_AXI_DMA/vry_AXI_DMA.xpr
CRITICAL WARNING: [Project 1-19] Could not find the file 'E:/UV/FPGA/VERIFY/vry_AXI_DMA/vry_AXI_DMA/vry_AXI_DMA.srcs/sources_1/ip/AXI_FIFO_BRIDGE/AXI_FIFO_BRIDGE.upgrade_log'.
Scanning sources...
Finished scanning sources
INFO: [IP_Flow 19-234] Refreshing IP repositories
INFO: [IP_Flow 19-1700] Loaded user IP repository 'e:/UV/FPGA/VERIFY/vry_AXI_DMA/vry_AXI_DMA/ip_repo/axi_full_slave2_1.0'.
INFO: [IP_Flow 19-1700] Loaded user IP repository 'e:/UV/FPGA/VERIFY/vry_AXI_DMA/vry_AXI_DMA/ip_repo/axi_full_slave1_1.0'.
INFO: [IP_Flow 19-1700] Loaded user IP repository 'e:/UV/FPGA/VERIFY/vry_AXI_DMA/vry_AXI_DMA/ip_repo/axi_full_slave_1.0'.
INFO: [IP_Flow 19-1700] Loaded user IP repository 'e:/UV/FPGA/VERIFY/vry_AXI_DMA/vry_AXI_DMA/ip_repo/axi_full_master_1.0'.
INFO: [IP_Flow 19-2313] Loaded Vivado IP repository 'D:/install/Xilinx/Vivado/2014.4/data/ip'.
open_project: Time (s): cpu = 00:00:12 ; elapsed = 00:00:05 . Memory (MB): peak = 740.133 ; gain = 193.207
ipx::create_abstraction_definition xilinx.com user axi_reg_rtl 1.0
ipx::create_bus_definition xilinx.com user axi_reg 1.0
set_property xml_file_name E:/UV/FPGA/VERIFY/vry_AXI_DMA/vry_AXI_DMA/axi_reg_rtl.xml [ipx::current_busabs]
set_property xml_file_name E:/UV/FPGA/VERIFY/vry_AXI_DMA/vry_AXI_DMA/axi_reg.xml [ipx::current_busdef]
set_property bus_type_vlnv xilinx.com:user:axi_reg:1.0 [ipx::current_busabs]
ipx::save_abstraction_definition [ipx::current_busabs]
ipx::save_bus_definition [ipx::current_busdef]
set_property ip_repo_paths  {e:/UV/FPGA/VERIFY/vry_AXI_DMA/vry_AXI_DMA/ip_repo/axi_full_slave2_1.0 e:/UV/FPGA/VERIFY/vry_AXI_DMA/vry_AXI_DMA/ip_repo/axi_full_slave1_1.0 e:/UV/FPGA/VERIFY/vry_AXI_DMA/vry_AXI_DMA/ip_repo/axi_full_slave_1.0 e:/UV/FPGA/VERIFY/vry_AXI_DMA/vry_AXI_DMA/ip_repo/axi_full_master_1.0 E:/UV/FPGA/VERIFY/vry_AXI_DMA/vry_AXI_DMA} [current_project]
update_ip_catalog
INFO: [IP_Flow 19-234] Refreshing IP repositories
WARNING: [IP_Flow 19-3685] Ignored loading user repository 'e:/UV/FPGA/VERIFY/vry_AXI_DMA/vry_AXI_DMA/ip_repo/axi_full_slave2_1.0'. The path is contained within another repository.
WARNING: [IP_Flow 19-3685] Ignored loading user repository 'e:/UV/FPGA/VERIFY/vry_AXI_DMA/vry_AXI_DMA/ip_repo/axi_full_slave1_1.0'. The path is contained within another repository.
WARNING: [IP_Flow 19-3685] Ignored loading user repository 'e:/UV/FPGA/VERIFY/vry_AXI_DMA/vry_AXI_DMA/ip_repo/axi_full_slave_1.0'. The path is contained within another repository.
WARNING: [IP_Flow 19-3685] Ignored loading user repository 'e:/UV/FPGA/VERIFY/vry_AXI_DMA/vry_AXI_DMA/ip_repo/axi_full_master_1.0'. The path is contained within another repository.
INFO: [IP_Flow 19-1700] Loaded user IP repository 'e:/UV/FPGA/VERIFY/vry_AXI_DMA/vry_AXI_DMA'.
ipx::add_bus_abstraction_port reg1 [ipx::current_busabs]
ipx::save_bus_definition [ipx::current_busdef]
ipx::save_abstraction_definition [ipx::current_busabs]
ipx::unload_abstraction_definition e:/UV/FPGA/VERIFY/vry_AXI_DMA/vry_AXI_DMA/axi_reg_rtl.xml
ipx::unload_bus_definition e:/UV/FPGA/VERIFY/vry_AXI_DMA/vry_AXI_DMA/axi_reg.xml
exit
INFO: [Common 17-206] Exiting Vivado at Wed Jul 29 19:57:30 2020...
