#-----------------------------------------------------------
# Vivado v2014.4 (64-bit)
# SW Build 1071353 on Tue Nov 18 18:29:27 MST 2014
# IP Build 1070531 on Tue Nov 18 01:10:18 MST 2014
# Start of session at: Thu Aug 13 10:54:22 2020
# Process ID: 5300
# Log file: E:/UV/FPGA/VERIFY/vry_AXI_DMA/vry_AXI_DMA/vivado.log
# Journal file: E:/UV/FPGA/VERIFY/vry_AXI_DMA/vry_AXI_DMA\vivado.jou
#-----------------------------------------------------------
start_gui
open_project E:/UV/FPGA/VERIFY/vry_AXI_DMA/vry_AXI_DMA/vry_AXI_DMA.xpr
CRITICAL WARNING: [Project 1-19] Could not find the file 'E:/UV/FPGA/VERIFY/vry_AXI_DMA/vry_AXI_DMA/vry_AXI_DMA.srcs/sources_1/ip/AXI_FIFO_BRIDGE/AXI_FIFO_BRIDGE.upgrade_log'.
Scanning sources...
Finished scanning sources
INFO: [IP_Flow 19-234] Refreshing IP repositories
INFO: [IP_Flow 19-1700] Loaded user IP repository 'e:/UV/FPGA/VERIFY/vry_AXI_DMA/vry_AXI_DMA/ip_repo'.
INFO: [IP_Flow 19-2313] Loaded Vivado IP repository 'D:/install/Xilinx/Vivado/2014.4/data/ip'.
open_project: Time (s): cpu = 00:00:16 ; elapsed = 00:00:13 . Memory (MB): peak = 719.105 ; gain = 170.973
open_bd_design {E:/UV/FPGA/VERIFY/vry_AXI_DMA/vry_AXI_DMA/vry_AXI_DMA.srcs/sources_1/bd/design_1/design_1.bd}
Adding component instance block -- xilinx.com:user:axi_full_master:1.0 - axi_full_master_0
Adding component instance block -- xilinx.com:user:axi_full_slave2:1.0 - axi_full_slave2_0
Adding component instance block -- xilinx.com:ip:axi_dma:7.1 - axi_dma_0
Adding component instance block -- xilinx.com:ip:axi_cdma:4.1 - axi_cdma_0
Successfully read diagram <design_1> from BD file <E:/UV/FPGA/VERIFY/vry_AXI_DMA/vry_AXI_DMA/vry_AXI_DMA.srcs/sources_1/bd/design_1/design_1.bd>
open_bd_design: Time (s): cpu = 00:00:06 ; elapsed = 00:00:05 . Memory (MB): peak = 719.535 ; gain = 0.430
exit
INFO: [Common 17-206] Exiting Vivado at Thu Aug 13 10:59:44 2020...
