#-----------------------------------------------------------
# Vivado v2014.4 (64-bit)
# SW Build 1071353 on Tue Nov 18 18:29:27 MST 2014
# IP Build 1070531 on Tue Nov 18 01:10:18 MST 2014
# Start of session at: Wed Jul 29 14:51:55 2020
# Process ID: 8788
# Log file: E:/UV/FPGA/VERIFY/vry_AXI_DMA_1/vry_AXI_DMA/vivado.log
# Journal file: E:/UV/FPGA/VERIFY/vry_AXI_DMA_1/vry_AXI_DMA\vivado.jou
#-----------------------------------------------------------
start_gui
open_project E:/UV/FPGA/VERIFY/vry_AXI_DMA_1/vry_AXI_DMA/vry_AXI_DMA.xpr
INFO: [Project 1-313] Project file moved from 'E:/UV/FPGA/VERIFY/vry_AXI_DMA/vry_AXI_DMA' since last save.
CRITICAL WARNING: [Project 1-311] Could not find the file 'E:/UV/FPGA/VERIFY/vry_AXI_DMA_1/vry_AXI_DMA/vry_AXI_DMA.srcs/sources_1/ip/AXI_FIFO_BRIDGE/AXI_FIFO_BRIDGE.upgrade_log', nor could it be found using path 'E:/UV/FPGA/VERIFY/vry_AXI_DMA/vry_AXI_DMA/vry_AXI_DMA.srcs/sources_1/ip/AXI_FIFO_BRIDGE/AXI_FIFO_BRIDGE.upgrade_log'.
Scanning sources...
Finished scanning sources
INFO: [IP_Flow 19-234] Refreshing IP repositories
INFO: [IP_Flow 19-1700] Loaded user IP repository 'e:/UV/FPGA/VERIFY/vry_AXI_DMA_1/vry_AXI_DMA/ip_repo/axi_full_slave2_1.0'.
INFO: [IP_Flow 19-1700] Loaded user IP repository 'e:/UV/FPGA/VERIFY/vry_AXI_DMA_1/vry_AXI_DMA/ip_repo/axi_full_slave1_1.0'.
INFO: [IP_Flow 19-1700] Loaded user IP repository 'e:/UV/FPGA/VERIFY/vry_AXI_DMA_1/vry_AXI_DMA/ip_repo/axi_full_slave_1.0'.
INFO: [IP_Flow 19-1700] Loaded user IP repository 'e:/UV/FPGA/VERIFY/vry_AXI_DMA_1/vry_AXI_DMA/ip_repo/axi_full_master_1.0'.
INFO: [IP_Flow 19-2313] Loaded Vivado IP repository 'D:/install/Xilinx/Vivado/2014.4/data/ip'.
open_project: Time (s): cpu = 00:00:12 ; elapsed = 00:00:08 . Memory (MB): peak = 698.504 ; gain = 159.410
ipx::edit_ip_in_project -upgrade true -name axi_full_slave2_v1_0_v1_0_project -directory E:/UV/FPGA/VERIFY/vry_AXI_DMA_1/vry_AXI_DMA/ip_repo/axi_full_slave2_1.0/axi_full_slave2_v1_0_v1_0_project e:/UV/FPGA/VERIFY/vry_AXI_DMA_1/vry_AXI_DMA/ip_repo/axi_full_slave2_1.0/component.xml
INFO: [Project 1-489] The host OS only allows 260 characters in a normal path. The project is stored in a path with more than 80 characters. If you experience issues with IP, Block Designs, or files not being found, please consider moving the project to a location with a shorter path. Alternately consider using the OS subst command to map part of the path to a drive letter.
Current project path is 'e:/uv/fpga/verify/vry_axi_dma_1/vry_axi_dma/ip_repo/axi_full_slave2_1.0/axi_full_slave2_v1_0_v1_0_project'
INFO: [IP_Flow 19-234] Refreshing IP repositories
INFO: [IP_Flow 19-1704] No user IP repositories specified
INFO: [IP_Flow 19-2313] Loaded Vivado IP repository 'D:/install/Xilinx/Vivado/2014.4/data/ip'.
INFO: [IP_Flow 19-234] Refreshing IP repositories
INFO: [IP_Flow 19-1700] Loaded user IP repository 'e:/UV/FPGA/VERIFY/vry_AXI_DMA_1/vry_AXI_DMA/ip_repo/axi_full_slave2_1.0'.
INFO: [IP_Flow 19-1700] Loaded user IP repository 'e:/UV/FPGA/VERIFY/vry_AXI_DMA_1/vry_AXI_DMA/ip_repo/axi_full_slave1_1.0'.
INFO: [IP_Flow 19-1700] Loaded user IP repository 'e:/UV/FPGA/VERIFY/vry_AXI_DMA_1/vry_AXI_DMA/ip_repo/axi_full_slave_1.0'.
INFO: [IP_Flow 19-1700] Loaded user IP repository 'e:/UV/FPGA/VERIFY/vry_AXI_DMA_1/vry_AXI_DMA/ip_repo/axi_full_master_1.0'.
ipx::edit_ip_in_project: Time (s): cpu = 00:00:08 ; elapsed = 00:00:06 . Memory (MB): peak = 739.816 ; gain = 21.570
update_compile_order -fileset sim_1
ipx::update_ip_instances -delete_project true
INFO: [IP_Flow 19-234] Refreshing IP repositories
INFO: [IP_Flow 19-1700] Loaded user IP repository 'e:/UV/FPGA/VERIFY/vry_AXI_DMA_1/vry_AXI_DMA/ip_repo/axi_full_slave2_1.0'.
INFO: [IP_Flow 19-1700] Loaded user IP repository 'e:/UV/FPGA/VERIFY/vry_AXI_DMA_1/vry_AXI_DMA/ip_repo/axi_full_slave1_1.0'.
INFO: [IP_Flow 19-1700] Loaded user IP repository 'e:/UV/FPGA/VERIFY/vry_AXI_DMA_1/vry_AXI_DMA/ip_repo/axi_full_slave_1.0'.
INFO: [IP_Flow 19-1700] Loaded user IP repository 'e:/UV/FPGA/VERIFY/vry_AXI_DMA_1/vry_AXI_DMA/ip_repo/axi_full_master_1.0'.
report_ip_status -name ip_status 
upgrade_ip -vlnv xilinx.com:user:axi_full_slave2:1.0 [get_ips  design_1_axi_full_slave2_0_0]
Upgrading 'E:/UV/FPGA/VERIFY/vry_AXI_DMA_1/vry_AXI_DMA/vry_AXI_DMA.srcs/sources_1/bd/design_1/design_1.bd'
Adding component instance block -- xilinx.com:user:axi_full_master:1.0 - axi_full_master_0
Adding component instance block -- xilinx.com:user:axi_full_slave2:1.0 - axi_full_slave2_0
Successfully read diagram <design_1> from BD file <E:/UV/FPGA/VERIFY/vry_AXI_DMA_1/vry_AXI_DMA/vry_AXI_DMA.srcs/sources_1/bd/design_1/design_1.bd>
INFO: [IP_Flow 19-3422] Upgraded design_1_axi_full_slave2_0_0 (axi_full_slave2_v1.0 1.0) from revision 5 to revision 6
INFO: [IP_Flow 19-3471] Wrote upgrade log to 'e:/UV/FPGA/VERIFY/vry_AXI_DMA_1/vry_AXI_DMA/vry_AXI_DMA.srcs/sources_1/bd/design_1/ip/design_1_axi_full_slave2_0_0/design_1_axi_full_slave2_0_0.upgrade_log'.
Wrote  : <E:/UV/FPGA/VERIFY/vry_AXI_DMA_1/vry_AXI_DMA/vry_AXI_DMA.srcs/sources_1/bd/design_1/design_1.bd> 
generate_target all [get_files  E:/UV/FPGA/VERIFY/vry_AXI_DMA_1/vry_AXI_DMA/vry_AXI_DMA.srcs/sources_1/bd/design_1/design_1.bd]
CRITICAL WARNING: [BD 41-1348] Reset pin /axi_full_master_0/m00_axi_aresetn (associated clock /axi_full_master_0/m00_axi_aclk) is connected to asynchronous reset source /m00_axi_aresetn.
This may prevent design from meeting timing. Please add Processor System Reset module to create a reset that is synchronous to the associated clock source /m00_axi_aclk.
CRITICAL WARNING: [BD 41-1348] Reset pin /axi_full_slave2_0/s00_axi_aresetn (associated clock /axi_full_slave2_0/s00_axi_aclk) is connected to asynchronous reset source /m00_axi_aresetn.
This may prevent design from meeting timing. Please add Processor System Reset module to create a reset that is synchronous to the associated clock source /m00_axi_aclk.
CRITICAL WARNING: [BD 41-1356] Address block </axi_full_slave2_0/S00_AXI/S00_AXI_mem> is not mapped into </axi_full_master_0/M00_AXI>. Please use Address Editor to either map or exclude it.
INFO: [BD 41-1379] This design does not contain any processor.
Generated Block Design Tcl file E:/UV/FPGA/VERIFY/vry_AXI_DMA_1/vry_AXI_DMA/vry_AXI_DMA.srcs/sources_1/bd/design_1/hw_handoff/design_1_bd.tcl
Exporting to file E:/UV/FPGA/VERIFY/vry_AXI_DMA_1/vry_AXI_DMA/vry_AXI_DMA.srcs/sources_1/bd/design_1/hw_handoff/design_1.hwh
Verilog Output written to : design_1.v
Verilog Output written to : design_1_wrapper.v
Wrote  : <E:/UV/FPGA/VERIFY/vry_AXI_DMA_1/vry_AXI_DMA/vry_AXI_DMA.srcs/sources_1/bd/design_1/design_1.bd> 
INFO: [BD 41-1029] Generation completed for the IP Integrator block axi_full_master_0 .
INFO: [IP_Flow 19-1686] Generating 'Instantiation Template' target for IP 'design_1_axi_full_slave2_0_0'...
INFO: [IP_Flow 19-1686] Generating 'Synthesis' target for IP 'design_1_axi_full_slave2_0_0'...
INFO: [IP_Flow 19-1686] Generating 'Simulation' target for IP 'design_1_axi_full_slave2_0_0'...
INFO: [IP_Flow 19-1686] Generating 'Software Driver' target for IP 'design_1_axi_full_slave2_0_0'...
INFO: [BD 41-1029] Generation completed for the IP Integrator block axi_full_slave2_0 .
reset_target all [get_files  E:/UV/FPGA/VERIFY/vry_AXI_DMA_1/vry_AXI_DMA/vry_AXI_DMA.srcs/sources_1/bd/design_1/design_1.bd]
generate_target all [get_files  E:/UV/FPGA/VERIFY/vry_AXI_DMA_1/vry_AXI_DMA/vry_AXI_DMA.srcs/sources_1/bd/design_1/design_1.bd]
CRITICAL WARNING: [BD 41-1348] Reset pin /axi_full_master_0/m00_axi_aresetn (associated clock /axi_full_master_0/m00_axi_aclk) is connected to asynchronous reset source /m00_axi_aresetn.
This may prevent design from meeting timing. Please add Processor System Reset module to create a reset that is synchronous to the associated clock source /m00_axi_aclk.
CRITICAL WARNING: [BD 41-1348] Reset pin /axi_full_slave2_0/s00_axi_aresetn (associated clock /axi_full_slave2_0/s00_axi_aclk) is connected to asynchronous reset source /m00_axi_aresetn.
This may prevent design from meeting timing. Please add Processor System Reset module to create a reset that is synchronous to the associated clock source /m00_axi_aclk.
CRITICAL WARNING: [BD 41-1356] Address block </axi_full_slave2_0/S00_AXI/S00_AXI_mem> is not mapped into </axi_full_master_0/M00_AXI>. Please use Address Editor to either map or exclude it.
INFO: [BD 41-1379] This design does not contain any processor.
Generated Block Design Tcl file E:/UV/FPGA/VERIFY/vry_AXI_DMA_1/vry_AXI_DMA/vry_AXI_DMA.srcs/sources_1/bd/design_1/hw_handoff/design_1_bd.tcl
Exporting to file E:/UV/FPGA/VERIFY/vry_AXI_DMA_1/vry_AXI_DMA/vry_AXI_DMA.srcs/sources_1/bd/design_1/hw_handoff/design_1.hwh
Verilog Output written to : design_1.v
Verilog Output written to : design_1_wrapper.v
Wrote  : <E:/UV/FPGA/VERIFY/vry_AXI_DMA_1/vry_AXI_DMA/vry_AXI_DMA.srcs/sources_1/bd/design_1/design_1.bd> 
INFO: [IP_Flow 19-1686] Generating 'Instantiation Template' target for IP 'design_1_axi_full_master_0_0'...
INFO: [IP_Flow 19-1686] Generating 'Synthesis' target for IP 'design_1_axi_full_master_0_0'...
INFO: [IP_Flow 19-1686] Generating 'Simulation' target for IP 'design_1_axi_full_master_0_0'...
INFO: [BD 41-1029] Generation completed for the IP Integrator block axi_full_master_0 .
INFO: [IP_Flow 19-1686] Generating 'Instantiation Template' target for IP 'design_1_axi_full_slave2_0_0'...
INFO: [IP_Flow 19-1686] Generating 'Synthesis' target for IP 'design_1_axi_full_slave2_0_0'...
INFO: [IP_Flow 19-1686] Generating 'Simulation' target for IP 'design_1_axi_full_slave2_0_0'...
INFO: [IP_Flow 19-1686] Generating 'Software Driver' target for IP 'design_1_axi_full_slave2_0_0'...
INFO: [BD 41-1029] Generation completed for the IP Integrator block axi_full_slave2_0 .
launch_simulation
INFO: [USF-XSim-27] Simulation object is 'sim_1'
INFO: [USF-XSim-37] Inspecting design source files for 'tb_design_1' in fileset 'sim_1'...
INFO: [USF-XSim-97] Finding global include files...
INFO: [USF-XSim-98] Fetching design files from 'sim_1'...
INFO: [USF-XSim-2] XSim::Compile design
INFO: [USF-XSim-61] Executing 'COMPILE' step in 'E:/UV/FPGA/VERIFY/vry_AXI_DMA_1/vry_AXI_DMA/vry_AXI_DMA.sim/sim_1/behav'
"xvlog -m64 -prj tb_design_1_vlog.prj"
Determining compilation order of HDL files.
INFO: [VRFC 10-2263] Analyzing Verilog file "E:/UV/FPGA/VERIFY/vry_AXI_DMA_1/vry_AXI_DMA/vry_AXI_DMA.srcs/sources_1/ipshared/xilinx.com/axi_full_master_v1_0/5626e741/hdl/axi_full_master_v1_0_M00_AXI.v" into library xil_defaultlib
INFO: [VRFC 10-311] analyzing module axi_full_master_v1_0_M00_AXI
INFO: [VRFC 10-2263] Analyzing Verilog file "E:/UV/FPGA/VERIFY/vry_AXI_DMA_1/vry_AXI_DMA/vry_AXI_DMA.srcs/sources_1/ipshared/xilinx.com/axi_full_master_v1_0/5626e741/hdl/axi_full_master_v1_0.v" into library xil_defaultlib
INFO: [VRFC 10-311] analyzing module axi_full_master_v1_0
INFO: [VRFC 10-2263] Analyzing Verilog file "E:/UV/FPGA/VERIFY/vry_AXI_DMA_1/vry_AXI_DMA/vry_AXI_DMA.srcs/sources_1/bd/design_1/ip/design_1_axi_full_master_0_0/sim/design_1_axi_full_master_0_0.v" into library xil_defaultlib
INFO: [VRFC 10-311] analyzing module design_1_axi_full_master_0_0
INFO: [VRFC 10-2263] Analyzing Verilog file "E:/UV/FPGA/VERIFY/vry_AXI_DMA_1/vry_AXI_DMA/vry_AXI_DMA.srcs/sources_1/ipshared/xilinx.com/axi_full_slave2_v1_0/39919e49/hdl/axi_full_slave2_v1_0_S00_AXI.v" into library xil_defaultlib
INFO: [VRFC 10-311] analyzing module axi_full_slave2_v1_0_S00_AXI
WARNING: [VRFC 10-634] event expressions must result in a singular type [E:/UV/FPGA/VERIFY/vry_AXI_DMA_1/vry_AXI_DMA/vry_AXI_DMA.srcs/sources_1/ipshared/xilinx.com/axi_full_slave2_v1_0/39919e49/hdl/axi_full_slave2_v1_0_S00_AXI.v:591]
INFO: [VRFC 10-2263] Analyzing Verilog file "E:/UV/FPGA/VERIFY/vry_AXI_DMA_1/vry_AXI_DMA/vry_AXI_DMA.srcs/sources_1/ipshared/xilinx.com/axi_full_slave2_v1_0/39919e49/hdl/axi_full_slave2_v1_0.v" into library xil_defaultlib
INFO: [VRFC 10-311] analyzing module axi_full_slave2_v1_0
INFO: [VRFC 10-2263] Analyzing Verilog file "E:/UV/FPGA/VERIFY/vry_AXI_DMA_1/vry_AXI_DMA/vry_AXI_DMA.srcs/sources_1/bd/design_1/ip/design_1_axi_full_slave2_0_0/sim/design_1_axi_full_slave2_0_0.v" into library xil_defaultlib
INFO: [VRFC 10-311] analyzing module design_1_axi_full_slave2_0_0
INFO: [VRFC 10-2263] Analyzing Verilog file "E:/UV/FPGA/VERIFY/vry_AXI_DMA_1/vry_AXI_DMA/vry_AXI_DMA.srcs/sources_1/bd/design_1/hdl/design_1.v" into library xil_defaultlib
INFO: [VRFC 10-311] analyzing module design_1
INFO: [VRFC 10-2263] Analyzing Verilog file "E:/UV/FPGA/VERIFY/vry_AXI_DMA_1/vry_AXI_DMA/vry_AXI_DMA.srcs/sources_1/bd/design_1/hdl/design_1_wrapper.v" into library xil_defaultlib
INFO: [VRFC 10-311] analyzing module design_1_wrapper
INFO: [VRFC 10-2263] Analyzing Verilog file "E:/UV/FPGA/VERIFY/vry_AXI_DMA_1/vry_AXI_DMA/vry_AXI_DMA.srcs/sim_1/new/tb_design_1.v" into library xil_defaultlib
INFO: [VRFC 10-311] analyzing module tb_design_1
INFO: [VRFC 10-2263] Analyzing Verilog file "E:/UV/FPGA/VERIFY/vry_AXI_DMA_1/vry_AXI_DMA/vry_AXI_DMA.sim/sim_1/behav/glbl.v" into library xil_defaultlib
INFO: [VRFC 10-311] analyzing module glbl
INFO: [USF-XSim-3] XSim::Elaborate design
INFO: [USF-XSim-61] Executing 'ELABORATE' step in 'E:/UV/FPGA/VERIFY/vry_AXI_DMA_1/vry_AXI_DMA/vry_AXI_DMA.sim/sim_1/behav'
Vivado Simulator 2014.4
Copyright 1986-1999, 2001-2014 Xilinx, Inc. All Rights Reserved.
Running: D:/install/Xilinx/Vivado/2014.4/bin/unwrapped/win64.o/xelab.exe -wto 8ad2ca299ca2422aa3e5fb899b3a631e --debug typical --relax -L xil_defaultlib -L unisims_ver -L unimacro_ver -L secureip --snapshot tb_design_1_behav xil_defaultlib.tb_design_1 xil_defaultlib.glbl -log elaborate.log 
Multi-threading is on. Using 2 slave threads.
Starting static elaboration
Completed static elaboration
Starting simulation data flow analysis
Completed simulation data flow analysis
Time Resolution for simulation is 1ps
Compiling module unisims_ver.GND
Compiling module xil_defaultlib.axi_full_master_v1_0_M00_AXI(C_M...
Compiling module xil_defaultlib.axi_full_master_v1_0(C_M00_AXI_A...
Compiling module xil_defaultlib.design_1_axi_full_master_0_0
Compiling module xil_defaultlib.axi_full_slave2_v1_0_S00_AXI(C_S...
Compiling module xil_defaultlib.axi_full_slave2_v1_0(C_S00_AXI_A...
Compiling module xil_defaultlib.design_1_axi_full_slave2_0_0
Compiling module xil_defaultlib.design_1
Compiling module xil_defaultlib.design_1_wrapper
Compiling module xil_defaultlib.tb_design_1
Compiling module xil_defaultlib.glbl
Waiting for 2 sub-compilation(s) to finish...
Built simulation snapshot tb_design_1_behav

****** Webtalk v2014.4 (64-bit)
  **** SW Build 1071353 on Tue Nov 18 18:29:27 MST 2014
  **** IP Build 1070531 on Tue Nov 18 01:10:18 MST 2014
    ** Copyright 1986-2014 Xilinx, Inc. All Rights Reserved.

source E:/UV/FPGA/VERIFY/vry_AXI_DMA_1/vry_AXI_DMA/vry_AXI_DMA.sim/sim_1/behav/xsim.dir/tb_design_1_behav/webtalk/xsim_webtalk.tcl -notrace

    while executing
"webtalk_transmit -clientid 2090038104 -regid "" -xml E:/UV/FPGA/VERIFY/vry_AXI_DMA_1/vry_AXI_DMA/vry_AXI_DMA.sim/sim_1/behav/xsim.dir/tb_design_1_beha..."
    (file "E:/UV/FPGA/VERIFY/vry_AXI_DMA_1/vry_AXI_DMA/vry_AXI_DMA.sim/sim_1/behav/xsim.dir/tb_design_1_behav/webtalk/xsim_webtalk.tcl" line 41)
INFO: [Common 17-206] Exiting Webtalk at Wed Jul 29 14:54:45 2020...
run_program: Time (s): cpu = 00:00:00 ; elapsed = 00:00:08 . Memory (MB): peak = 807.215 ; gain = 0.000
INFO: [USF-XSim-4] XSim::Simulate design
INFO: [USF-XSim-61] Executing 'SIMULATE' step in 'E:/UV/FPGA/VERIFY/vry_AXI_DMA_1/vry_AXI_DMA/vry_AXI_DMA.sim/sim_1/behav'
INFO: [USF-XSim-98] *** Running xsim
   with args "tb_design_1_behav -key {Behavioral:sim_1:Functional:tb_design_1} -tclbatch {tb_design_1.tcl} -log {simulate.log}"
INFO: [USF-XSim-8] Loading simulator feature
Vivado Simulator 2014.4
Time resolution is 1 ps
open_wave_config {E:/UV/FPGA/VERIFY/vry_AXI_DMA_1/vry_AXI_DMA\tb_design_1_behav.wcfg}
source tb_design_1.tcl
# set curr_wave [current_wave_config]
# if { [string length $curr_wave] == 0 } {
#   if { [llength [get_objects]] > 0} {
#     add_wave /
#     set_property needs_save false [current_wave_config]
#   } else {
#      send_msg_id Add_Wave-1 WARNING "No top level signals found. Simulator will start without a wave window. If you want to open a wave window go to 'File->New Waveform Configuration' or type 'create_wave_config' in the TCL console."
#   }
# }
# run 1000ns
INFO: [USF-XSim-96] XSim completed. Design snapshot 'tb_design_1_behav' loaded.
INFO: [USF-XSim-97] XSim simulation ran for 1000ns
launch_simulation: Time (s): cpu = 00:00:03 ; elapsed = 00:00:14 . Memory (MB): peak = 838.895 ; gain = 31.680
run 10 us
add_wave {{/tb_design_1/design_1_wrapper_inst/design_1_i/axi_full_slave2_0/inst/axi_full_slave2_v1_0_S00_AXI_inst/axi_rlast}} 
restart
INFO: [Simtcl 6-17] Simulation restarted
run 10 us
add_wave {{/tb_design_1/design_1_wrapper_inst/design_1_i/axi_full_slave2_0/inst/axi_full_slave2_v1_0_S00_AXI_inst/axi_arlen_cntr}} 
restart
INFO: [Simtcl 6-17] Simulation restarted
run 5 us
save_wave_config {E:/UV/FPGA/VERIFY/vry_AXI_DMA_1/vry_AXI_DMA\tb_design_1_behav.wcfg}
INFO: [Simtcl 6-16] Simulation closed
close_sim: Time (s): cpu = 00:00:01 ; elapsed = 00:00:06 . Memory (MB): peak = 890.895 ; gain = 0.000
launch_simulation
INFO: [USF-XSim-27] Simulation object is 'sim_1'
INFO: [USF-XSim-37] Inspecting design source files for 'tb_design_1' in fileset 'sim_1'...
INFO: [USF-XSim-97] Finding global include files...
INFO: [USF-XSim-98] Fetching design files from 'sim_1'...
INFO: [USF-XSim-2] XSim::Compile design
INFO: [USF-XSim-61] Executing 'COMPILE' step in 'E:/UV/FPGA/VERIFY/vry_AXI_DMA_1/vry_AXI_DMA/vry_AXI_DMA.sim/sim_1/behav'
"xvlog -m64 -prj tb_design_1_vlog.prj"
Determining compilation order of HDL files.
INFO: [VRFC 10-2263] Analyzing Verilog file "E:/UV/FPGA/VERIFY/vry_AXI_DMA_1/vry_AXI_DMA/vry_AXI_DMA.srcs/sources_1/ipshared/xilinx.com/axi_full_master_v1_0/5626e741/hdl/axi_full_master_v1_0_M00_AXI.v" into library xil_defaultlib
INFO: [VRFC 10-311] analyzing module axi_full_master_v1_0_M00_AXI
INFO: [VRFC 10-2263] Analyzing Verilog file "E:/UV/FPGA/VERIFY/vry_AXI_DMA_1/vry_AXI_DMA/vry_AXI_DMA.srcs/sources_1/ipshared/xilinx.com/axi_full_master_v1_0/5626e741/hdl/axi_full_master_v1_0.v" into library xil_defaultlib
INFO: [VRFC 10-311] analyzing module axi_full_master_v1_0
INFO: [VRFC 10-2263] Analyzing Verilog file "E:/UV/FPGA/VERIFY/vry_AXI_DMA_1/vry_AXI_DMA/vry_AXI_DMA.srcs/sources_1/bd/design_1/ip/design_1_axi_full_master_0_0/sim/design_1_axi_full_master_0_0.v" into library xil_defaultlib
INFO: [VRFC 10-311] analyzing module design_1_axi_full_master_0_0
INFO: [VRFC 10-2263] Analyzing Verilog file "E:/UV/FPGA/VERIFY/vry_AXI_DMA_1/vry_AXI_DMA/vry_AXI_DMA.srcs/sources_1/ipshared/xilinx.com/axi_full_slave2_v1_0/39919e49/hdl/axi_full_slave2_v1_0_S00_AXI.v" into library xil_defaultlib
INFO: [VRFC 10-311] analyzing module axi_full_slave2_v1_0_S00_AXI
WARNING: [VRFC 10-634] event expressions must result in a singular type [E:/UV/FPGA/VERIFY/vry_AXI_DMA_1/vry_AXI_DMA/vry_AXI_DMA.srcs/sources_1/ipshared/xilinx.com/axi_full_slave2_v1_0/39919e49/hdl/axi_full_slave2_v1_0_S00_AXI.v:591]
INFO: [VRFC 10-2263] Analyzing Verilog file "E:/UV/FPGA/VERIFY/vry_AXI_DMA_1/vry_AXI_DMA/vry_AXI_DMA.srcs/sources_1/ipshared/xilinx.com/axi_full_slave2_v1_0/39919e49/hdl/axi_full_slave2_v1_0.v" into library xil_defaultlib
INFO: [VRFC 10-311] analyzing module axi_full_slave2_v1_0
INFO: [VRFC 10-2263] Analyzing Verilog file "E:/UV/FPGA/VERIFY/vry_AXI_DMA_1/vry_AXI_DMA/vry_AXI_DMA.srcs/sources_1/bd/design_1/ip/design_1_axi_full_slave2_0_0/sim/design_1_axi_full_slave2_0_0.v" into library xil_defaultlib
INFO: [VRFC 10-311] analyzing module design_1_axi_full_slave2_0_0
INFO: [VRFC 10-2263] Analyzing Verilog file "E:/UV/FPGA/VERIFY/vry_AXI_DMA_1/vry_AXI_DMA/vry_AXI_DMA.srcs/sources_1/bd/design_1/hdl/design_1.v" into library xil_defaultlib
INFO: [VRFC 10-311] analyzing module design_1
INFO: [VRFC 10-2263] Analyzing Verilog file "E:/UV/FPGA/VERIFY/vry_AXI_DMA_1/vry_AXI_DMA/vry_AXI_DMA.srcs/sources_1/bd/design_1/hdl/design_1_wrapper.v" into library xil_defaultlib
INFO: [VRFC 10-311] analyzing module design_1_wrapper
INFO: [VRFC 10-2263] Analyzing Verilog file "E:/UV/FPGA/VERIFY/vry_AXI_DMA_1/vry_AXI_DMA/vry_AXI_DMA.srcs/sim_1/new/tb_design_1.v" into library xil_defaultlib
INFO: [VRFC 10-311] analyzing module tb_design_1
INFO: [VRFC 10-2263] Analyzing Verilog file "E:/UV/FPGA/VERIFY/vry_AXI_DMA_1/vry_AXI_DMA/vry_AXI_DMA.sim/sim_1/behav/glbl.v" into library xil_defaultlib
INFO: [VRFC 10-311] analyzing module glbl
INFO: [USF-XSim-3] XSim::Elaborate design
INFO: [USF-XSim-61] Executing 'ELABORATE' step in 'E:/UV/FPGA/VERIFY/vry_AXI_DMA_1/vry_AXI_DMA/vry_AXI_DMA.sim/sim_1/behav'
Vivado Simulator 2014.4
Copyright 1986-1999, 2001-2014 Xilinx, Inc. All Rights Reserved.
Running: D:/install/Xilinx/Vivado/2014.4/bin/unwrapped/win64.o/xelab.exe -wto 8ad2ca299ca2422aa3e5fb899b3a631e --debug typical --relax -L xil_defaultlib -L unisims_ver -L unimacro_ver -L secureip --snapshot tb_design_1_behav xil_defaultlib.tb_design_1 xil_defaultlib.glbl -log elaborate.log 
Multi-threading is on. Using 2 slave threads.
Starting static elaboration
Completed static elaboration
Starting simulation data flow analysis
Completed simulation data flow analysis
Time Resolution for simulation is 1ps
Compiling module unisims_ver.GND
Compiling module xil_defaultlib.axi_full_master_v1_0_M00_AXI(C_M...
Compiling module xil_defaultlib.axi_full_master_v1_0(C_M00_AXI_A...
Compiling module xil_defaultlib.design_1_axi_full_master_0_0
Compiling module xil_defaultlib.axi_full_slave2_v1_0_S00_AXI(C_S...
Compiling module xil_defaultlib.axi_full_slave2_v1_0(C_S00_AXI_A...
Compiling module xil_defaultlib.design_1_axi_full_slave2_0_0
Compiling module xil_defaultlib.design_1
Compiling module xil_defaultlib.design_1_wrapper
Compiling module xil_defaultlib.tb_design_1
Compiling module xil_defaultlib.glbl
Waiting for 2 sub-compilation(s) to finish...
Built simulation snapshot tb_design_1_behav

****** Webtalk v2014.4 (64-bit)
  **** SW Build 1071353 on Tue Nov 18 18:29:27 MST 2014
  **** IP Build 1070531 on Tue Nov 18 01:10:18 MST 2014
    ** Copyright 1986-2014 Xilinx, Inc. All Rights Reserved.

source E:/UV/FPGA/VERIFY/vry_AXI_DMA_1/vry_AXI_DMA/vry_AXI_DMA.sim/sim_1/behav/xsim.dir/tb_design_1_behav/webtalk/xsim_webtalk.tcl -notrace

    while executing
"webtalk_transmit -clientid 1404763134 -regid "" -xml E:/UV/FPGA/VERIFY/vry_AXI_DMA_1/vry_AXI_DMA/vry_AXI_DMA.sim/sim_1/behav/xsim.dir/tb_design_1_beha..."
    (file "E:/UV/FPGA/VERIFY/vry_AXI_DMA_1/vry_AXI_DMA/vry_AXI_DMA.sim/sim_1/behav/xsim.dir/tb_design_1_behav/webtalk/xsim_webtalk.tcl" line 41)
INFO: [Common 17-206] Exiting Webtalk at Wed Jul 29 16:07:42 2020...
run_program: Time (s): cpu = 00:00:00 ; elapsed = 00:00:07 . Memory (MB): peak = 890.895 ; gain = 0.000
INFO: [USF-XSim-4] XSim::Simulate design
INFO: [USF-XSim-61] Executing 'SIMULATE' step in 'E:/UV/FPGA/VERIFY/vry_AXI_DMA_1/vry_AXI_DMA/vry_AXI_DMA.sim/sim_1/behav'
INFO: [USF-XSim-98] *** Running xsim
   with args "tb_design_1_behav -key {Behavioral:sim_1:Functional:tb_design_1} -tclbatch {tb_design_1.tcl} -log {simulate.log}"
INFO: [USF-XSim-8] Loading simulator feature
Vivado Simulator 2014.4
Time resolution is 1 ps
open_wave_config {E:/UV/FPGA/VERIFY/vry_AXI_DMA_1/vry_AXI_DMA\tb_design_1_behav.wcfg}
source tb_design_1.tcl
# set curr_wave [current_wave_config]
# if { [string length $curr_wave] == 0 } {
#   if { [llength [get_objects]] > 0} {
#     add_wave /
#     set_property needs_save false [current_wave_config]
#   } else {
#      send_msg_id Add_Wave-1 WARNING "No top level signals found. Simulator will start without a wave window. If you want to open a wave window go to 'File->New Waveform Configuration' or type 'create_wave_config' in the TCL console."
#   }
# }
# run 1000ns
INFO: [USF-XSim-96] XSim completed. Design snapshot 'tb_design_1_behav' loaded.
INFO: [USF-XSim-97] XSim simulation ran for 1000ns
launch_simulation: Time (s): cpu = 00:00:01 ; elapsed = 00:00:11 . Memory (MB): peak = 890.895 ; gain = 0.000
run 5 us
run 5 us
ipx::edit_ip_in_project -upgrade true -name axi_full_slave2_v1_0_v1_0_project -directory E:/UV/FPGA/VERIFY/vry_AXI_DMA_1/vry_AXI_DMA/ip_repo/axi_full_slave2_1.0/axi_full_slave2_v1_0_v1_0_project e:/UV/FPGA/VERIFY/vry_AXI_DMA_1/vry_AXI_DMA/ip_repo/axi_full_slave2_1.0/component.xml
INFO: [Project 1-489] The host OS only allows 260 characters in a normal path. The project is stored in a path with more than 80 characters. If you experience issues with IP, Block Designs, or files not being found, please consider moving the project to a location with a shorter path. Alternately consider using the OS subst command to map part of the path to a drive letter.
Current project path is 'e:/uv/fpga/verify/vry_axi_dma_1/vry_axi_dma/ip_repo/axi_full_slave2_1.0/axi_full_slave2_v1_0_v1_0_project'
INFO: [IP_Flow 19-234] Refreshing IP repositories
INFO: [IP_Flow 19-1704] No user IP repositories specified
INFO: [IP_Flow 19-2313] Loaded Vivado IP repository 'D:/install/Xilinx/Vivado/2014.4/data/ip'.
INFO: [IP_Flow 19-234] Refreshing IP repositories
INFO: [IP_Flow 19-1700] Loaded user IP repository 'e:/UV/FPGA/VERIFY/vry_AXI_DMA_1/vry_AXI_DMA/ip_repo/axi_full_slave2_1.0'.
INFO: [IP_Flow 19-1700] Loaded user IP repository 'e:/UV/FPGA/VERIFY/vry_AXI_DMA_1/vry_AXI_DMA/ip_repo/axi_full_slave1_1.0'.
INFO: [IP_Flow 19-1700] Loaded user IP repository 'e:/UV/FPGA/VERIFY/vry_AXI_DMA_1/vry_AXI_DMA/ip_repo/axi_full_slave_1.0'.
INFO: [IP_Flow 19-1700] Loaded user IP repository 'e:/UV/FPGA/VERIFY/vry_AXI_DMA_1/vry_AXI_DMA/ip_repo/axi_full_master_1.0'.
update_compile_order -fileset sim_1
ipx::update_ip_instances -delete_project true
INFO: [IP_Flow 19-234] Refreshing IP repositories
INFO: [IP_Flow 19-1700] Loaded user IP repository 'e:/UV/FPGA/VERIFY/vry_AXI_DMA_1/vry_AXI_DMA/ip_repo/axi_full_slave2_1.0'.
INFO: [IP_Flow 19-1700] Loaded user IP repository 'e:/UV/FPGA/VERIFY/vry_AXI_DMA_1/vry_AXI_DMA/ip_repo/axi_full_slave1_1.0'.
INFO: [IP_Flow 19-1700] Loaded user IP repository 'e:/UV/FPGA/VERIFY/vry_AXI_DMA_1/vry_AXI_DMA/ip_repo/axi_full_slave_1.0'.
INFO: [IP_Flow 19-1700] Loaded user IP repository 'e:/UV/FPGA/VERIFY/vry_AXI_DMA_1/vry_AXI_DMA/ip_repo/axi_full_master_1.0'.
INFO: [IP_Flow 19-3422] Upgraded design_1_axi_full_slave2_0_0 (axi_full_slave2_v1.0 1.0) from revision 6 to revision 7
INFO: [IP_Flow 19-3471] Wrote upgrade log to 'e:/UV/FPGA/VERIFY/vry_AXI_DMA_1/vry_AXI_DMA/vry_AXI_DMA.srcs/sources_1/bd/design_1/ip/design_1_axi_full_slave2_0_0/design_1_axi_full_slave2_0_0.upgrade_log'.
Wrote  : <E:/UV/FPGA/VERIFY/vry_AXI_DMA_1/vry_AXI_DMA/vry_AXI_DMA.srcs/sources_1/bd/design_1/design_1.bd> 
generate_target all [get_files  E:/UV/FPGA/VERIFY/vry_AXI_DMA_1/vry_AXI_DMA/vry_AXI_DMA.srcs/sources_1/bd/design_1/design_1.bd]
CRITICAL WARNING: [BD 41-1348] Reset pin /axi_full_master_0/m00_axi_aresetn (associated clock /axi_full_master_0/m00_axi_aclk) is connected to asynchronous reset source /m00_axi_aresetn.
This may prevent design from meeting timing. Please add Processor System Reset module to create a reset that is synchronous to the associated clock source /m00_axi_aclk.
CRITICAL WARNING: [BD 41-1348] Reset pin /axi_full_slave2_0/s00_axi_aresetn (associated clock /axi_full_slave2_0/s00_axi_aclk) is connected to asynchronous reset source /m00_axi_aresetn.
This may prevent design from meeting timing. Please add Processor System Reset module to create a reset that is synchronous to the associated clock source /m00_axi_aclk.
CRITICAL WARNING: [BD 41-1356] Address block </axi_full_slave2_0/S00_AXI/S00_AXI_mem> is not mapped into </axi_full_master_0/M00_AXI>. Please use Address Editor to either map or exclude it.
INFO: [BD 41-1379] This design does not contain any processor.
Generated Block Design Tcl file E:/UV/FPGA/VERIFY/vry_AXI_DMA_1/vry_AXI_DMA/vry_AXI_DMA.srcs/sources_1/bd/design_1/hw_handoff/design_1_bd.tcl
Exporting to file E:/UV/FPGA/VERIFY/vry_AXI_DMA_1/vry_AXI_DMA/vry_AXI_DMA.srcs/sources_1/bd/design_1/hw_handoff/design_1.hwh
Verilog Output written to : design_1.v
Verilog Output written to : design_1_wrapper.v
Wrote  : <E:/UV/FPGA/VERIFY/vry_AXI_DMA_1/vry_AXI_DMA/vry_AXI_DMA.srcs/sources_1/bd/design_1/design_1.bd> 
INFO: [BD 41-1029] Generation completed for the IP Integrator block axi_full_master_0 .
INFO: [IP_Flow 19-1686] Generating 'Instantiation Template' target for IP 'design_1_axi_full_slave2_0_0'...
INFO: [IP_Flow 19-1686] Generating 'Synthesis' target for IP 'design_1_axi_full_slave2_0_0'...
INFO: [IP_Flow 19-1686] Generating 'Simulation' target for IP 'design_1_axi_full_slave2_0_0'...
INFO: [IP_Flow 19-1686] Generating 'Software Driver' target for IP 'design_1_axi_full_slave2_0_0'...
INFO: [BD 41-1029] Generation completed for the IP Integrator block axi_full_slave2_0 .
INFO: [Simtcl 6-16] Simulation closed
close_sim: Time (s): cpu = 00:00:01 ; elapsed = 00:00:07 . Memory (MB): peak = 898.789 ; gain = 0.000
launch_simulation
INFO: [USF-XSim-27] Simulation object is 'sim_1'
INFO: [USF-XSim-37] Inspecting design source files for 'tb_design_1' in fileset 'sim_1'...
INFO: [USF-XSim-97] Finding global include files...
INFO: [USF-XSim-98] Fetching design files from 'sim_1'...
INFO: [USF-XSim-2] XSim::Compile design
INFO: [USF-XSim-61] Executing 'COMPILE' step in 'E:/UV/FPGA/VERIFY/vry_AXI_DMA_1/vry_AXI_DMA/vry_AXI_DMA.sim/sim_1/behav'
"xvlog -m64 -prj tb_design_1_vlog.prj"
Determining compilation order of HDL files.
INFO: [VRFC 10-2263] Analyzing Verilog file "E:/UV/FPGA/VERIFY/vry_AXI_DMA_1/vry_AXI_DMA/vry_AXI_DMA.srcs/sources_1/ipshared/xilinx.com/axi_full_master_v1_0/5626e741/hdl/axi_full_master_v1_0_M00_AXI.v" into library xil_defaultlib
INFO: [VRFC 10-311] analyzing module axi_full_master_v1_0_M00_AXI
INFO: [VRFC 10-2263] Analyzing Verilog file "E:/UV/FPGA/VERIFY/vry_AXI_DMA_1/vry_AXI_DMA/vry_AXI_DMA.srcs/sources_1/ipshared/xilinx.com/axi_full_master_v1_0/5626e741/hdl/axi_full_master_v1_0.v" into library xil_defaultlib
INFO: [VRFC 10-311] analyzing module axi_full_master_v1_0
INFO: [VRFC 10-2263] Analyzing Verilog file "E:/UV/FPGA/VERIFY/vry_AXI_DMA_1/vry_AXI_DMA/vry_AXI_DMA.srcs/sources_1/bd/design_1/ip/design_1_axi_full_master_0_0/sim/design_1_axi_full_master_0_0.v" into library xil_defaultlib
INFO: [VRFC 10-311] analyzing module design_1_axi_full_master_0_0
INFO: [VRFC 10-2263] Analyzing Verilog file "E:/UV/FPGA/VERIFY/vry_AXI_DMA_1/vry_AXI_DMA/vry_AXI_DMA.srcs/sources_1/ipshared/xilinx.com/axi_full_slave2_v1_0/d653f577/hdl/axi_full_slave2_v1_0_S00_AXI.v" into library xil_defaultlib
INFO: [VRFC 10-311] analyzing module axi_full_slave2_v1_0_S00_AXI
WARNING: [VRFC 10-634] event expressions must result in a singular type [E:/UV/FPGA/VERIFY/vry_AXI_DMA_1/vry_AXI_DMA/vry_AXI_DMA.srcs/sources_1/ipshared/xilinx.com/axi_full_slave2_v1_0/d653f577/hdl/axi_full_slave2_v1_0_S00_AXI.v:591]
INFO: [VRFC 10-2263] Analyzing Verilog file "E:/UV/FPGA/VERIFY/vry_AXI_DMA_1/vry_AXI_DMA/vry_AXI_DMA.srcs/sources_1/ipshared/xilinx.com/axi_full_slave2_v1_0/d653f577/hdl/axi_full_slave2_v1_0.v" into library xil_defaultlib
INFO: [VRFC 10-311] analyzing module axi_full_slave2_v1_0
INFO: [VRFC 10-2263] Analyzing Verilog file "E:/UV/FPGA/VERIFY/vry_AXI_DMA_1/vry_AXI_DMA/vry_AXI_DMA.srcs/sources_1/bd/design_1/ip/design_1_axi_full_slave2_0_0/sim/design_1_axi_full_slave2_0_0.v" into library xil_defaultlib
INFO: [VRFC 10-311] analyzing module design_1_axi_full_slave2_0_0
INFO: [VRFC 10-2263] Analyzing Verilog file "E:/UV/FPGA/VERIFY/vry_AXI_DMA_1/vry_AXI_DMA/vry_AXI_DMA.srcs/sources_1/bd/design_1/hdl/design_1.v" into library xil_defaultlib
INFO: [VRFC 10-311] analyzing module design_1
INFO: [VRFC 10-2263] Analyzing Verilog file "E:/UV/FPGA/VERIFY/vry_AXI_DMA_1/vry_AXI_DMA/vry_AXI_DMA.srcs/sources_1/bd/design_1/hdl/design_1_wrapper.v" into library xil_defaultlib
INFO: [VRFC 10-311] analyzing module design_1_wrapper
INFO: [VRFC 10-2263] Analyzing Verilog file "E:/UV/FPGA/VERIFY/vry_AXI_DMA_1/vry_AXI_DMA/vry_AXI_DMA.srcs/sim_1/new/tb_design_1.v" into library xil_defaultlib
INFO: [VRFC 10-311] analyzing module tb_design_1
INFO: [VRFC 10-2263] Analyzing Verilog file "E:/UV/FPGA/VERIFY/vry_AXI_DMA_1/vry_AXI_DMA/vry_AXI_DMA.sim/sim_1/behav/glbl.v" into library xil_defaultlib
INFO: [VRFC 10-311] analyzing module glbl
INFO: [USF-XSim-3] XSim::Elaborate design
INFO: [USF-XSim-61] Executing 'ELABORATE' step in 'E:/UV/FPGA/VERIFY/vry_AXI_DMA_1/vry_AXI_DMA/vry_AXI_DMA.sim/sim_1/behav'
Vivado Simulator 2014.4
Copyright 1986-1999, 2001-2014 Xilinx, Inc. All Rights Reserved.
Running: D:/install/Xilinx/Vivado/2014.4/bin/unwrapped/win64.o/xelab.exe -wto 8ad2ca299ca2422aa3e5fb899b3a631e --debug typical --relax -L xil_defaultlib -L unisims_ver -L unimacro_ver -L secureip --snapshot tb_design_1_behav xil_defaultlib.tb_design_1 xil_defaultlib.glbl -log elaborate.log 
Multi-threading is on. Using 2 slave threads.
Starting static elaboration
Completed static elaboration
Starting simulation data flow analysis
Completed simulation data flow analysis
Time Resolution for simulation is 1ps
Compiling module unisims_ver.GND
Compiling module xil_defaultlib.axi_full_master_v1_0_M00_AXI(C_M...
Compiling module xil_defaultlib.axi_full_master_v1_0(C_M00_AXI_A...
Compiling module xil_defaultlib.design_1_axi_full_master_0_0
Compiling module xil_defaultlib.axi_full_slave2_v1_0_S00_AXI(C_S...
Compiling module xil_defaultlib.axi_full_slave2_v1_0(C_S00_AXI_A...
Compiling module xil_defaultlib.design_1_axi_full_slave2_0_0
Compiling module xil_defaultlib.design_1
Compiling module xil_defaultlib.design_1_wrapper
Compiling module xil_defaultlib.tb_design_1
Compiling module xil_defaultlib.glbl
Waiting for 2 sub-compilation(s) to finish...
Built simulation snapshot tb_design_1_behav

****** Webtalk v2014.4 (64-bit)
  **** SW Build 1071353 on Tue Nov 18 18:29:27 MST 2014
  **** IP Build 1070531 on Tue Nov 18 01:10:18 MST 2014
    ** Copyright 1986-2014 Xilinx, Inc. All Rights Reserved.

source E:/UV/FPGA/VERIFY/vry_AXI_DMA_1/vry_AXI_DMA/vry_AXI_DMA.sim/sim_1/behav/xsim.dir/tb_design_1_behav/webtalk/xsim_webtalk.tcl -notrace

    while executing
"webtalk_transmit -clientid 960596956 -regid "" -xml E:/UV/FPGA/VERIFY/vry_AXI_DMA_1/vry_AXI_DMA/vry_AXI_DMA.sim/sim_1/behav/xsim.dir/tb_design_1_behav..."
    (file "E:/UV/FPGA/VERIFY/vry_AXI_DMA_1/vry_AXI_DMA/vry_AXI_DMA.sim/sim_1/behav/xsim.dir/tb_design_1_behav/webtalk/xsim_webtalk.tcl" line 41)
INFO: [Common 17-206] Exiting Webtalk at Wed Jul 29 17:09:17 2020...
run_program: Time (s): cpu = 00:00:00 ; elapsed = 00:00:09 . Memory (MB): peak = 898.789 ; gain = 0.000
INFO: [USF-XSim-4] XSim::Simulate design
INFO: [USF-XSim-61] Executing 'SIMULATE' step in 'E:/UV/FPGA/VERIFY/vry_AXI_DMA_1/vry_AXI_DMA/vry_AXI_DMA.sim/sim_1/behav'
INFO: [USF-XSim-98] *** Running xsim
   with args "tb_design_1_behav -key {Behavioral:sim_1:Functional:tb_design_1} -tclbatch {tb_design_1.tcl} -log {simulate.log}"
INFO: [USF-XSim-8] Loading simulator feature
Vivado Simulator 2014.4
Time resolution is 1 ps
open_wave_config {E:/UV/FPGA/VERIFY/vry_AXI_DMA_1/vry_AXI_DMA\tb_design_1_behav.wcfg}
source tb_design_1.tcl
# set curr_wave [current_wave_config]
# if { [string length $curr_wave] == 0 } {
#   if { [llength [get_objects]] > 0} {
#     add_wave /
#     set_property needs_save false [current_wave_config]
#   } else {
#      send_msg_id Add_Wave-1 WARNING "No top level signals found. Simulator will start without a wave window. If you want to open a wave window go to 'File->New Waveform Configuration' or type 'create_wave_config' in the TCL console."
#   }
# }
# run 1000ns
INFO: [USF-XSim-96] XSim completed. Design snapshot 'tb_design_1_behav' loaded.
INFO: [USF-XSim-97] XSim simulation ran for 1000ns
launch_simulation: Time (s): cpu = 00:00:01 ; elapsed = 00:00:13 . Memory (MB): peak = 898.789 ; gain = 0.000
run 5 us
add_wave {{/tb_design_1/design_1_wrapper_inst/design_1_i/axi_full_master_0/inst/axi_full_master_v1_0_M00_AXI_inst/ERROR}} {{/tb_design_1/design_1_wrapper_inst/design_1_i/axi_full_master_0/inst/axi_full_master_v1_0_M00_AXI_inst/error_reg}} {{/tb_design_1/design_1_wrapper_inst/design_1_i/axi_full_master_0/inst/axi_full_master_v1_0_M00_AXI_inst/write_resp_error}} {{/tb_design_1/design_1_wrapper_inst/design_1_i/axi_full_master_0/inst/axi_full_master_v1_0_M00_AXI_inst/read_resp_error}} 
restart
INFO: [Simtcl 6-17] Simulation restarted
run 5 us
save_wave_config {E:/UV/FPGA/VERIFY/vry_AXI_DMA_1/vry_AXI_DMA\tb_design_1_behav.wcfg}
close_sim
INFO: [Simtcl 6-16] Simulation closed
close_sim: Time (s): cpu = 00:00:00 ; elapsed = 00:00:06 . Memory (MB): peak = 924.699 ; gain = 0.000
exit
INFO: [Common 17-206] Exiting Vivado at Wed Jul 29 18:32:30 2020...
