Determining compilation order of HDL files.
INFO: [VRFC 10-163] Analyzing VHDL file "E:/UV/FPGA/VERIFY/vry_AXI_DMA_1/vry_AXI_DMA/vry_AXI_DMA.srcs/sources_1/ip/axi_dma_0/lib_pkg_v1_0/hdl/src/vhdl/lib_pkg.vhd" into library lib_pkg_v1_0
INFO: [VRFC 10-163] Analyzing VHDL file "E:/UV/FPGA/VERIFY/vry_AXI_DMA_1/vry_AXI_DMA/vry_AXI_DMA.srcs/sources_1/ip/axi_dma_0/fifo_generator_v12_0/hdl/fifo_generator_v12_0_vh_rfs.vhd" into library fifo_generator_v12_0
INFO: [VRFC 10-307] analyzing entity fifo_generator_v12_0_bhv_as
INFO: [VRFC 10-307] analyzing entity fifo_generator_v12_0_bhv_ss
INFO: [VRFC 10-307] analyzing entity fifo_generator_v12_0_bhv_preload0
INFO: [VRFC 10-307] analyzing entity fifo_generator_v12_0_conv
INFO: [VRFC 10-307] analyzing entity fifo_generator_v12_0_axic_reg_slice
INFO: [VRFC 10-307] analyzing entity fifo_generator_vhdl_beh
INFO: [VRFC 10-307] analyzing entity input_blk
INFO: [VRFC 10-307] analyzing entity output_blk
INFO: [VRFC 10-307] analyzing entity shft_wrapper
INFO: [VRFC 10-307] analyzing entity shft_ram
INFO: [VRFC 10-307] analyzing entity wr_pf_as
INFO: [VRFC 10-307] analyzing entity wr_pf_ss
INFO: [VRFC 10-307] analyzing entity rd_pe_as
INFO: [VRFC 10-307] analyzing entity rd_pe_ss
INFO: [VRFC 10-307] analyzing entity synchronizer_ff
INFO: [VRFC 10-307] analyzing entity delay
INFO: [VRFC 10-307] analyzing entity bin_cntr
INFO: [VRFC 10-307] analyzing entity clk_x_pntrs_builtin
INFO: [VRFC 10-307] analyzing entity logic_builtin
INFO: [VRFC 10-307] analyzing entity builtin_prim
INFO: [VRFC 10-307] analyzing entity builtin_extdepth
INFO: [VRFC 10-307] analyzing entity builtin_top
INFO: [VRFC 10-307] analyzing entity reset_builtin
INFO: [VRFC 10-307] analyzing entity builtin_prim_v6
INFO: [VRFC 10-307] analyzing entity builtin_extdepth_v6
INFO: [VRFC 10-307] analyzing entity builtin_extdepth_low_latency
INFO: [VRFC 10-307] analyzing entity builtin_top_v6
INFO: [VRFC 10-307] analyzing entity fifo_generator_v12_0_builtin
INFO: [VRFC 10-307] analyzing entity bram_sync_reg
INFO: [VRFC 10-307] analyzing entity bram_fifo_rstlogic
INFO: [VRFC 10-307] analyzing entity reset_blk_ramfifo
INFO: [VRFC 10-307] analyzing entity axi_reg_slice
INFO: [VRFC 10-307] analyzing entity fifo_generator_top
INFO: [VRFC 10-307] analyzing entity fifo_generator_v12_0_synth
INFO: [VRFC 10-307] analyzing entity fifo_generator_v12_0
INFO: [VRFC 10-163] Analyzing VHDL file "E:/UV/FPGA/VERIFY/vry_AXI_DMA_1/vry_AXI_DMA/vry_AXI_DMA.srcs/sources_1/ip/axi_dma_0/lib_fifo_v1_0/hdl/src/vhdl/async_fifo_fg.vhd" into library lib_fifo_v1_0
INFO: [VRFC 10-307] analyzing entity async_fifo_fg
INFO: [VRFC 10-163] Analyzing VHDL file "E:/UV/FPGA/VERIFY/vry_AXI_DMA_1/vry_AXI_DMA/vry_AXI_DMA.srcs/sources_1/ip/axi_dma_0/lib_fifo_v1_0/hdl/src/vhdl/sync_fifo_fg.vhd" into library lib_fifo_v1_0
INFO: [VRFC 10-307] analyzing entity sync_fifo_fg
INFO: [VRFC 10-163] Analyzing VHDL file "E:/UV/FPGA/VERIFY/vry_AXI_DMA_1/vry_AXI_DMA/vry_AXI_DMA.srcs/sources_1/ip/axi_dma_0/lib_srl_fifo_v1_0/hdl/src/vhdl/cntr_incr_decr_addn_f.vhd" into library lib_srl_fifo_v1_0
INFO: [VRFC 10-307] analyzing entity cntr_incr_decr_addn_f
INFO: [VRFC 10-163] Analyzing VHDL file "E:/UV/FPGA/VERIFY/vry_AXI_DMA_1/vry_AXI_DMA/vry_AXI_DMA.srcs/sources_1/ip/axi_dma_0/lib_srl_fifo_v1_0/hdl/src/vhdl/dynshreg_f.vhd" into library lib_srl_fifo_v1_0
INFO: [VRFC 10-307] analyzing entity dynshreg_f
INFO: [VRFC 10-163] Analyzing VHDL file "E:/UV/FPGA/VERIFY/vry_AXI_DMA_1/vry_AXI_DMA/vry_AXI_DMA.srcs/sources_1/ip/axi_dma_0/lib_srl_fifo_v1_0/hdl/src/vhdl/srl_fifo_rbu_f.vhd" into library lib_srl_fifo_v1_0
INFO: [VRFC 10-307] analyzing entity srl_fifo_rbu_f
INFO: [VRFC 10-163] Analyzing VHDL file "E:/UV/FPGA/VERIFY/vry_AXI_DMA_1/vry_AXI_DMA/vry_AXI_DMA.srcs/sources_1/ip/axi_dma_0/lib_srl_fifo_v1_0/hdl/src/vhdl/srl_fifo_f.vhd" into library lib_srl_fifo_v1_0
INFO: [VRFC 10-307] analyzing entity srl_fifo_f
INFO: [VRFC 10-163] Analyzing VHDL file "E:/UV/FPGA/VERIFY/vry_AXI_DMA_1/vry_AXI_DMA/vry_AXI_DMA.srcs/sources_1/ip/axi_dma_0/lib_cdc_v1_0/hdl/src/vhdl/cdc_sync.vhd" into library lib_cdc_v1_0
INFO: [VRFC 10-307] analyzing entity cdc_sync
INFO: [VRFC 10-163] Analyzing VHDL file "E:/UV/FPGA/VERIFY/vry_AXI_DMA_1/vry_AXI_DMA/vry_AXI_DMA.srcs/sources_1/ip/axi_dma_0/axi_datamover_v5_1/hdl/src/vhdl/axi_datamover_reset.vhd" into library axi_datamover_v5_1
INFO: [VRFC 10-307] analyzing entity axi_datamover_reset
INFO: [VRFC 10-163] Analyzing VHDL file "E:/UV/FPGA/VERIFY/vry_AXI_DMA_1/vry_AXI_DMA/vry_AXI_DMA.srcs/sources_1/ip/axi_dma_0/axi_datamover_v5_1/hdl/src/vhdl/axi_datamover_afifo_autord.vhd" into library axi_datamover_v5_1
INFO: [VRFC 10-307] analyzing entity axi_datamover_afifo_autord
INFO: [VRFC 10-163] Analyzing VHDL file "E:/UV/FPGA/VERIFY/vry_AXI_DMA_1/vry_AXI_DMA/vry_AXI_DMA.srcs/sources_1/ip/axi_dma_0/axi_datamover_v5_1/hdl/src/vhdl/axi_datamover_sfifo_autord.vhd" into library axi_datamover_v5_1
INFO: [VRFC 10-307] analyzing entity axi_datamover_sfifo_autord
INFO: [VRFC 10-163] Analyzing VHDL file "E:/UV/FPGA/VERIFY/vry_AXI_DMA_1/vry_AXI_DMA/vry_AXI_DMA.srcs/sources_1/ip/axi_dma_0/axi_datamover_v5_1/hdl/src/vhdl/axi_datamover_fifo.vhd" into library axi_datamover_v5_1
INFO: [VRFC 10-307] analyzing entity axi_datamover_fifo
INFO: [VRFC 10-163] Analyzing VHDL file "E:/UV/FPGA/VERIFY/vry_AXI_DMA_1/vry_AXI_DMA/vry_AXI_DMA.srcs/sources_1/ip/axi_dma_0/axi_datamover_v5_1/hdl/src/vhdl/axi_datamover_cmd_status.vhd" into library axi_datamover_v5_1
INFO: [VRFC 10-307] analyzing entity axi_datamover_cmd_status
INFO: [VRFC 10-163] Analyzing VHDL file "E:/UV/FPGA/VERIFY/vry_AXI_DMA_1/vry_AXI_DMA/vry_AXI_DMA.srcs/sources_1/ip/axi_dma_0/axi_datamover_v5_1/hdl/src/vhdl/axi_datamover_scc.vhd" into library axi_datamover_v5_1
INFO: [VRFC 10-307] analyzing entity axi_datamover_scc
INFO: [VRFC 10-163] Analyzing VHDL file "E:/UV/FPGA/VERIFY/vry_AXI_DMA_1/vry_AXI_DMA/vry_AXI_DMA.srcs/sources_1/ip/axi_dma_0/axi_datamover_v5_1/hdl/src/vhdl/axi_datamover_strb_gen2.vhd" into library axi_datamover_v5_1
INFO: [VRFC 10-307] analyzing entity axi_datamover_strb_gen2
INFO: [VRFC 10-163] Analyzing VHDL file "E:/UV/FPGA/VERIFY/vry_AXI_DMA_1/vry_AXI_DMA/vry_AXI_DMA.srcs/sources_1/ip/axi_dma_0/axi_datamover_v5_1/hdl/src/vhdl/axi_datamover_pcc.vhd" into library axi_datamover_v5_1
INFO: [VRFC 10-307] analyzing entity axi_datamover_pcc
INFO: [VRFC 10-163] Analyzing VHDL file "E:/UV/FPGA/VERIFY/vry_AXI_DMA_1/vry_AXI_DMA/vry_AXI_DMA.srcs/sources_1/ip/axi_dma_0/axi_datamover_v5_1/hdl/src/vhdl/axi_datamover_addr_cntl.vhd" into library axi_datamover_v5_1
INFO: [VRFC 10-307] analyzing entity axi_datamover_addr_cntl
INFO: [VRFC 10-163] Analyzing VHDL file "E:/UV/FPGA/VERIFY/vry_AXI_DMA_1/vry_AXI_DMA/vry_AXI_DMA.srcs/sources_1/ip/axi_dma_0/axi_datamover_v5_1/hdl/src/vhdl/axi_datamover_rdmux.vhd" into library axi_datamover_v5_1
INFO: [VRFC 10-307] analyzing entity axi_datamover_rdmux
INFO: [VRFC 10-163] Analyzing VHDL file "E:/UV/FPGA/VERIFY/vry_AXI_DMA_1/vry_AXI_DMA/vry_AXI_DMA.srcs/sources_1/ip/axi_dma_0/axi_datamover_v5_1/hdl/src/vhdl/axi_datamover_rddata_cntl.vhd" into library axi_datamover_v5_1
INFO: [VRFC 10-307] analyzing entity axi_datamover_rddata_cntl
INFO: [VRFC 10-163] Analyzing VHDL file "E:/UV/FPGA/VERIFY/vry_AXI_DMA_1/vry_AXI_DMA/vry_AXI_DMA.srcs/sources_1/ip/axi_dma_0/axi_datamover_v5_1/hdl/src/vhdl/axi_datamover_rd_status_cntl.vhd" into library axi_datamover_v5_1
INFO: [VRFC 10-307] analyzing entity axi_datamover_rd_status_cntl
INFO: [VRFC 10-163] Analyzing VHDL file "E:/UV/FPGA/VERIFY/vry_AXI_DMA_1/vry_AXI_DMA/vry_AXI_DMA.srcs/sources_1/ip/axi_dma_0/axi_datamover_v5_1/hdl/src/vhdl/axi_datamover_wr_demux.vhd" into library axi_datamover_v5_1
INFO: [VRFC 10-307] analyzing entity axi_datamover_wr_demux
INFO: [VRFC 10-163] Analyzing VHDL file "E:/UV/FPGA/VERIFY/vry_AXI_DMA_1/vry_AXI_DMA/vry_AXI_DMA.srcs/sources_1/ip/axi_dma_0/axi_datamover_v5_1/hdl/src/vhdl/axi_datamover_wrdata_cntl.vhd" into library axi_datamover_v5_1
INFO: [VRFC 10-307] analyzing entity axi_datamover_wrdata_cntl
INFO: [VRFC 10-163] Analyzing VHDL file "E:/UV/FPGA/VERIFY/vry_AXI_DMA_1/vry_AXI_DMA/vry_AXI_DMA.srcs/sources_1/ip/axi_dma_0/axi_datamover_v5_1/hdl/src/vhdl/axi_datamover_wr_status_cntl.vhd" into library axi_datamover_v5_1
INFO: [VRFC 10-307] analyzing entity axi_datamover_wr_status_cntl
INFO: [VRFC 10-163] Analyzing VHDL file "E:/UV/FPGA/VERIFY/vry_AXI_DMA_1/vry_AXI_DMA/vry_AXI_DMA.srcs/sources_1/ip/axi_dma_0/axi_datamover_v5_1/hdl/src/vhdl/axi_datamover_skid2mm_buf.vhd" into library axi_datamover_v5_1
INFO: [VRFC 10-307] analyzing entity axi_datamover_skid2mm_buf
INFO: [VRFC 10-163] Analyzing VHDL file "E:/UV/FPGA/VERIFY/vry_AXI_DMA_1/vry_AXI_DMA/vry_AXI_DMA.srcs/sources_1/ip/axi_dma_0/axi_datamover_v5_1/hdl/src/vhdl/axi_datamover_skid_buf.vhd" into library axi_datamover_v5_1
INFO: [VRFC 10-307] analyzing entity axi_datamover_skid_buf
INFO: [VRFC 10-163] Analyzing VHDL file "E:/UV/FPGA/VERIFY/vry_AXI_DMA_1/vry_AXI_DMA/vry_AXI_DMA.srcs/sources_1/ip/axi_dma_0/axi_datamover_v5_1/hdl/src/vhdl/axi_datamover_rd_sf.vhd" into library axi_datamover_v5_1
INFO: [VRFC 10-307] analyzing entity axi_datamover_rd_sf
INFO: [VRFC 10-163] Analyzing VHDL file "E:/UV/FPGA/VERIFY/vry_AXI_DMA_1/vry_AXI_DMA/vry_AXI_DMA.srcs/sources_1/ip/axi_dma_0/axi_datamover_v5_1/hdl/src/vhdl/axi_datamover_wr_sf.vhd" into library axi_datamover_v5_1
INFO: [VRFC 10-307] analyzing entity axi_datamover_wr_sf
INFO: [VRFC 10-163] Analyzing VHDL file "E:/UV/FPGA/VERIFY/vry_AXI_DMA_1/vry_AXI_DMA/vry_AXI_DMA.srcs/sources_1/ip/axi_dma_0/axi_datamover_v5_1/hdl/src/vhdl/axi_datamover_stbs_set.vhd" into library axi_datamover_v5_1
INFO: [VRFC 10-307] analyzing entity axi_datamover_stbs_set
INFO: [VRFC 10-163] Analyzing VHDL file "E:/UV/FPGA/VERIFY/vry_AXI_DMA_1/vry_AXI_DMA/vry_AXI_DMA.srcs/sources_1/ip/axi_dma_0/axi_datamover_v5_1/hdl/src/vhdl/axi_datamover_stbs_set_nodre.vhd" into library axi_datamover_v5_1
INFO: [VRFC 10-307] analyzing entity axi_datamover_stbs_set_nodre
INFO: [VRFC 10-163] Analyzing VHDL file "E:/UV/FPGA/VERIFY/vry_AXI_DMA_1/vry_AXI_DMA/vry_AXI_DMA.srcs/sources_1/ip/axi_dma_0/axi_datamover_v5_1/hdl/src/vhdl/axi_datamover_ibttcc.vhd" into library axi_datamover_v5_1
INFO: [VRFC 10-307] analyzing entity axi_datamover_ibttcc
INFO: [VRFC 10-163] Analyzing VHDL file "E:/UV/FPGA/VERIFY/vry_AXI_DMA_1/vry_AXI_DMA/vry_AXI_DMA.srcs/sources_1/ip/axi_dma_0/axi_datamover_v5_1/hdl/src/vhdl/axi_datamover_indet_btt.vhd" into library axi_datamover_v5_1
INFO: [VRFC 10-307] analyzing entity axi_datamover_indet_btt
INFO: [VRFC 10-163] Analyzing VHDL file "E:/UV/FPGA/VERIFY/vry_AXI_DMA_1/vry_AXI_DMA/vry_AXI_DMA.srcs/sources_1/ip/axi_dma_0/axi_datamover_v5_1/hdl/src/vhdl/axi_datamover_dre_mux2_1_x_n.vhd" into library axi_datamover_v5_1
INFO: [VRFC 10-307] analyzing entity axi_datamover_dre_mux2_1_x_n
INFO: [VRFC 10-163] Analyzing VHDL file "E:/UV/FPGA/VERIFY/vry_AXI_DMA_1/vry_AXI_DMA/vry_AXI_DMA.srcs/sources_1/ip/axi_dma_0/axi_datamover_v5_1/hdl/src/vhdl/axi_datamover_dre_mux4_1_x_n.vhd" into library axi_datamover_v5_1
INFO: [VRFC 10-307] analyzing entity axi_datamover_dre_mux4_1_x_n
INFO: [VRFC 10-163] Analyzing VHDL file "E:/UV/FPGA/VERIFY/vry_AXI_DMA_1/vry_AXI_DMA/vry_AXI_DMA.srcs/sources_1/ip/axi_dma_0/axi_datamover_v5_1/hdl/src/vhdl/axi_datamover_dre_mux8_1_x_n.vhd" into library axi_datamover_v5_1
INFO: [VRFC 10-307] analyzing entity axi_datamover_dre_mux8_1_x_n
INFO: [VRFC 10-163] Analyzing VHDL file "E:/UV/FPGA/VERIFY/vry_AXI_DMA_1/vry_AXI_DMA/vry_AXI_DMA.srcs/sources_1/ip/axi_dma_0/axi_datamover_v5_1/hdl/src/vhdl/axi_datamover_mm2s_dre.vhd" into library axi_datamover_v5_1
INFO: [VRFC 10-307] analyzing entity axi_datamover_mm2s_dre
INFO: [VRFC 10-163] Analyzing VHDL file "E:/UV/FPGA/VERIFY/vry_AXI_DMA_1/vry_AXI_DMA/vry_AXI_DMA.srcs/sources_1/ip/axi_dma_0/axi_datamover_v5_1/hdl/src/vhdl/axi_datamover_s2mm_dre.vhd" into library axi_datamover_v5_1
INFO: [VRFC 10-307] analyzing entity axi_datamover_s2mm_dre
INFO: [VRFC 10-163] Analyzing VHDL file "E:/UV/FPGA/VERIFY/vry_AXI_DMA_1/vry_AXI_DMA/vry_AXI_DMA.srcs/sources_1/ip/axi_dma_0/axi_datamover_v5_1/hdl/src/vhdl/axi_datamover_ms_strb_set.vhd" into library axi_datamover_v5_1
INFO: [VRFC 10-307] analyzing entity axi_datamover_ms_strb_set
INFO: [VRFC 10-163] Analyzing VHDL file "E:/UV/FPGA/VERIFY/vry_AXI_DMA_1/vry_AXI_DMA/vry_AXI_DMA.srcs/sources_1/ip/axi_dma_0/axi_datamover_v5_1/hdl/src/vhdl/axi_datamover_mssai_skid_buf.vhd" into library axi_datamover_v5_1
INFO: [VRFC 10-307] analyzing entity axi_datamover_mssai_skid_buf
INFO: [VRFC 10-163] Analyzing VHDL file "E:/UV/FPGA/VERIFY/vry_AXI_DMA_1/vry_AXI_DMA/vry_AXI_DMA.srcs/sources_1/ip/axi_dma_0/axi_datamover_v5_1/hdl/src/vhdl/axi_datamover_slice.vhd" into library axi_datamover_v5_1
INFO: [VRFC 10-307] analyzing entity axi_datamover_slice
INFO: [VRFC 10-163] Analyzing VHDL file "E:/UV/FPGA/VERIFY/vry_AXI_DMA_1/vry_AXI_DMA/vry_AXI_DMA.srcs/sources_1/ip/axi_dma_0/axi_datamover_v5_1/hdl/src/vhdl/axi_datamover_s2mm_scatter.vhd" into library axi_datamover_v5_1
INFO: [VRFC 10-307] analyzing entity axi_datamover_s2mm_scatter
INFO: [VRFC 10-163] Analyzing VHDL file "E:/UV/FPGA/VERIFY/vry_AXI_DMA_1/vry_AXI_DMA/vry_AXI_DMA.srcs/sources_1/ip/axi_dma_0/axi_datamover_v5_1/hdl/src/vhdl/axi_datamover_s2mm_realign.vhd" into library axi_datamover_v5_1
INFO: [VRFC 10-307] analyzing entity axi_datamover_s2mm_realign
INFO: [VRFC 10-163] Analyzing VHDL file "E:/UV/FPGA/VERIFY/vry_AXI_DMA_1/vry_AXI_DMA/vry_AXI_DMA.srcs/sources_1/ip/axi_dma_0/axi_datamover_v5_1/hdl/src/vhdl/axi_datamover_s2mm_basic_wrap.vhd" into library axi_datamover_v5_1
INFO: [VRFC 10-307] analyzing entity axi_datamover_s2mm_basic_wrap
INFO: [VRFC 10-163] Analyzing VHDL file "E:/UV/FPGA/VERIFY/vry_AXI_DMA_1/vry_AXI_DMA/vry_AXI_DMA.srcs/sources_1/ip/axi_dma_0/axi_datamover_v5_1/hdl/src/vhdl/axi_datamover_s2mm_omit_wrap.vhd" into library axi_datamover_v5_1
INFO: [VRFC 10-307] analyzing entity axi_datamover_s2mm_omit_wrap
INFO: [VRFC 10-163] Analyzing VHDL file "E:/UV/FPGA/VERIFY/vry_AXI_DMA_1/vry_AXI_DMA/vry_AXI_DMA.srcs/sources_1/ip/axi_dma_0/axi_datamover_v5_1/hdl/src/vhdl/axi_datamover_s2mm_full_wrap.vhd" into library axi_datamover_v5_1
INFO: [VRFC 10-307] analyzing entity axi_datamover_s2mm_full_wrap
INFO: [VRFC 10-163] Analyzing VHDL file "E:/UV/FPGA/VERIFY/vry_AXI_DMA_1/vry_AXI_DMA/vry_AXI_DMA.srcs/sources_1/ip/axi_dma_0/axi_datamover_v5_1/hdl/src/vhdl/axi_datamover_mm2s_basic_wrap.vhd" into library axi_datamover_v5_1
INFO: [VRFC 10-307] analyzing entity axi_datamover_mm2s_basic_wrap
INFO: [VRFC 10-163] Analyzing VHDL file "E:/UV/FPGA/VERIFY/vry_AXI_DMA_1/vry_AXI_DMA/vry_AXI_DMA.srcs/sources_1/ip/axi_dma_0/axi_datamover_v5_1/hdl/src/vhdl/axi_datamover_mm2s_omit_wrap.vhd" into library axi_datamover_v5_1
INFO: [VRFC 10-307] analyzing entity axi_datamover_mm2s_omit_wrap
INFO: [VRFC 10-163] Analyzing VHDL file "E:/UV/FPGA/VERIFY/vry_AXI_DMA_1/vry_AXI_DMA/vry_AXI_DMA.srcs/sources_1/ip/axi_dma_0/axi_datamover_v5_1/hdl/src/vhdl/axi_datamover_mm2s_full_wrap.vhd" into library axi_datamover_v5_1
INFO: [VRFC 10-307] analyzing entity axi_datamover_mm2s_full_wrap
INFO: [VRFC 10-163] Analyzing VHDL file "E:/UV/FPGA/VERIFY/vry_AXI_DMA_1/vry_AXI_DMA/vry_AXI_DMA.srcs/sources_1/ip/axi_dma_0/axi_datamover_v5_1/hdl/src/vhdl/axi_datamover.vhd" into library axi_datamover_v5_1
INFO: [VRFC 10-307] analyzing entity axi_datamover
INFO: [VRFC 10-163] Analyzing VHDL file "E:/UV/FPGA/VERIFY/vry_AXI_DMA_1/vry_AXI_DMA/vry_AXI_DMA.srcs/sources_1/ip/axi_dma_0/axi_sg_v4_1/hdl/src/vhdl/axi_sg_pkg.vhd" into library axi_sg_v4_1
INFO: [VRFC 10-163] Analyzing VHDL file "E:/UV/FPGA/VERIFY/vry_AXI_DMA_1/vry_AXI_DMA/vry_AXI_DMA.srcs/sources_1/ip/axi_dma_0/axi_sg_v4_1/hdl/src/vhdl/axi_sg_reset.vhd" into library axi_sg_v4_1
INFO: [VRFC 10-307] analyzing entity axi_sg_reset
INFO: [VRFC 10-163] Analyzing VHDL file "E:/UV/FPGA/VERIFY/vry_AXI_DMA_1/vry_AXI_DMA/vry_AXI_DMA.srcs/sources_1/ip/axi_dma_0/axi_sg_v4_1/hdl/src/vhdl/axi_sg_sfifo_autord.vhd" into library axi_sg_v4_1
INFO: [VRFC 10-307] analyzing entity axi_sg_sfifo_autord
INFO: [VRFC 10-163] Analyzing VHDL file "E:/UV/FPGA/VERIFY/vry_AXI_DMA_1/vry_AXI_DMA/vry_AXI_DMA.srcs/sources_1/ip/axi_dma_0/axi_sg_v4_1/hdl/src/vhdl/axi_sg_afifo_autord.vhd" into library axi_sg_v4_1
INFO: [VRFC 10-307] analyzing entity axi_sg_afifo_autord
INFO: [VRFC 10-163] Analyzing VHDL file "E:/UV/FPGA/VERIFY/vry_AXI_DMA_1/vry_AXI_DMA/vry_AXI_DMA.srcs/sources_1/ip/axi_dma_0/axi_sg_v4_1/hdl/src/vhdl/axi_sg_fifo.vhd" into library axi_sg_v4_1
INFO: [VRFC 10-307] analyzing entity axi_sg_fifo
INFO: [VRFC 10-163] Analyzing VHDL file "E:/UV/FPGA/VERIFY/vry_AXI_DMA_1/vry_AXI_DMA/vry_AXI_DMA.srcs/sources_1/ip/axi_dma_0/axi_sg_v4_1/hdl/src/vhdl/axi_sg_cmd_status.vhd" into library axi_sg_v4_1
INFO: [VRFC 10-307] analyzing entity axi_sg_cmd_status
INFO: [VRFC 10-163] Analyzing VHDL file "E:/UV/FPGA/VERIFY/vry_AXI_DMA_1/vry_AXI_DMA/vry_AXI_DMA.srcs/sources_1/ip/axi_dma_0/axi_sg_v4_1/hdl/src/vhdl/axi_sg_rdmux.vhd" into library axi_sg_v4_1
INFO: [VRFC 10-307] analyzing entity axi_sg_rdmux
INFO: [VRFC 10-163] Analyzing VHDL file "E:/UV/FPGA/VERIFY/vry_AXI_DMA_1/vry_AXI_DMA/vry_AXI_DMA.srcs/sources_1/ip/axi_dma_0/axi_sg_v4_1/hdl/src/vhdl/axi_sg_addr_cntl.vhd" into library axi_sg_v4_1
INFO: [VRFC 10-307] analyzing entity axi_sg_addr_cntl
INFO: [VRFC 10-163] Analyzing VHDL file "E:/UV/FPGA/VERIFY/vry_AXI_DMA_1/vry_AXI_DMA/vry_AXI_DMA.srcs/sources_1/ip/axi_dma_0/axi_sg_v4_1/hdl/src/vhdl/axi_sg_rddata_cntl.vhd" into library axi_sg_v4_1
INFO: [VRFC 10-307] analyzing entity axi_sg_rddata_cntl
INFO: [VRFC 10-163] Analyzing VHDL file "E:/UV/FPGA/VERIFY/vry_AXI_DMA_1/vry_AXI_DMA/vry_AXI_DMA.srcs/sources_1/ip/axi_dma_0/axi_sg_v4_1/hdl/src/vhdl/axi_sg_rd_status_cntl.vhd" into library axi_sg_v4_1
INFO: [VRFC 10-307] analyzing entity axi_sg_rd_status_cntl
INFO: [VRFC 10-163] Analyzing VHDL file "E:/UV/FPGA/VERIFY/vry_AXI_DMA_1/vry_AXI_DMA/vry_AXI_DMA.srcs/sources_1/ip/axi_dma_0/axi_sg_v4_1/hdl/src/vhdl/axi_sg_scc.vhd" into library axi_sg_v4_1
INFO: [VRFC 10-307] analyzing entity axi_sg_scc
INFO: [VRFC 10-163] Analyzing VHDL file "E:/UV/FPGA/VERIFY/vry_AXI_DMA_1/vry_AXI_DMA/vry_AXI_DMA.srcs/sources_1/ip/axi_dma_0/axi_sg_v4_1/hdl/src/vhdl/axi_sg_wr_demux.vhd" into library axi_sg_v4_1
INFO: [VRFC 10-307] analyzing entity axi_sg_wr_demux
INFO: [VRFC 10-163] Analyzing VHDL file "E:/UV/FPGA/VERIFY/vry_AXI_DMA_1/vry_AXI_DMA/vry_AXI_DMA.srcs/sources_1/ip/axi_dma_0/axi_sg_v4_1/hdl/src/vhdl/axi_sg_scc_wr.vhd" into library axi_sg_v4_1
INFO: [VRFC 10-307] analyzing entity axi_sg_scc_wr
INFO: [VRFC 10-163] Analyzing VHDL file "E:/UV/FPGA/VERIFY/vry_AXI_DMA_1/vry_AXI_DMA/vry_AXI_DMA.srcs/sources_1/ip/axi_dma_0/axi_sg_v4_1/hdl/src/vhdl/axi_sg_skid2mm_buf.vhd" into library axi_sg_v4_1
INFO: [VRFC 10-307] analyzing entity axi_sg_skid2mm_buf
INFO: [VRFC 10-163] Analyzing VHDL file "E:/UV/FPGA/VERIFY/vry_AXI_DMA_1/vry_AXI_DMA/vry_AXI_DMA.srcs/sources_1/ip/axi_dma_0/axi_sg_v4_1/hdl/src/vhdl/axi_sg_wrdata_cntl.vhd" into library axi_sg_v4_1
INFO: [VRFC 10-307] analyzing entity axi_sg_wrdata_cntl
INFO: [VRFC 10-163] Analyzing VHDL file "E:/UV/FPGA/VERIFY/vry_AXI_DMA_1/vry_AXI_DMA/vry_AXI_DMA.srcs/sources_1/ip/axi_dma_0/axi_sg_v4_1/hdl/src/vhdl/axi_sg_wr_status_cntl.vhd" into library axi_sg_v4_1
INFO: [VRFC 10-307] analyzing entity axi_sg_wr_status_cntl
INFO: [VRFC 10-163] Analyzing VHDL file "E:/UV/FPGA/VERIFY/vry_AXI_DMA_1/vry_AXI_DMA/vry_AXI_DMA.srcs/sources_1/ip/axi_dma_0/axi_sg_v4_1/hdl/src/vhdl/axi_sg_skid_buf.vhd" into library axi_sg_v4_1
INFO: [VRFC 10-307] analyzing entity axi_sg_skid_buf
INFO: [VRFC 10-163] Analyzing VHDL file "E:/UV/FPGA/VERIFY/vry_AXI_DMA_1/vry_AXI_DMA/vry_AXI_DMA.srcs/sources_1/ip/axi_dma_0/axi_sg_v4_1/hdl/src/vhdl/axi_sg_mm2s_basic_wrap.vhd" into library axi_sg_v4_1
INFO: [VRFC 10-307] analyzing entity axi_sg_mm2s_basic_wrap
INFO: [VRFC 10-163] Analyzing VHDL file "E:/UV/FPGA/VERIFY/vry_AXI_DMA_1/vry_AXI_DMA/vry_AXI_DMA.srcs/sources_1/ip/axi_dma_0/axi_sg_v4_1/hdl/src/vhdl/axi_sg_s2mm_basic_wrap.vhd" into library axi_sg_v4_1
INFO: [VRFC 10-307] analyzing entity axi_sg_s2mm_basic_wrap
INFO: [VRFC 10-163] Analyzing VHDL file "E:/UV/FPGA/VERIFY/vry_AXI_DMA_1/vry_AXI_DMA/vry_AXI_DMA.srcs/sources_1/ip/axi_dma_0/axi_sg_v4_1/hdl/src/vhdl/axi_sg_datamover.vhd" into library axi_sg_v4_1
INFO: [VRFC 10-307] analyzing entity axi_sg_datamover
INFO: [VRFC 10-163] Analyzing VHDL file "E:/UV/FPGA/VERIFY/vry_AXI_DMA_1/vry_AXI_DMA/vry_AXI_DMA.srcs/sources_1/ip/axi_dma_0/axi_sg_v4_1/hdl/src/vhdl/axi_sg_ftch_sm.vhd" into library axi_sg_v4_1
INFO: [VRFC 10-307] analyzing entity axi_sg_ftch_sm
INFO: [VRFC 10-163] Analyzing VHDL file "E:/UV/FPGA/VERIFY/vry_AXI_DMA_1/vry_AXI_DMA/vry_AXI_DMA.srcs/sources_1/ip/axi_dma_0/axi_sg_v4_1/hdl/src/vhdl/axi_sg_ftch_pntr.vhd" into library axi_sg_v4_1
INFO: [VRFC 10-307] analyzing entity axi_sg_ftch_pntr
INFO: [VRFC 10-163] Analyzing VHDL file "E:/UV/FPGA/VERIFY/vry_AXI_DMA_1/vry_AXI_DMA/vry_AXI_DMA.srcs/sources_1/ip/axi_dma_0/axi_sg_v4_1/hdl/src/vhdl/axi_sg_ftch_cmdsts_if.vhd" into library axi_sg_v4_1
INFO: [VRFC 10-307] analyzing entity axi_sg_ftch_cmdsts_if
INFO: [VRFC 10-163] Analyzing VHDL file "E:/UV/FPGA/VERIFY/vry_AXI_DMA_1/vry_AXI_DMA/vry_AXI_DMA.srcs/sources_1/ip/axi_dma_0/axi_sg_v4_1/hdl/src/vhdl/axi_sg_ftch_mngr.vhd" into library axi_sg_v4_1
INFO: [VRFC 10-307] analyzing entity axi_sg_ftch_mngr
INFO: [VRFC 10-163] Analyzing VHDL file "E:/UV/FPGA/VERIFY/vry_AXI_DMA_1/vry_AXI_DMA/vry_AXI_DMA.srcs/sources_1/ip/axi_dma_0/axi_sg_v4_1/hdl/src/vhdl/axi_sg_cntrl_strm.vhd" into library axi_sg_v4_1
INFO: [VRFC 10-307] analyzing entity axi_sg_cntrl_strm
INFO: [VRFC 10-163] Analyzing VHDL file "E:/UV/FPGA/VERIFY/vry_AXI_DMA_1/vry_AXI_DMA/vry_AXI_DMA.srcs/sources_1/ip/axi_dma_0/axi_sg_v4_1/hdl/src/vhdl/axi_sg_ftch_queue.vhd" into library axi_sg_v4_1
INFO: [VRFC 10-307] analyzing entity axi_sg_ftch_queue
INFO: [VRFC 10-163] Analyzing VHDL file "E:/UV/FPGA/VERIFY/vry_AXI_DMA_1/vry_AXI_DMA/vry_AXI_DMA.srcs/sources_1/ip/axi_dma_0/axi_sg_v4_1/hdl/src/vhdl/axi_sg_ftch_noqueue.vhd" into library axi_sg_v4_1
INFO: [VRFC 10-307] analyzing entity axi_sg_ftch_noqueue
INFO: [VRFC 10-163] Analyzing VHDL file "E:/UV/FPGA/VERIFY/vry_AXI_DMA_1/vry_AXI_DMA/vry_AXI_DMA.srcs/sources_1/ip/axi_dma_0/axi_sg_v4_1/hdl/src/vhdl/axi_sg_ftch_q_mngr.vhd" into library axi_sg_v4_1
INFO: [VRFC 10-307] analyzing entity axi_sg_ftch_q_mngr
INFO: [VRFC 10-163] Analyzing VHDL file "E:/UV/FPGA/VERIFY/vry_AXI_DMA_1/vry_AXI_DMA/vry_AXI_DMA.srcs/sources_1/ip/axi_dma_0/axi_sg_v4_1/hdl/src/vhdl/axi_sg_updt_cmdsts_if.vhd" into library axi_sg_v4_1
INFO: [VRFC 10-307] analyzing entity axi_sg_updt_cmdsts_if
INFO: [VRFC 10-163] Analyzing VHDL file "E:/UV/FPGA/VERIFY/vry_AXI_DMA_1/vry_AXI_DMA/vry_AXI_DMA.srcs/sources_1/ip/axi_dma_0/axi_sg_v4_1/hdl/src/vhdl/axi_sg_updt_sm.vhd" into library axi_sg_v4_1
INFO: [VRFC 10-307] analyzing entity axi_sg_updt_sm
INFO: [VRFC 10-163] Analyzing VHDL file "E:/UV/FPGA/VERIFY/vry_AXI_DMA_1/vry_AXI_DMA/vry_AXI_DMA.srcs/sources_1/ip/axi_dma_0/axi_sg_v4_1/hdl/src/vhdl/axi_sg_updt_mngr.vhd" into library axi_sg_v4_1
INFO: [VRFC 10-307] analyzing entity axi_sg_updt_mngr
INFO: [VRFC 10-163] Analyzing VHDL file "E:/UV/FPGA/VERIFY/vry_AXI_DMA_1/vry_AXI_DMA/vry_AXI_DMA.srcs/sources_1/ip/axi_dma_0/axi_sg_v4_1/hdl/src/vhdl/axi_sg_updt_queue.vhd" into library axi_sg_v4_1
INFO: [VRFC 10-307] analyzing entity axi_sg_updt_queue
INFO: [VRFC 10-163] Analyzing VHDL file "E:/UV/FPGA/VERIFY/vry_AXI_DMA_1/vry_AXI_DMA/vry_AXI_DMA.srcs/sources_1/ip/axi_dma_0/axi_sg_v4_1/hdl/src/vhdl/axi_sg_updt_noqueue.vhd" into library axi_sg_v4_1
INFO: [VRFC 10-307] analyzing entity axi_sg_updt_noqueue
INFO: [VRFC 10-163] Analyzing VHDL file "E:/UV/FPGA/VERIFY/vry_AXI_DMA_1/vry_AXI_DMA/vry_AXI_DMA.srcs/sources_1/ip/axi_dma_0/axi_sg_v4_1/hdl/src/vhdl/axi_sg_updt_q_mngr.vhd" into library axi_sg_v4_1
INFO: [VRFC 10-307] analyzing entity axi_sg_updt_q_mngr
INFO: [VRFC 10-163] Analyzing VHDL file "E:/UV/FPGA/VERIFY/vry_AXI_DMA_1/vry_AXI_DMA/vry_AXI_DMA.srcs/sources_1/ip/axi_dma_0/axi_sg_v4_1/hdl/src/vhdl/axi_sg_intrpt.vhd" into library axi_sg_v4_1
INFO: [VRFC 10-307] analyzing entity axi_sg_intrpt
INFO: [VRFC 10-163] Analyzing VHDL file "E:/UV/FPGA/VERIFY/vry_AXI_DMA_1/vry_AXI_DMA/vry_AXI_DMA.srcs/sources_1/ip/axi_dma_0/axi_sg_v4_1/hdl/src/vhdl/axi_sg.vhd" into library axi_sg_v4_1
INFO: [VRFC 10-307] analyzing entity axi_sg
INFO: [VRFC 10-163] Analyzing VHDL file "E:/UV/FPGA/VERIFY/vry_AXI_DMA_1/vry_AXI_DMA/vry_AXI_DMA.srcs/sources_1/ip/axi_dma_0/axi_dma_v7_1/hdl/src/vhdl/axi_dma_pkg.vhd" into library axi_dma_v7_1
INFO: [VRFC 10-163] Analyzing VHDL file "E:/UV/FPGA/VERIFY/vry_AXI_DMA_1/vry_AXI_DMA/vry_AXI_DMA.srcs/sources_1/ip/axi_dma_0/axi_dma_v7_1/hdl/src/vhdl/axi_dma_reset.vhd" into library axi_dma_v7_1
INFO: [VRFC 10-307] analyzing entity axi_dma_reset
INFO: [VRFC 10-163] Analyzing VHDL file "E:/UV/FPGA/VERIFY/vry_AXI_DMA_1/vry_AXI_DMA/vry_AXI_DMA.srcs/sources_1/ip/axi_dma_0/axi_dma_v7_1/hdl/src/vhdl/axi_dma_rst_module.vhd" into library axi_dma_v7_1
INFO: [VRFC 10-307] analyzing entity axi_dma_rst_module
INFO: [VRFC 10-163] Analyzing VHDL file "E:/UV/FPGA/VERIFY/vry_AXI_DMA_1/vry_AXI_DMA/vry_AXI_DMA.srcs/sources_1/ip/axi_dma_0/axi_dma_v7_1/hdl/src/vhdl/axi_dma_lite_if.vhd" into library axi_dma_v7_1
INFO: [VRFC 10-307] analyzing entity axi_dma_lite_if
INFO: [VRFC 10-163] Analyzing VHDL file "E:/UV/FPGA/VERIFY/vry_AXI_DMA_1/vry_AXI_DMA/vry_AXI_DMA.srcs/sources_1/ip/axi_dma_0/axi_dma_v7_1/hdl/src/vhdl/axi_dma_register.vhd" into library axi_dma_v7_1
INFO: [VRFC 10-307] analyzing entity axi_dma_register
INFO: [VRFC 10-163] Analyzing VHDL file "E:/UV/FPGA/VERIFY/vry_AXI_DMA_1/vry_AXI_DMA/vry_AXI_DMA.srcs/sources_1/ip/axi_dma_0/axi_dma_v7_1/hdl/src/vhdl/axi_dma_register_s2mm.vhd" into library axi_dma_v7_1
INFO: [VRFC 10-307] analyzing entity axi_dma_register_s2mm
INFO: [VRFC 10-163] Analyzing VHDL file "E:/UV/FPGA/VERIFY/vry_AXI_DMA_1/vry_AXI_DMA/vry_AXI_DMA.srcs/sources_1/ip/axi_dma_0/axi_dma_v7_1/hdl/src/vhdl/axi_dma_reg_module.vhd" into library axi_dma_v7_1
INFO: [VRFC 10-307] analyzing entity axi_dma_reg_module
INFO: [VRFC 10-163] Analyzing VHDL file "E:/UV/FPGA/VERIFY/vry_AXI_DMA_1/vry_AXI_DMA/vry_AXI_DMA.srcs/sources_1/ip/axi_dma_0/axi_dma_v7_1/hdl/src/vhdl/axi_dma_skid_buf.vhd" into library axi_dma_v7_1
INFO: [VRFC 10-307] analyzing entity axi_dma_skid_buf
INFO: [VRFC 10-163] Analyzing VHDL file "E:/UV/FPGA/VERIFY/vry_AXI_DMA_1/vry_AXI_DMA/vry_AXI_DMA.srcs/sources_1/ip/axi_dma_0/axi_dma_v7_1/hdl/src/vhdl/axi_dma_afifo_autord.vhd" into library axi_dma_v7_1
INFO: [VRFC 10-307] analyzing entity axi_dma_afifo_autord
INFO: [VRFC 10-163] Analyzing VHDL file "E:/UV/FPGA/VERIFY/vry_AXI_DMA_1/vry_AXI_DMA/vry_AXI_DMA.srcs/sources_1/ip/axi_dma_0/axi_dma_v7_1/hdl/src/vhdl/axi_dma_s2mm.vhd" into library axi_dma_v7_1
INFO: [VRFC 10-307] analyzing entity axi_dma_s2mm
INFO: [VRFC 10-163] Analyzing VHDL file "E:/UV/FPGA/VERIFY/vry_AXI_DMA_1/vry_AXI_DMA/vry_AXI_DMA.srcs/sources_1/ip/axi_dma_0/axi_dma_v7_1/hdl/src/vhdl/axi_dma_sofeof_gen.vhd" into library axi_dma_v7_1
INFO: [VRFC 10-307] analyzing entity axi_dma_sofeof_gen
INFO: [VRFC 10-163] Analyzing VHDL file "E:/UV/FPGA/VERIFY/vry_AXI_DMA_1/vry_AXI_DMA/vry_AXI_DMA.srcs/sources_1/ip/axi_dma_0/axi_dma_v7_1/hdl/src/vhdl/axi_dma_smple_sm.vhd" into library axi_dma_v7_1
INFO: [VRFC 10-307] analyzing entity axi_dma_smple_sm
INFO: [VRFC 10-163] Analyzing VHDL file "E:/UV/FPGA/VERIFY/vry_AXI_DMA_1/vry_AXI_DMA/vry_AXI_DMA.srcs/sources_1/ip/axi_dma_0/axi_dma_v7_1/hdl/src/vhdl/axi_dma_mm2s_sg_if.vhd" into library axi_dma_v7_1
INFO: [VRFC 10-307] analyzing entity axi_dma_mm2s_sg_if
INFO: [VRFC 10-163] Analyzing VHDL file "E:/UV/FPGA/VERIFY/vry_AXI_DMA_1/vry_AXI_DMA/vry_AXI_DMA.srcs/sources_1/ip/axi_dma_0/axi_dma_v7_1/hdl/src/vhdl/axi_dma_mm2s_sm.vhd" into library axi_dma_v7_1
INFO: [VRFC 10-307] analyzing entity axi_dma_mm2s_sm
INFO: [VRFC 10-163] Analyzing VHDL file "E:/UV/FPGA/VERIFY/vry_AXI_DMA_1/vry_AXI_DMA/vry_AXI_DMA.srcs/sources_1/ip/axi_dma_0/axi_dma_v7_1/hdl/src/vhdl/axi_dma_mm2s_cmdsts_if.vhd" into library axi_dma_v7_1
INFO: [VRFC 10-307] analyzing entity axi_dma_mm2s_cmdsts_if
INFO: [VRFC 10-163] Analyzing VHDL file "E:/UV/FPGA/VERIFY/vry_AXI_DMA_1/vry_AXI_DMA/vry_AXI_DMA.srcs/sources_1/ip/axi_dma_0/axi_dma_v7_1/hdl/src/vhdl/axi_dma_mm2s_sts_mngr.vhd" into library axi_dma_v7_1
INFO: [VRFC 10-307] analyzing entity axi_dma_mm2s_sts_mngr
INFO: [VRFC 10-163] Analyzing VHDL file "E:/UV/FPGA/VERIFY/vry_AXI_DMA_1/vry_AXI_DMA/vry_AXI_DMA.srcs/sources_1/ip/axi_dma_0/axi_dma_v7_1/hdl/src/vhdl/axi_dma_mm2s_cntrl_strm.vhd" into library axi_dma_v7_1
INFO: [VRFC 10-307] analyzing entity axi_dma_mm2s_cntrl_strm
INFO: [VRFC 10-163] Analyzing VHDL file "E:/UV/FPGA/VERIFY/vry_AXI_DMA_1/vry_AXI_DMA/vry_AXI_DMA.srcs/sources_1/ip/axi_dma_0/axi_dma_v7_1/hdl/src/vhdl/axi_dma_mm2s_mngr.vhd" into library axi_dma_v7_1
INFO: [VRFC 10-307] analyzing entity axi_dma_mm2s_mngr
INFO: [VRFC 10-163] Analyzing VHDL file "E:/UV/FPGA/VERIFY/vry_AXI_DMA_1/vry_AXI_DMA/vry_AXI_DMA.srcs/sources_1/ip/axi_dma_0/axi_dma_v7_1/hdl/src/vhdl/axi_dma_s2mm_sg_if.vhd" into library axi_dma_v7_1
INFO: [VRFC 10-307] analyzing entity axi_dma_s2mm_sg_if
INFO: [VRFC 10-163] Analyzing VHDL file "E:/UV/FPGA/VERIFY/vry_AXI_DMA_1/vry_AXI_DMA/vry_AXI_DMA.srcs/sources_1/ip/axi_dma_0/axi_dma_v7_1/hdl/src/vhdl/axi_dma_s2mm_sm.vhd" into library axi_dma_v7_1
INFO: [VRFC 10-307] analyzing entity axi_dma_s2mm_sm
INFO: [VRFC 10-163] Analyzing VHDL file "E:/UV/FPGA/VERIFY/vry_AXI_DMA_1/vry_AXI_DMA/vry_AXI_DMA.srcs/sources_1/ip/axi_dma_0/axi_dma_v7_1/hdl/src/vhdl/axi_dma_s2mm_cmdsts_if.vhd" into library axi_dma_v7_1
INFO: [VRFC 10-307] analyzing entity axi_dma_s2mm_cmdsts_if
INFO: [VRFC 10-163] Analyzing VHDL file "E:/UV/FPGA/VERIFY/vry_AXI_DMA_1/vry_AXI_DMA/vry_AXI_DMA.srcs/sources_1/ip/axi_dma_0/axi_dma_v7_1/hdl/src/vhdl/axi_dma_s2mm_sts_mngr.vhd" into library axi_dma_v7_1
INFO: [VRFC 10-307] analyzing entity axi_dma_s2mm_sts_mngr
INFO: [VRFC 10-163] Analyzing VHDL file "E:/UV/FPGA/VERIFY/vry_AXI_DMA_1/vry_AXI_DMA/vry_AXI_DMA.srcs/sources_1/ip/axi_dma_0/axi_dma_v7_1/hdl/src/vhdl/axi_dma_s2mm_sts_strm.vhd" into library axi_dma_v7_1
INFO: [VRFC 10-307] analyzing entity axi_dma_s2mm_sts_strm
INFO: [VRFC 10-163] Analyzing VHDL file "E:/UV/FPGA/VERIFY/vry_AXI_DMA_1/vry_AXI_DMA/vry_AXI_DMA.srcs/sources_1/ip/axi_dma_0/axi_dma_v7_1/hdl/src/vhdl/axi_dma_s2mm_mngr.vhd" into library axi_dma_v7_1
INFO: [VRFC 10-307] analyzing entity axi_dma_s2mm_mngr
INFO: [VRFC 10-163] Analyzing VHDL file "E:/UV/FPGA/VERIFY/vry_AXI_DMA_1/vry_AXI_DMA/vry_AXI_DMA.srcs/sources_1/ip/axi_dma_0/axi_dma_v7_1/hdl/src/vhdl/axi_dma_cmd_split.vhd" into library axi_dma_v7_1
INFO: [VRFC 10-307] analyzing entity axi_dma_cmd_split
INFO: [VRFC 10-163] Analyzing VHDL file "E:/UV/FPGA/VERIFY/vry_AXI_DMA_1/vry_AXI_DMA/vry_AXI_DMA.srcs/sources_1/ip/axi_dma_0/axi_dma_v7_1/hdl/src/vhdl/axi_dma.vhd" into library axi_dma_v7_1
INFO: [VRFC 10-307] analyzing entity axi_dma
INFO: [VRFC 10-163] Analyzing VHDL file "E:/UV/FPGA/VERIFY/vry_AXI_DMA_1/vry_AXI_DMA/vry_AXI_DMA.srcs/sources_1/ip/axi_dma_0/sim/axi_dma_0.vhd" into library xil_defaultlib
INFO: [VRFC 10-307] analyzing entity axi_dma_0
INFO: [VRFC 10-163] Analyzing VHDL file "E:/UV/FPGA/VERIFY/vry_AXI_DMA_1/vry_AXI_DMA/vry_AXI_DMA.srcs/sources_1/ip/axi_cdma_0/lib_pkg_v1_0/hdl/src/vhdl/lib_pkg.vhd" into library lib_pkg_v1_0
INFO: [VRFC 10-163] Analyzing VHDL file "E:/UV/FPGA/VERIFY/vry_AXI_DMA_1/vry_AXI_DMA/vry_AXI_DMA.srcs/sources_1/ip/axi_cdma_0/lib_srl_fifo_v1_0/hdl/src/vhdl/cntr_incr_decr_addn_f.vhd" into library lib_srl_fifo_v1_0
INFO: [VRFC 10-307] analyzing entity cntr_incr_decr_addn_f
INFO: [VRFC 10-163] Analyzing VHDL file "E:/UV/FPGA/VERIFY/vry_AXI_DMA_1/vry_AXI_DMA/vry_AXI_DMA.srcs/sources_1/ip/axi_cdma_0/lib_srl_fifo_v1_0/hdl/src/vhdl/dynshreg_f.vhd" into library lib_srl_fifo_v1_0
INFO: [VRFC 10-307] analyzing entity dynshreg_f
INFO: [VRFC 10-163] Analyzing VHDL file "E:/UV/FPGA/VERIFY/vry_AXI_DMA_1/vry_AXI_DMA/vry_AXI_DMA.srcs/sources_1/ip/axi_cdma_0/lib_srl_fifo_v1_0/hdl/src/vhdl/srl_fifo_rbu_f.vhd" into library lib_srl_fifo_v1_0
INFO: [VRFC 10-307] analyzing entity srl_fifo_rbu_f
INFO: [VRFC 10-163] Analyzing VHDL file "E:/UV/FPGA/VERIFY/vry_AXI_DMA_1/vry_AXI_DMA/vry_AXI_DMA.srcs/sources_1/ip/axi_cdma_0/lib_srl_fifo_v1_0/hdl/src/vhdl/srl_fifo_f.vhd" into library lib_srl_fifo_v1_0
INFO: [VRFC 10-307] analyzing entity srl_fifo_f
INFO: [VRFC 10-163] Analyzing VHDL file "E:/UV/FPGA/VERIFY/vry_AXI_DMA_1/vry_AXI_DMA/vry_AXI_DMA.srcs/sources_1/ip/axi_cdma_0/fifo_generator_v12_0/hdl/fifo_generator_v12_0_vh_rfs.vhd" into library fifo_generator_v12_0
INFO: [VRFC 10-307] analyzing entity fifo_generator_v12_0_bhv_as
INFO: [VRFC 10-307] analyzing entity fifo_generator_v12_0_bhv_ss
INFO: [VRFC 10-307] analyzing entity fifo_generator_v12_0_bhv_preload0
INFO: [VRFC 10-307] analyzing entity fifo_generator_v12_0_conv
INFO: [VRFC 10-307] analyzing entity fifo_generator_v12_0_axic_reg_slice
INFO: [VRFC 10-307] analyzing entity fifo_generator_vhdl_beh
INFO: [VRFC 10-307] analyzing entity input_blk
INFO: [VRFC 10-307] analyzing entity output_blk
INFO: [VRFC 10-307] analyzing entity shft_wrapper
INFO: [VRFC 10-307] analyzing entity shft_ram
INFO: [VRFC 10-307] analyzing entity wr_pf_as
INFO: [VRFC 10-307] analyzing entity wr_pf_ss
INFO: [VRFC 10-307] analyzing entity rd_pe_as
INFO: [VRFC 10-307] analyzing entity rd_pe_ss
INFO: [VRFC 10-307] analyzing entity synchronizer_ff
INFO: [VRFC 10-307] analyzing entity delay
INFO: [VRFC 10-307] analyzing entity bin_cntr
INFO: [VRFC 10-307] analyzing entity clk_x_pntrs_builtin
INFO: [VRFC 10-307] analyzing entity logic_builtin
INFO: [VRFC 10-307] analyzing entity builtin_prim
INFO: [VRFC 10-307] analyzing entity builtin_extdepth
INFO: [VRFC 10-307] analyzing entity builtin_top
INFO: [VRFC 10-307] analyzing entity reset_builtin
INFO: [VRFC 10-307] analyzing entity builtin_prim_v6
INFO: [VRFC 10-307] analyzing entity builtin_extdepth_v6
INFO: [VRFC 10-307] analyzing entity builtin_extdepth_low_latency
INFO: [VRFC 10-307] analyzing entity builtin_top_v6
INFO: [VRFC 10-307] analyzing entity fifo_generator_v12_0_builtin
INFO: [VRFC 10-307] analyzing entity bram_sync_reg
INFO: [VRFC 10-307] analyzing entity bram_fifo_rstlogic
INFO: [VRFC 10-307] analyzing entity reset_blk_ramfifo
INFO: [VRFC 10-307] analyzing entity axi_reg_slice
INFO: [VRFC 10-307] analyzing entity fifo_generator_top
INFO: [VRFC 10-307] analyzing entity fifo_generator_v12_0_synth
INFO: [VRFC 10-307] analyzing entity fifo_generator_v12_0
INFO: [VRFC 10-163] Analyzing VHDL file "E:/UV/FPGA/VERIFY/vry_AXI_DMA_1/vry_AXI_DMA/vry_AXI_DMA.srcs/sources_1/ip/axi_cdma_0/lib_fifo_v1_0/hdl/src/vhdl/async_fifo_fg.vhd" into library lib_fifo_v1_0
INFO: [VRFC 10-307] analyzing entity async_fifo_fg
INFO: [VRFC 10-163] Analyzing VHDL file "E:/UV/FPGA/VERIFY/vry_AXI_DMA_1/vry_AXI_DMA/vry_AXI_DMA.srcs/sources_1/ip/axi_cdma_0/lib_fifo_v1_0/hdl/src/vhdl/sync_fifo_fg.vhd" into library lib_fifo_v1_0
INFO: [VRFC 10-307] analyzing entity sync_fifo_fg
INFO: [VRFC 10-163] Analyzing VHDL file "E:/UV/FPGA/VERIFY/vry_AXI_DMA_1/vry_AXI_DMA/vry_AXI_DMA.srcs/sources_1/ip/axi_cdma_0/lib_cdc_v1_0/hdl/src/vhdl/cdc_sync.vhd" into library lib_cdc_v1_0
INFO: [VRFC 10-307] analyzing entity cdc_sync
INFO: [VRFC 10-163] Analyzing VHDL file "E:/UV/FPGA/VERIFY/vry_AXI_DMA_1/vry_AXI_DMA/vry_AXI_DMA.srcs/sources_1/ip/axi_cdma_0/axi_datamover_v5_1/hdl/src/vhdl/axi_datamover_reset.vhd" into library axi_datamover_v5_1
INFO: [VRFC 10-307] analyzing entity axi_datamover_reset
INFO: [VRFC 10-163] Analyzing VHDL file "E:/UV/FPGA/VERIFY/vry_AXI_DMA_1/vry_AXI_DMA/vry_AXI_DMA.srcs/sources_1/ip/axi_cdma_0/axi_datamover_v5_1/hdl/src/vhdl/axi_datamover_afifo_autord.vhd" into library axi_datamover_v5_1
INFO: [VRFC 10-307] analyzing entity axi_datamover_afifo_autord
INFO: [VRFC 10-163] Analyzing VHDL file "E:/UV/FPGA/VERIFY/vry_AXI_DMA_1/vry_AXI_DMA/vry_AXI_DMA.srcs/sources_1/ip/axi_cdma_0/axi_datamover_v5_1/hdl/src/vhdl/axi_datamover_sfifo_autord.vhd" into library axi_datamover_v5_1
INFO: [VRFC 10-307] analyzing entity axi_datamover_sfifo_autord
INFO: [VRFC 10-163] Analyzing VHDL file "E:/UV/FPGA/VERIFY/vry_AXI_DMA_1/vry_AXI_DMA/vry_AXI_DMA.srcs/sources_1/ip/axi_cdma_0/axi_datamover_v5_1/hdl/src/vhdl/axi_datamover_fifo.vhd" into library axi_datamover_v5_1
INFO: [VRFC 10-307] analyzing entity axi_datamover_fifo
INFO: [VRFC 10-163] Analyzing VHDL file "E:/UV/FPGA/VERIFY/vry_AXI_DMA_1/vry_AXI_DMA/vry_AXI_DMA.srcs/sources_1/ip/axi_cdma_0/axi_datamover_v5_1/hdl/src/vhdl/axi_datamover_cmd_status.vhd" into library axi_datamover_v5_1
INFO: [VRFC 10-307] analyzing entity axi_datamover_cmd_status
INFO: [VRFC 10-163] Analyzing VHDL file "E:/UV/FPGA/VERIFY/vry_AXI_DMA_1/vry_AXI_DMA/vry_AXI_DMA.srcs/sources_1/ip/axi_cdma_0/axi_datamover_v5_1/hdl/src/vhdl/axi_datamover_scc.vhd" into library axi_datamover_v5_1
INFO: [VRFC 10-307] analyzing entity axi_datamover_scc
INFO: [VRFC 10-163] Analyzing VHDL file "E:/UV/FPGA/VERIFY/vry_AXI_DMA_1/vry_AXI_DMA/vry_AXI_DMA.srcs/sources_1/ip/axi_cdma_0/axi_datamover_v5_1/hdl/src/vhdl/axi_datamover_strb_gen2.vhd" into library axi_datamover_v5_1
INFO: [VRFC 10-307] analyzing entity axi_datamover_strb_gen2
INFO: [VRFC 10-163] Analyzing VHDL file "E:/UV/FPGA/VERIFY/vry_AXI_DMA_1/vry_AXI_DMA/vry_AXI_DMA.srcs/sources_1/ip/axi_cdma_0/axi_datamover_v5_1/hdl/src/vhdl/axi_datamover_pcc.vhd" into library axi_datamover_v5_1
INFO: [VRFC 10-307] analyzing entity axi_datamover_pcc
INFO: [VRFC 10-163] Analyzing VHDL file "E:/UV/FPGA/VERIFY/vry_AXI_DMA_1/vry_AXI_DMA/vry_AXI_DMA.srcs/sources_1/ip/axi_cdma_0/axi_datamover_v5_1/hdl/src/vhdl/axi_datamover_addr_cntl.vhd" into library axi_datamover_v5_1
INFO: [VRFC 10-307] analyzing entity axi_datamover_addr_cntl
INFO: [VRFC 10-163] Analyzing VHDL file "E:/UV/FPGA/VERIFY/vry_AXI_DMA_1/vry_AXI_DMA/vry_AXI_DMA.srcs/sources_1/ip/axi_cdma_0/axi_datamover_v5_1/hdl/src/vhdl/axi_datamover_rdmux.vhd" into library axi_datamover_v5_1
INFO: [VRFC 10-307] analyzing entity axi_datamover_rdmux
INFO: [VRFC 10-163] Analyzing VHDL file "E:/UV/FPGA/VERIFY/vry_AXI_DMA_1/vry_AXI_DMA/vry_AXI_DMA.srcs/sources_1/ip/axi_cdma_0/axi_datamover_v5_1/hdl/src/vhdl/axi_datamover_rddata_cntl.vhd" into library axi_datamover_v5_1
INFO: [VRFC 10-307] analyzing entity axi_datamover_rddata_cntl
INFO: [VRFC 10-163] Analyzing VHDL file "E:/UV/FPGA/VERIFY/vry_AXI_DMA_1/vry_AXI_DMA/vry_AXI_DMA.srcs/sources_1/ip/axi_cdma_0/axi_datamover_v5_1/hdl/src/vhdl/axi_datamover_rd_status_cntl.vhd" into library axi_datamover_v5_1
INFO: [VRFC 10-307] analyzing entity axi_datamover_rd_status_cntl
INFO: [VRFC 10-163] Analyzing VHDL file "E:/UV/FPGA/VERIFY/vry_AXI_DMA_1/vry_AXI_DMA/vry_AXI_DMA.srcs/sources_1/ip/axi_cdma_0/axi_datamover_v5_1/hdl/src/vhdl/axi_datamover_wr_demux.vhd" into library axi_datamover_v5_1
INFO: [VRFC 10-307] analyzing entity axi_datamover_wr_demux
INFO: [VRFC 10-163] Analyzing VHDL file "E:/UV/FPGA/VERIFY/vry_AXI_DMA_1/vry_AXI_DMA/vry_AXI_DMA.srcs/sources_1/ip/axi_cdma_0/axi_datamover_v5_1/hdl/src/vhdl/axi_datamover_wrdata_cntl.vhd" into library axi_datamover_v5_1
INFO: [VRFC 10-307] analyzing entity axi_datamover_wrdata_cntl
INFO: [VRFC 10-163] Analyzing VHDL file "E:/UV/FPGA/VERIFY/vry_AXI_DMA_1/vry_AXI_DMA/vry_AXI_DMA.srcs/sources_1/ip/axi_cdma_0/axi_datamover_v5_1/hdl/src/vhdl/axi_datamover_wr_status_cntl.vhd" into library axi_datamover_v5_1
INFO: [VRFC 10-307] analyzing entity axi_datamover_wr_status_cntl
INFO: [VRFC 10-163] Analyzing VHDL file "E:/UV/FPGA/VERIFY/vry_AXI_DMA_1/vry_AXI_DMA/vry_AXI_DMA.srcs/sources_1/ip/axi_cdma_0/axi_datamover_v5_1/hdl/src/vhdl/axi_datamover_skid2mm_buf.vhd" into library axi_datamover_v5_1
INFO: [VRFC 10-307] analyzing entity axi_datamover_skid2mm_buf
INFO: [VRFC 10-163] Analyzing VHDL file "E:/UV/FPGA/VERIFY/vry_AXI_DMA_1/vry_AXI_DMA/vry_AXI_DMA.srcs/sources_1/ip/axi_cdma_0/axi_datamover_v5_1/hdl/src/vhdl/axi_datamover_skid_buf.vhd" into library axi_datamover_v5_1
INFO: [VRFC 10-307] analyzing entity axi_datamover_skid_buf
INFO: [VRFC 10-163] Analyzing VHDL file "E:/UV/FPGA/VERIFY/vry_AXI_DMA_1/vry_AXI_DMA/vry_AXI_DMA.srcs/sources_1/ip/axi_cdma_0/axi_datamover_v5_1/hdl/src/vhdl/axi_datamover_rd_sf.vhd" into library axi_datamover_v5_1
INFO: [VRFC 10-307] analyzing entity axi_datamover_rd_sf
INFO: [VRFC 10-163] Analyzing VHDL file "E:/UV/FPGA/VERIFY/vry_AXI_DMA_1/vry_AXI_DMA/vry_AXI_DMA.srcs/sources_1/ip/axi_cdma_0/axi_datamover_v5_1/hdl/src/vhdl/axi_datamover_wr_sf.vhd" into library axi_datamover_v5_1
INFO: [VRFC 10-307] analyzing entity axi_datamover_wr_sf
INFO: [VRFC 10-163] Analyzing VHDL file "E:/UV/FPGA/VERIFY/vry_AXI_DMA_1/vry_AXI_DMA/vry_AXI_DMA.srcs/sources_1/ip/axi_cdma_0/axi_datamover_v5_1/hdl/src/vhdl/axi_datamover_stbs_set.vhd" into library axi_datamover_v5_1
INFO: [VRFC 10-307] analyzing entity axi_datamover_stbs_set
INFO: [VRFC 10-163] Analyzing VHDL file "E:/UV/FPGA/VERIFY/vry_AXI_DMA_1/vry_AXI_DMA/vry_AXI_DMA.srcs/sources_1/ip/axi_cdma_0/axi_datamover_v5_1/hdl/src/vhdl/axi_datamover_stbs_set_nodre.vhd" into library axi_datamover_v5_1
INFO: [VRFC 10-307] analyzing entity axi_datamover_stbs_set_nodre
INFO: [VRFC 10-163] Analyzing VHDL file "E:/UV/FPGA/VERIFY/vry_AXI_DMA_1/vry_AXI_DMA/vry_AXI_DMA.srcs/sources_1/ip/axi_cdma_0/axi_datamover_v5_1/hdl/src/vhdl/axi_datamover_ibttcc.vhd" into library axi_datamover_v5_1
INFO: [VRFC 10-307] analyzing entity axi_datamover_ibttcc
INFO: [VRFC 10-163] Analyzing VHDL file "E:/UV/FPGA/VERIFY/vry_AXI_DMA_1/vry_AXI_DMA/vry_AXI_DMA.srcs/sources_1/ip/axi_cdma_0/axi_datamover_v5_1/hdl/src/vhdl/axi_datamover_indet_btt.vhd" into library axi_datamover_v5_1
INFO: [VRFC 10-307] analyzing entity axi_datamover_indet_btt
INFO: [VRFC 10-163] Analyzing VHDL file "E:/UV/FPGA/VERIFY/vry_AXI_DMA_1/vry_AXI_DMA/vry_AXI_DMA.srcs/sources_1/ip/axi_cdma_0/axi_datamover_v5_1/hdl/src/vhdl/axi_datamover_dre_mux2_1_x_n.vhd" into library axi_datamover_v5_1
INFO: [VRFC 10-307] analyzing entity axi_datamover_dre_mux2_1_x_n
INFO: [VRFC 10-163] Analyzing VHDL file "E:/UV/FPGA/VERIFY/vry_AXI_DMA_1/vry_AXI_DMA/vry_AXI_DMA.srcs/sources_1/ip/axi_cdma_0/axi_datamover_v5_1/hdl/src/vhdl/axi_datamover_dre_mux4_1_x_n.vhd" into library axi_datamover_v5_1
INFO: [VRFC 10-307] analyzing entity axi_datamover_dre_mux4_1_x_n
INFO: [VRFC 10-163] Analyzing VHDL file "E:/UV/FPGA/VERIFY/vry_AXI_DMA_1/vry_AXI_DMA/vry_AXI_DMA.srcs/sources_1/ip/axi_cdma_0/axi_datamover_v5_1/hdl/src/vhdl/axi_datamover_dre_mux8_1_x_n.vhd" into library axi_datamover_v5_1
INFO: [VRFC 10-307] analyzing entity axi_datamover_dre_mux8_1_x_n
INFO: [VRFC 10-163] Analyzing VHDL file "E:/UV/FPGA/VERIFY/vry_AXI_DMA_1/vry_AXI_DMA/vry_AXI_DMA.srcs/sources_1/ip/axi_cdma_0/axi_datamover_v5_1/hdl/src/vhdl/axi_datamover_mm2s_dre.vhd" into library axi_datamover_v5_1
INFO: [VRFC 10-307] analyzing entity axi_datamover_mm2s_dre
INFO: [VRFC 10-163] Analyzing VHDL file "E:/UV/FPGA/VERIFY/vry_AXI_DMA_1/vry_AXI_DMA/vry_AXI_DMA.srcs/sources_1/ip/axi_cdma_0/axi_datamover_v5_1/hdl/src/vhdl/axi_datamover_s2mm_dre.vhd" into library axi_datamover_v5_1
INFO: [VRFC 10-307] analyzing entity axi_datamover_s2mm_dre
INFO: [VRFC 10-163] Analyzing VHDL file "E:/UV/FPGA/VERIFY/vry_AXI_DMA_1/vry_AXI_DMA/vry_AXI_DMA.srcs/sources_1/ip/axi_cdma_0/axi_datamover_v5_1/hdl/src/vhdl/axi_datamover_ms_strb_set.vhd" into library axi_datamover_v5_1
INFO: [VRFC 10-307] analyzing entity axi_datamover_ms_strb_set
INFO: [VRFC 10-163] Analyzing VHDL file "E:/UV/FPGA/VERIFY/vry_AXI_DMA_1/vry_AXI_DMA/vry_AXI_DMA.srcs/sources_1/ip/axi_cdma_0/axi_datamover_v5_1/hdl/src/vhdl/axi_datamover_mssai_skid_buf.vhd" into library axi_datamover_v5_1
INFO: [VRFC 10-307] analyzing entity axi_datamover_mssai_skid_buf
INFO: [VRFC 10-163] Analyzing VHDL file "E:/UV/FPGA/VERIFY/vry_AXI_DMA_1/vry_AXI_DMA/vry_AXI_DMA.srcs/sources_1/ip/axi_cdma_0/axi_datamover_v5_1/hdl/src/vhdl/axi_datamover_slice.vhd" into library axi_datamover_v5_1
INFO: [VRFC 10-307] analyzing entity axi_datamover_slice
INFO: [VRFC 10-163] Analyzing VHDL file "E:/UV/FPGA/VERIFY/vry_AXI_DMA_1/vry_AXI_DMA/vry_AXI_DMA.srcs/sources_1/ip/axi_cdma_0/axi_datamover_v5_1/hdl/src/vhdl/axi_datamover_s2mm_scatter.vhd" into library axi_datamover_v5_1
INFO: [VRFC 10-307] analyzing entity axi_datamover_s2mm_scatter
INFO: [VRFC 10-163] Analyzing VHDL file "E:/UV/FPGA/VERIFY/vry_AXI_DMA_1/vry_AXI_DMA/vry_AXI_DMA.srcs/sources_1/ip/axi_cdma_0/axi_datamover_v5_1/hdl/src/vhdl/axi_datamover_s2mm_realign.vhd" into library axi_datamover_v5_1
INFO: [VRFC 10-307] analyzing entity axi_datamover_s2mm_realign
INFO: [VRFC 10-163] Analyzing VHDL file "E:/UV/FPGA/VERIFY/vry_AXI_DMA_1/vry_AXI_DMA/vry_AXI_DMA.srcs/sources_1/ip/axi_cdma_0/axi_datamover_v5_1/hdl/src/vhdl/axi_datamover_s2mm_basic_wrap.vhd" into library axi_datamover_v5_1
INFO: [VRFC 10-307] analyzing entity axi_datamover_s2mm_basic_wrap
INFO: [VRFC 10-163] Analyzing VHDL file "E:/UV/FPGA/VERIFY/vry_AXI_DMA_1/vry_AXI_DMA/vry_AXI_DMA.srcs/sources_1/ip/axi_cdma_0/axi_datamover_v5_1/hdl/src/vhdl/axi_datamover_s2mm_omit_wrap.vhd" into library axi_datamover_v5_1
INFO: [VRFC 10-307] analyzing entity axi_datamover_s2mm_omit_wrap
INFO: [VRFC 10-163] Analyzing VHDL file "E:/UV/FPGA/VERIFY/vry_AXI_DMA_1/vry_AXI_DMA/vry_AXI_DMA.srcs/sources_1/ip/axi_cdma_0/axi_datamover_v5_1/hdl/src/vhdl/axi_datamover_s2mm_full_wrap.vhd" into library axi_datamover_v5_1
INFO: [VRFC 10-307] analyzing entity axi_datamover_s2mm_full_wrap
INFO: [VRFC 10-163] Analyzing VHDL file "E:/UV/FPGA/VERIFY/vry_AXI_DMA_1/vry_AXI_DMA/vry_AXI_DMA.srcs/sources_1/ip/axi_cdma_0/axi_datamover_v5_1/hdl/src/vhdl/axi_datamover_mm2s_basic_wrap.vhd" into library axi_datamover_v5_1
INFO: [VRFC 10-307] analyzing entity axi_datamover_mm2s_basic_wrap
INFO: [VRFC 10-163] Analyzing VHDL file "E:/UV/FPGA/VERIFY/vry_AXI_DMA_1/vry_AXI_DMA/vry_AXI_DMA.srcs/sources_1/ip/axi_cdma_0/axi_datamover_v5_1/hdl/src/vhdl/axi_datamover_mm2s_omit_wrap.vhd" into library axi_datamover_v5_1
INFO: [VRFC 10-307] analyzing entity axi_datamover_mm2s_omit_wrap
INFO: [VRFC 10-163] Analyzing VHDL file "E:/UV/FPGA/VERIFY/vry_AXI_DMA_1/vry_AXI_DMA/vry_AXI_DMA.srcs/sources_1/ip/axi_cdma_0/axi_datamover_v5_1/hdl/src/vhdl/axi_datamover_mm2s_full_wrap.vhd" into library axi_datamover_v5_1
INFO: [VRFC 10-307] analyzing entity axi_datamover_mm2s_full_wrap
INFO: [VRFC 10-163] Analyzing VHDL file "E:/UV/FPGA/VERIFY/vry_AXI_DMA_1/vry_AXI_DMA/vry_AXI_DMA.srcs/sources_1/ip/axi_cdma_0/axi_datamover_v5_1/hdl/src/vhdl/axi_datamover.vhd" into library axi_datamover_v5_1
INFO: [VRFC 10-307] analyzing entity axi_datamover
INFO: [VRFC 10-163] Analyzing VHDL file "E:/UV/FPGA/VERIFY/vry_AXI_DMA_1/vry_AXI_DMA/vry_AXI_DMA.srcs/sources_1/ip/axi_cdma_0/axi_sg_v4_1/hdl/src/vhdl/axi_sg_pkg.vhd" into library axi_sg_v4_1
INFO: [VRFC 10-163] Analyzing VHDL file "E:/UV/FPGA/VERIFY/vry_AXI_DMA_1/vry_AXI_DMA/vry_AXI_DMA.srcs/sources_1/ip/axi_cdma_0/axi_sg_v4_1/hdl/src/vhdl/axi_sg_reset.vhd" into library axi_sg_v4_1
INFO: [VRFC 10-307] analyzing entity axi_sg_reset
INFO: [VRFC 10-163] Analyzing VHDL file "E:/UV/FPGA/VERIFY/vry_AXI_DMA_1/vry_AXI_DMA/vry_AXI_DMA.srcs/sources_1/ip/axi_cdma_0/axi_sg_v4_1/hdl/src/vhdl/axi_sg_sfifo_autord.vhd" into library axi_sg_v4_1
INFO: [VRFC 10-307] analyzing entity axi_sg_sfifo_autord
INFO: [VRFC 10-163] Analyzing VHDL file "E:/UV/FPGA/VERIFY/vry_AXI_DMA_1/vry_AXI_DMA/vry_AXI_DMA.srcs/sources_1/ip/axi_cdma_0/axi_sg_v4_1/hdl/src/vhdl/axi_sg_afifo_autord.vhd" into library axi_sg_v4_1
INFO: [VRFC 10-307] analyzing entity axi_sg_afifo_autord
INFO: [VRFC 10-163] Analyzing VHDL file "E:/UV/FPGA/VERIFY/vry_AXI_DMA_1/vry_AXI_DMA/vry_AXI_DMA.srcs/sources_1/ip/axi_cdma_0/axi_sg_v4_1/hdl/src/vhdl/axi_sg_fifo.vhd" into library axi_sg_v4_1
INFO: [VRFC 10-307] analyzing entity axi_sg_fifo
INFO: [VRFC 10-163] Analyzing VHDL file "E:/UV/FPGA/VERIFY/vry_AXI_DMA_1/vry_AXI_DMA/vry_AXI_DMA.srcs/sources_1/ip/axi_cdma_0/axi_sg_v4_1/hdl/src/vhdl/axi_sg_cmd_status.vhd" into library axi_sg_v4_1
INFO: [VRFC 10-307] analyzing entity axi_sg_cmd_status
INFO: [VRFC 10-163] Analyzing VHDL file "E:/UV/FPGA/VERIFY/vry_AXI_DMA_1/vry_AXI_DMA/vry_AXI_DMA.srcs/sources_1/ip/axi_cdma_0/axi_sg_v4_1/hdl/src/vhdl/axi_sg_rdmux.vhd" into library axi_sg_v4_1
INFO: [VRFC 10-307] analyzing entity axi_sg_rdmux
INFO: [VRFC 10-163] Analyzing VHDL file "E:/UV/FPGA/VERIFY/vry_AXI_DMA_1/vry_AXI_DMA/vry_AXI_DMA.srcs/sources_1/ip/axi_cdma_0/axi_sg_v4_1/hdl/src/vhdl/axi_sg_addr_cntl.vhd" into library axi_sg_v4_1
INFO: [VRFC 10-307] analyzing entity axi_sg_addr_cntl
INFO: [VRFC 10-163] Analyzing VHDL file "E:/UV/FPGA/VERIFY/vry_AXI_DMA_1/vry_AXI_DMA/vry_AXI_DMA.srcs/sources_1/ip/axi_cdma_0/axi_sg_v4_1/hdl/src/vhdl/axi_sg_rddata_cntl.vhd" into library axi_sg_v4_1
INFO: [VRFC 10-307] analyzing entity axi_sg_rddata_cntl
INFO: [VRFC 10-163] Analyzing VHDL file "E:/UV/FPGA/VERIFY/vry_AXI_DMA_1/vry_AXI_DMA/vry_AXI_DMA.srcs/sources_1/ip/axi_cdma_0/axi_sg_v4_1/hdl/src/vhdl/axi_sg_rd_status_cntl.vhd" into library axi_sg_v4_1
INFO: [VRFC 10-307] analyzing entity axi_sg_rd_status_cntl
INFO: [VRFC 10-163] Analyzing VHDL file "E:/UV/FPGA/VERIFY/vry_AXI_DMA_1/vry_AXI_DMA/vry_AXI_DMA.srcs/sources_1/ip/axi_cdma_0/axi_sg_v4_1/hdl/src/vhdl/axi_sg_scc.vhd" into library axi_sg_v4_1
INFO: [VRFC 10-307] analyzing entity axi_sg_scc
INFO: [VRFC 10-163] Analyzing VHDL file "E:/UV/FPGA/VERIFY/vry_AXI_DMA_1/vry_AXI_DMA/vry_AXI_DMA.srcs/sources_1/ip/axi_cdma_0/axi_sg_v4_1/hdl/src/vhdl/axi_sg_wr_demux.vhd" into library axi_sg_v4_1
INFO: [VRFC 10-307] analyzing entity axi_sg_wr_demux
INFO: [VRFC 10-163] Analyzing VHDL file "E:/UV/FPGA/VERIFY/vry_AXI_DMA_1/vry_AXI_DMA/vry_AXI_DMA.srcs/sources_1/ip/axi_cdma_0/axi_sg_v4_1/hdl/src/vhdl/axi_sg_scc_wr.vhd" into library axi_sg_v4_1
INFO: [VRFC 10-307] analyzing entity axi_sg_scc_wr
INFO: [VRFC 10-163] Analyzing VHDL file "E:/UV/FPGA/VERIFY/vry_AXI_DMA_1/vry_AXI_DMA/vry_AXI_DMA.srcs/sources_1/ip/axi_cdma_0/axi_sg_v4_1/hdl/src/vhdl/axi_sg_skid2mm_buf.vhd" into library axi_sg_v4_1
INFO: [VRFC 10-307] analyzing entity axi_sg_skid2mm_buf
INFO: [VRFC 10-163] Analyzing VHDL file "E:/UV/FPGA/VERIFY/vry_AXI_DMA_1/vry_AXI_DMA/vry_AXI_DMA.srcs/sources_1/ip/axi_cdma_0/axi_sg_v4_1/hdl/src/vhdl/axi_sg_wrdata_cntl.vhd" into library axi_sg_v4_1
INFO: [VRFC 10-307] analyzing entity axi_sg_wrdata_cntl
INFO: [VRFC 10-163] Analyzing VHDL file "E:/UV/FPGA/VERIFY/vry_AXI_DMA_1/vry_AXI_DMA/vry_AXI_DMA.srcs/sources_1/ip/axi_cdma_0/axi_sg_v4_1/hdl/src/vhdl/axi_sg_wr_status_cntl.vhd" into library axi_sg_v4_1
INFO: [VRFC 10-307] analyzing entity axi_sg_wr_status_cntl
INFO: [VRFC 10-163] Analyzing VHDL file "E:/UV/FPGA/VERIFY/vry_AXI_DMA_1/vry_AXI_DMA/vry_AXI_DMA.srcs/sources_1/ip/axi_cdma_0/axi_sg_v4_1/hdl/src/vhdl/axi_sg_skid_buf.vhd" into library axi_sg_v4_1
INFO: [VRFC 10-307] analyzing entity axi_sg_skid_buf
INFO: [VRFC 10-163] Analyzing VHDL file "E:/UV/FPGA/VERIFY/vry_AXI_DMA_1/vry_AXI_DMA/vry_AXI_DMA.srcs/sources_1/ip/axi_cdma_0/axi_sg_v4_1/hdl/src/vhdl/axi_sg_mm2s_basic_wrap.vhd" into library axi_sg_v4_1
INFO: [VRFC 10-307] analyzing entity axi_sg_mm2s_basic_wrap
INFO: [VRFC 10-163] Analyzing VHDL file "E:/UV/FPGA/VERIFY/vry_AXI_DMA_1/vry_AXI_DMA/vry_AXI_DMA.srcs/sources_1/ip/axi_cdma_0/axi_sg_v4_1/hdl/src/vhdl/axi_sg_s2mm_basic_wrap.vhd" into library axi_sg_v4_1
INFO: [VRFC 10-307] analyzing entity axi_sg_s2mm_basic_wrap
INFO: [VRFC 10-163] Analyzing VHDL file "E:/UV/FPGA/VERIFY/vry_AXI_DMA_1/vry_AXI_DMA/vry_AXI_DMA.srcs/sources_1/ip/axi_cdma_0/axi_sg_v4_1/hdl/src/vhdl/axi_sg_datamover.vhd" into library axi_sg_v4_1
INFO: [VRFC 10-307] analyzing entity axi_sg_datamover
INFO: [VRFC 10-163] Analyzing VHDL file "E:/UV/FPGA/VERIFY/vry_AXI_DMA_1/vry_AXI_DMA/vry_AXI_DMA.srcs/sources_1/ip/axi_cdma_0/axi_sg_v4_1/hdl/src/vhdl/axi_sg_ftch_sm.vhd" into library axi_sg_v4_1
INFO: [VRFC 10-307] analyzing entity axi_sg_ftch_sm
INFO: [VRFC 10-163] Analyzing VHDL file "E:/UV/FPGA/VERIFY/vry_AXI_DMA_1/vry_AXI_DMA/vry_AXI_DMA.srcs/sources_1/ip/axi_cdma_0/axi_sg_v4_1/hdl/src/vhdl/axi_sg_ftch_pntr.vhd" into library axi_sg_v4_1
INFO: [VRFC 10-307] analyzing entity axi_sg_ftch_pntr
INFO: [VRFC 10-163] Analyzing VHDL file "E:/UV/FPGA/VERIFY/vry_AXI_DMA_1/vry_AXI_DMA/vry_AXI_DMA.srcs/sources_1/ip/axi_cdma_0/axi_sg_v4_1/hdl/src/vhdl/axi_sg_ftch_cmdsts_if.vhd" into library axi_sg_v4_1
INFO: [VRFC 10-307] analyzing entity axi_sg_ftch_cmdsts_if
INFO: [VRFC 10-163] Analyzing VHDL file "E:/UV/FPGA/VERIFY/vry_AXI_DMA_1/vry_AXI_DMA/vry_AXI_DMA.srcs/sources_1/ip/axi_cdma_0/axi_sg_v4_1/hdl/src/vhdl/axi_sg_ftch_mngr.vhd" into library axi_sg_v4_1
INFO: [VRFC 10-307] analyzing entity axi_sg_ftch_mngr
INFO: [VRFC 10-163] Analyzing VHDL file "E:/UV/FPGA/VERIFY/vry_AXI_DMA_1/vry_AXI_DMA/vry_AXI_DMA.srcs/sources_1/ip/axi_cdma_0/axi_sg_v4_1/hdl/src/vhdl/axi_sg_cntrl_strm.vhd" into library axi_sg_v4_1
INFO: [VRFC 10-307] analyzing entity axi_sg_cntrl_strm
INFO: [VRFC 10-163] Analyzing VHDL file "E:/UV/FPGA/VERIFY/vry_AXI_DMA_1/vry_AXI_DMA/vry_AXI_DMA.srcs/sources_1/ip/axi_cdma_0/axi_sg_v4_1/hdl/src/vhdl/axi_sg_ftch_queue.vhd" into library axi_sg_v4_1
INFO: [VRFC 10-307] analyzing entity axi_sg_ftch_queue
INFO: [VRFC 10-163] Analyzing VHDL file "E:/UV/FPGA/VERIFY/vry_AXI_DMA_1/vry_AXI_DMA/vry_AXI_DMA.srcs/sources_1/ip/axi_cdma_0/axi_sg_v4_1/hdl/src/vhdl/axi_sg_ftch_noqueue.vhd" into library axi_sg_v4_1
INFO: [VRFC 10-307] analyzing entity axi_sg_ftch_noqueue
INFO: [VRFC 10-163] Analyzing VHDL file "E:/UV/FPGA/VERIFY/vry_AXI_DMA_1/vry_AXI_DMA/vry_AXI_DMA.srcs/sources_1/ip/axi_cdma_0/axi_sg_v4_1/hdl/src/vhdl/axi_sg_ftch_q_mngr.vhd" into library axi_sg_v4_1
INFO: [VRFC 10-307] analyzing entity axi_sg_ftch_q_mngr
INFO: [VRFC 10-163] Analyzing VHDL file "E:/UV/FPGA/VERIFY/vry_AXI_DMA_1/vry_AXI_DMA/vry_AXI_DMA.srcs/sources_1/ip/axi_cdma_0/axi_sg_v4_1/hdl/src/vhdl/axi_sg_updt_cmdsts_if.vhd" into library axi_sg_v4_1
INFO: [VRFC 10-307] analyzing entity axi_sg_updt_cmdsts_if
INFO: [VRFC 10-163] Analyzing VHDL file "E:/UV/FPGA/VERIFY/vry_AXI_DMA_1/vry_AXI_DMA/vry_AXI_DMA.srcs/sources_1/ip/axi_cdma_0/axi_sg_v4_1/hdl/src/vhdl/axi_sg_updt_sm.vhd" into library axi_sg_v4_1
INFO: [VRFC 10-307] analyzing entity axi_sg_updt_sm
INFO: [VRFC 10-163] Analyzing VHDL file "E:/UV/FPGA/VERIFY/vry_AXI_DMA_1/vry_AXI_DMA/vry_AXI_DMA.srcs/sources_1/ip/axi_cdma_0/axi_sg_v4_1/hdl/src/vhdl/axi_sg_updt_mngr.vhd" into library axi_sg_v4_1
INFO: [VRFC 10-307] analyzing entity axi_sg_updt_mngr
INFO: [VRFC 10-163] Analyzing VHDL file "E:/UV/FPGA/VERIFY/vry_AXI_DMA_1/vry_AXI_DMA/vry_AXI_DMA.srcs/sources_1/ip/axi_cdma_0/axi_sg_v4_1/hdl/src/vhdl/axi_sg_updt_queue.vhd" into library axi_sg_v4_1
INFO: [VRFC 10-307] analyzing entity axi_sg_updt_queue
INFO: [VRFC 10-163] Analyzing VHDL file "E:/UV/FPGA/VERIFY/vry_AXI_DMA_1/vry_AXI_DMA/vry_AXI_DMA.srcs/sources_1/ip/axi_cdma_0/axi_sg_v4_1/hdl/src/vhdl/axi_sg_updt_noqueue.vhd" into library axi_sg_v4_1
INFO: [VRFC 10-307] analyzing entity axi_sg_updt_noqueue
INFO: [VRFC 10-163] Analyzing VHDL file "E:/UV/FPGA/VERIFY/vry_AXI_DMA_1/vry_AXI_DMA/vry_AXI_DMA.srcs/sources_1/ip/axi_cdma_0/axi_sg_v4_1/hdl/src/vhdl/axi_sg_updt_q_mngr.vhd" into library axi_sg_v4_1
INFO: [VRFC 10-307] analyzing entity axi_sg_updt_q_mngr
INFO: [VRFC 10-163] Analyzing VHDL file "E:/UV/FPGA/VERIFY/vry_AXI_DMA_1/vry_AXI_DMA/vry_AXI_DMA.srcs/sources_1/ip/axi_cdma_0/axi_sg_v4_1/hdl/src/vhdl/axi_sg_intrpt.vhd" into library axi_sg_v4_1
INFO: [VRFC 10-307] analyzing entity axi_sg_intrpt
INFO: [VRFC 10-163] Analyzing VHDL file "E:/UV/FPGA/VERIFY/vry_AXI_DMA_1/vry_AXI_DMA/vry_AXI_DMA.srcs/sources_1/ip/axi_cdma_0/axi_sg_v4_1/hdl/src/vhdl/axi_sg.vhd" into library axi_sg_v4_1
INFO: [VRFC 10-307] analyzing entity axi_sg
INFO: [VRFC 10-163] Analyzing VHDL file "E:/UV/FPGA/VERIFY/vry_AXI_DMA_1/vry_AXI_DMA/vry_AXI_DMA.srcs/sources_1/ip/axi_cdma_0/axi_cdma_v4_1/hdl/src/vhdl/axi_cdma_pkg.vhd" into library axi_cdma_v4_1
INFO: [VRFC 10-163] Analyzing VHDL file "E:/UV/FPGA/VERIFY/vry_AXI_DMA_1/vry_AXI_DMA/vry_AXI_DMA.srcs/sources_1/ip/axi_cdma_0/axi_cdma_v4_1/hdl/src/vhdl/axi_cdma_pulse_gen.vhd" into library axi_cdma_v4_1
INFO: [VRFC 10-307] analyzing entity axi_cdma_pulse_gen
INFO: [VRFC 10-163] Analyzing VHDL file "E:/UV/FPGA/VERIFY/vry_AXI_DMA_1/vry_AXI_DMA/vry_AXI_DMA.srcs/sources_1/ip/axi_cdma_0/axi_cdma_v4_1/hdl/src/vhdl/axi_cdma_reset.vhd" into library axi_cdma_v4_1
INFO: [VRFC 10-307] analyzing entity axi_cdma_reset
INFO: [VRFC 10-163] Analyzing VHDL file "E:/UV/FPGA/VERIFY/vry_AXI_DMA_1/vry_AXI_DMA/vry_AXI_DMA.srcs/sources_1/ip/axi_cdma_0/axi_cdma_v4_1/hdl/src/vhdl/axi_cdma_lite_if.vhd" into library axi_cdma_v4_1
INFO: [VRFC 10-307] analyzing entity axi_cdma_lite_if
INFO: [VRFC 10-163] Analyzing VHDL file "E:/UV/FPGA/VERIFY/vry_AXI_DMA_1/vry_AXI_DMA/vry_AXI_DMA.srcs/sources_1/ip/axi_cdma_0/axi_cdma_v4_1/hdl/src/vhdl/axi_cdma_register.vhd" into library axi_cdma_v4_1
INFO: [VRFC 10-307] analyzing entity axi_cdma_register
INFO: [VRFC 10-163] Analyzing VHDL file "E:/UV/FPGA/VERIFY/vry_AXI_DMA_1/vry_AXI_DMA/vry_AXI_DMA.srcs/sources_1/ip/axi_cdma_0/axi_cdma_v4_1/hdl/src/vhdl/axi_cdma_reg_module.vhd" into library axi_cdma_v4_1
INFO: [VRFC 10-307] analyzing entity axi_cdma_reg_module
INFO: [VRFC 10-163] Analyzing VHDL file "E:/UV/FPGA/VERIFY/vry_AXI_DMA_1/vry_AXI_DMA/vry_AXI_DMA.srcs/sources_1/ip/axi_cdma_0/axi_cdma_v4_1/hdl/src/vhdl/axi_cdma_sfifo_autord.vhd" into library axi_cdma_v4_1
INFO: [VRFC 10-307] analyzing entity axi_cdma_sfifo_autord
INFO: [VRFC 10-163] Analyzing VHDL file "E:/UV/FPGA/VERIFY/vry_AXI_DMA_1/vry_AXI_DMA/vry_AXI_DMA.srcs/sources_1/ip/axi_cdma_0/axi_cdma_v4_1/hdl/src/vhdl/axi_cdma_sf.vhd" into library axi_cdma_v4_1
INFO: [VRFC 10-307] analyzing entity axi_cdma_sf
INFO: [VRFC 10-163] Analyzing VHDL file "E:/UV/FPGA/VERIFY/vry_AXI_DMA_1/vry_AXI_DMA/vry_AXI_DMA.srcs/sources_1/ip/axi_cdma_0/axi_cdma_v4_1/hdl/src/vhdl/axi_cdma_simple_cntlr.vhd" into library axi_cdma_v4_1
INFO: [VRFC 10-307] analyzing entity axi_cdma_simple_cntlr
INFO: [VRFC 10-163] Analyzing VHDL file "E:/UV/FPGA/VERIFY/vry_AXI_DMA_1/vry_AXI_DMA/vry_AXI_DMA.srcs/sources_1/ip/axi_cdma_0/axi_cdma_v4_1/hdl/src/vhdl/axi_cdma_simple_wrap.vhd" into library axi_cdma_v4_1
INFO: [VRFC 10-307] analyzing entity axi_cdma_simple_wrap
INFO: [VRFC 10-163] Analyzing VHDL file "E:/UV/FPGA/VERIFY/vry_AXI_DMA_1/vry_AXI_DMA/vry_AXI_DMA.srcs/sources_1/ip/axi_cdma_0/axi_cdma_v4_1/hdl/src/vhdl/axi_cdma_sg_cntlr.vhd" into library axi_cdma_v4_1
INFO: [VRFC 10-307] analyzing entity axi_cdma_sg_cntlr
INFO: [VRFC 10-163] Analyzing VHDL file "E:/UV/FPGA/VERIFY/vry_AXI_DMA_1/vry_AXI_DMA/vry_AXI_DMA.srcs/sources_1/ip/axi_cdma_0/axi_cdma_v4_1/hdl/src/vhdl/axi_cdma_sg_wrap.vhd" into library axi_cdma_v4_1
INFO: [VRFC 10-307] analyzing entity axi_cdma_sg_wrap
INFO: [VRFC 10-163] Analyzing VHDL file "E:/UV/FPGA/VERIFY/vry_AXI_DMA_1/vry_AXI_DMA/vry_AXI_DMA.srcs/sources_1/ip/axi_cdma_0/axi_cdma_v4_1/hdl/src/vhdl/axi_cdma.vhd" into library axi_cdma_v4_1
INFO: [VRFC 10-307] analyzing entity axi_cdma
INFO: [VRFC 10-163] Analyzing VHDL file "E:/UV/FPGA/VERIFY/vry_AXI_DMA_1/vry_AXI_DMA/vry_AXI_DMA.srcs/sources_1/ip/axi_cdma_0/sim/axi_cdma_0.vhd" into library xil_defaultlib
INFO: [VRFC 10-307] analyzing entity axi_cdma_0
