Flow report for SPP_MCTL_V1
Fri Jul 31 17:03:51 2020
Quartus II 64-Bit Version 14.0.0 Build 200 06/17/2014 SJ Full Version


---------------------
; Table of Contents ;
---------------------
  1. Legal Notice
  2. Flow Summary
  3. Flow Settings
  4. Flow Non-Default Global Settings
  5. Flow Elapsed Time
  6. Flow OS Summary
  7. Flow Log
  8. Flow Messages
  9. Flow Suppressed Messages



----------------
; Legal Notice ;
----------------
Copyright (C) 1991-2014 Altera Corporation. All rights reserved.
Your use of Altera Corporation's design tools, logic functions 
and other software and tools, and its AMPP partner logic 
functions, and any output files from any of the foregoing 
(including device programming or simulation files), and any 
associated documentation or information are expressly subject 
to the terms and conditions of the Altera Program License 
Subscription Agreement, the Altera Quartus II License Agreement,
the Altera MegaCore Function License Agreement, or other 
applicable license agreement, including, without limitation, 
that your use is for the sole purpose of programming logic 
devices manufactured by Altera and sold by Altera or its 
authorized distributors.  Please refer to the applicable 
agreement for further details.



+----------------------------------------------------------------------------------+
; Flow Summary                                                                     ;
+------------------------------------+---------------------------------------------+
; Flow Status                        ; Successful - Fri Jul 31 17:03:51 2020       ;
; Quartus II 64-Bit Version          ; 14.0.0 Build 200 06/17/2014 SJ Full Version ;
; Revision Name                      ; SPP_MCTL_V1                                 ;
; Top-level Entity Name              ; SPP_MCTL_V1                                 ;
; Family                             ; Cyclone IV E                                ;
; Device                             ; EP4CE10F17C8                                ;
; Timing Models                      ; Final                                       ;
; Total logic elements               ; 6,455 / 10,320 ( 63 % )                     ;
;     Total combinational functions  ; 5,047 / 10,320 ( 49 % )                     ;
;     Dedicated logic registers      ; 3,602 / 10,320 ( 35 % )                     ;
; Total registers                    ; 3602                                        ;
; Total pins                         ; 100 / 180 ( 56 % )                          ;
; Total virtual pins                 ; 0                                           ;
; Total memory bits                  ; 12,288 / 423,936 ( 3 % )                    ;
; Embedded Multiplier 9-bit elements ; 0 / 46 ( 0 % )                              ;
; Total PLLs                         ; 1 / 2 ( 50 % )                              ;
+------------------------------------+---------------------------------------------+


+-----------------------------------------+
; Flow Settings                           ;
+-------------------+---------------------+
; Option            ; Setting             ;
+-------------------+---------------------+
; Start date & time ; 07/31/2020 17:02:16 ;
; Main task         ; Compilation         ;
; Revision Name     ; SPP_MCTL_V1         ;
+-------------------+---------------------+


+-------------------------------------------------------------------------------------------------------------------------------------------------------------------------------------------------------------------------------------------------------------------------------------------------------------------------------------+
; Flow Non-Default Global Settings                                                                                                                                                                                                                                                                                                    ;
+--------------------------------------+------------------------------------------------------------------------------------------------------------------------------------------------------------------------------------------------------------------------------------------+---------------+-------------+---------------------+
; Assignment Name                      ; Value                                                                                                                                                                                                                                    ; Default Value ; Entity Name ; Section Id          ;
+--------------------------------------+------------------------------------------------------------------------------------------------------------------------------------------------------------------------------------------------------------------------------------------+---------------+-------------+---------------------+
; COMPILER_SIGNATURE_ID                ; 119071802629027.159618613616240                                                                                                                                                                                                          ; --            ; --          ; --                  ;
; EDA_DESIGN_INSTANCE_NAME             ; i1                                                                                                                                                                                                                                       ; --            ; --          ; SPP_MCTL_V1_vhd_tst ;
; EDA_NATIVELINK_SIMULATION_TEST_BENCH ; SPP_MCTL_V1_vhd_tst                                                                                                                                                                                                                      ; --            ; --          ; eda_simulation      ;
; EDA_OUTPUT_DATA_FORMAT               ; Vhdl                                                                                                                                                                                                                                     ; --            ; --          ; eda_simulation      ;
; EDA_SIMULATION_TOOL                  ; ModelSim-Altera (VHDL)                                                                                                                                                                                                                   ; <None>        ; --          ; --                  ;
; EDA_TEST_BENCH_ENABLE_STATUS         ; TEST_BENCH_MODE                                                                                                                                                                                                                          ; --            ; --          ; eda_simulation      ;
; EDA_TEST_BENCH_FILE                  ; simulation/modelsim/SPP_MCTL_V1.vht                                                                                                                                                                                                      ; --            ; --          ; SPP_MCTL_V1_vhd_tst ;
; EDA_TEST_BENCH_MODULE_NAME           ; SPP_MCTL_V1_vhd_tst                                                                                                                                                                                                                      ; --            ; --          ; SPP_MCTL_V1_vhd_tst ;
; EDA_TEST_BENCH_NAME                  ; SPP_MCTL_V1_vhd_tst                                                                                                                                                                                                                      ; --            ; --          ; eda_simulation      ;
; ENABLE_SIGNALTAP                     ; On                                                                                                                                                                                                                                       ; --            ; --          ; --                  ;
; FLOW_ENABLE_IO_ASSIGNMENT_ANALYSIS   ; On                                                                                                                                                                                                                                       ; Off           ; --          ; --                  ;
; FMAX_REQUIREMENT                     ; 50 MHz                                                                                                                                                                                                                                   ; --            ; --          ; --                  ;
; IP_GENERATED_DEVICE_FAMILY           ; {Cyclone IV E}                                                                                                                                                                                                                           ; --            ; --          ; --                  ;
; IP_GENERATED_DEVICE_FAMILY           ; {Cyclone IV E}                                                                                                                                                                                                                           ; --            ; --          ; --                  ;
; IP_TOOL_NAME                         ; ALTPLL                                                                                                                                                                                                                                   ; --            ; --          ; --                  ;
; IP_TOOL_NAME                         ; LPM_DIVIDE                                                                                                                                                                                                                               ; --            ; --          ; --                  ;
; IP_TOOL_NAME                         ; LPM_COUNTER                                                                                                                                                                                                                              ; --            ; --          ; --                  ;
; IP_TOOL_NAME                         ; LPM_COUNTER                                                                                                                                                                                                                              ; --            ; --          ; --                  ;
; IP_TOOL_NAME                         ; LPM_COUNTER                                                                                                                                                                                                                              ; --            ; --          ; --                  ;
; IP_TOOL_VERSION                      ; 14.0                                                                                                                                                                                                                                     ; --            ; --          ; --                  ;
; IP_TOOL_VERSION                      ; 14.0                                                                                                                                                                                                                                     ; --            ; --          ; --                  ;
; IP_TOOL_VERSION                      ; 12.1                                                                                                                                                                                                                                     ; --            ; --          ; --                  ;
; IP_TOOL_VERSION                      ; 12.1                                                                                                                                                                                                                                     ; --            ; --          ; --                  ;
; IP_TOOL_VERSION                      ; 12.1                                                                                                                                                                                                                                     ; --            ; --          ; --                  ;
; MAX_CORE_JUNCTION_TEMP               ; 85                                                                                                                                                                                                                                       ; --            ; --          ; --                  ;
; MIN_CORE_JUNCTION_TEMP               ; 0                                                                                                                                                                                                                                        ; --            ; --          ; --                  ;
; MISC_FILE                            ; PLL.ppf                                                                                                                                                                                                                                  ; --            ; --          ; --                  ;
; MISC_FILE                            ; DIVIDE_FULL.cmp                                                                                                                                                                                                                          ; --            ; --          ; --                  ;
; MISC_FILE                            ; SmoothCounter_full.cmp                                                                                                                                                                                                                   ; --            ; --          ; --                  ;
; MISC_FILE                            ; SmoothOutCounter.cmp                                                                                                                                                                                                                     ; --            ; --          ; --                  ;
; MISC_FILE                            ; SmoothCounter.cmp                                                                                                                                                                                                                        ; --            ; --          ; --                  ;
; OUTPUT_IO_TIMING_FAR_END_VMEAS       ; Half Signal Swing                                                                                                                                                                                                                        ; --            ; --          ; --                  ;
; OUTPUT_IO_TIMING_FAR_END_VMEAS       ; Half Signal Swing                                                                                                                                                                                                                        ; --            ; --          ; --                  ;
; OUTPUT_IO_TIMING_NEAR_END_VMEAS      ; Half Vccio                                                                                                                                                                                                                               ; --            ; --          ; --                  ;
; OUTPUT_IO_TIMING_NEAR_END_VMEAS      ; Half Vccio                                                                                                                                                                                                                               ; --            ; --          ; --                  ;
; PARTITION_COLOR                      ; 16764057                                                                                                                                                                                                                                 ; --            ; --          ; Top                 ;
; PARTITION_FITTER_PRESERVATION_LEVEL  ; PLACEMENT                                                                                                                                                                                                                                ; --            ; --          ; Top                 ;
; PARTITION_NETLIST_TYPE               ; SOURCE                                                                                                                                                                                                                                   ; --            ; --          ; Top                 ;
; POWER_BOARD_THERMAL_MODEL            ; None (CONSERVATIVE)                                                                                                                                                                                                                      ; --            ; --          ; --                  ;
; POWER_PRESET_COOLING_SOLUTION        ; 23 MM HEAT SINK WITH 200 LFPM AIRFLOW                                                                                                                                                                                                    ; --            ; --          ; --                  ;
; SLD_FILE                             ; db/parameter_analysis_auto_stripped.stp                                                                                                                                                                                                  ; --            ; --          ; --                  ;
; SLD_NODE_CREATOR_ID                  ; 110                                                                                                                                                                                                                                      ; --            ; --          ; parameter_analysis  ;
; SLD_NODE_ENTITY_NAME                 ; sld_signaltap                                                                                                                                                                                                                            ; --            ; --          ; parameter_analysis  ;
; SLD_NODE_PARAMETER_ASSIGNMENT        ; SLD_RAM_BLOCK_TYPE=AUTO                                                                                                                                                                                                                  ; --            ; --          ; parameter_analysis  ;
; SLD_NODE_PARAMETER_ASSIGNMENT        ; SLD_DATA_BITS=64                                                                                                                                                                                                                         ; --            ; --          ; parameter_analysis  ;
; SLD_NODE_PARAMETER_ASSIGNMENT        ; SLD_TRIGGER_BITS=64                                                                                                                                                                                                                      ; --            ; --          ; parameter_analysis  ;
; SLD_NODE_PARAMETER_ASSIGNMENT        ; SLD_STORAGE_QUALIFIER_BITS=64                                                                                                                                                                                                            ; --            ; --          ; parameter_analysis  ;
; SLD_NODE_PARAMETER_ASSIGNMENT        ; SLD_NODE_INFO=805334528                                                                                                                                                                                                                  ; --            ; --          ; parameter_analysis  ;
; SLD_NODE_PARAMETER_ASSIGNMENT        ; SLD_POWER_UP_TRIGGER=0                                                                                                                                                                                                                   ; --            ; --          ; parameter_analysis  ;
; SLD_NODE_PARAMETER_ASSIGNMENT        ; SLD_INVERSION_MASK=000000000000000000000000000000000000000000000000000000000000000000000000000000000000000000000000000000000000000000000000000000000000000000000000000000000000000000000000000000000000000000000000000000000000000000000 ; --            ; --          ; parameter_analysis  ;
; SLD_NODE_PARAMETER_ASSIGNMENT        ; SLD_INVERSION_MASK_LENGTH=213                                                                                                                                                                                                            ; --            ; --          ; parameter_analysis  ;
; SLD_NODE_PARAMETER_ASSIGNMENT        ; SLD_STORAGE_QUALIFIER_INVERSION_MASK_LENGTH=0                                                                                                                                                                                            ; --            ; --          ; parameter_analysis  ;
; SLD_NODE_PARAMETER_ASSIGNMENT        ; SLD_SEGMENT_SIZE=128                                                                                                                                                                                                                     ; --            ; --          ; parameter_analysis  ;
; SLD_NODE_PARAMETER_ASSIGNMENT        ; SLD_ATTRIBUTE_MEM_MODE=OFF                                                                                                                                                                                                               ; --            ; --          ; parameter_analysis  ;
; SLD_NODE_PARAMETER_ASSIGNMENT        ; SLD_STATE_FLOW_USE_GENERATED=0                                                                                                                                                                                                           ; --            ; --          ; parameter_analysis  ;
; SLD_NODE_PARAMETER_ASSIGNMENT        ; SLD_STATE_BITS=11                                                                                                                                                                                                                        ; --            ; --          ; parameter_analysis  ;
; SLD_NODE_PARAMETER_ASSIGNMENT        ; SLD_BUFFER_FULL_STOP=1                                                                                                                                                                                                                   ; --            ; --          ; parameter_analysis  ;
; SLD_NODE_PARAMETER_ASSIGNMENT        ; SLD_CURRENT_RESOURCE_WIDTH=1                                                                                                                                                                                                             ; --            ; --          ; parameter_analysis  ;
; SLD_NODE_PARAMETER_ASSIGNMENT        ; SLD_INCREMENTAL_ROUTING=1                                                                                                                                                                                                                ; --            ; --          ; parameter_analysis  ;
; SLD_NODE_PARAMETER_ASSIGNMENT        ; SLD_TRIGGER_LEVEL=1                                                                                                                                                                                                                      ; --            ; --          ; parameter_analysis  ;
; SLD_NODE_PARAMETER_ASSIGNMENT        ; SLD_SAMPLE_DEPTH=128                                                                                                                                                                                                                     ; --            ; --          ; parameter_analysis  ;
; SLD_NODE_PARAMETER_ASSIGNMENT        ; SLD_TRIGGER_IN_ENABLED=0                                                                                                                                                                                                                 ; --            ; --          ; parameter_analysis  ;
; SLD_NODE_PARAMETER_ASSIGNMENT        ; SLD_ADVANCED_TRIGGER_ENTITY=basic,1,                                                                                                                                                                                                     ; --            ; --          ; parameter_analysis  ;
; SLD_NODE_PARAMETER_ASSIGNMENT        ; SLD_TRIGGER_LEVEL_PIPELINE=1                                                                                                                                                                                                             ; --            ; --          ; parameter_analysis  ;
; SLD_NODE_PARAMETER_ASSIGNMENT        ; SLD_ENABLE_ADVANCED_TRIGGER=0                                                                                                                                                                                                            ; --            ; --          ; parameter_analysis  ;
; USE_GENERATED_PHYSICAL_CONSTRAINTS   ; Off                                                                                                                                                                                                                                      ; --            ; --          ; eda_blast_fpga      ;
; USE_SIGNALTAP_FILE                   ; parameter_analysis.stp                                                                                                                                                                                                                   ; --            ; --          ; --                  ;
+--------------------------------------+------------------------------------------------------------------------------------------------------------------------------------------------------------------------------------------------------------------------------------------+---------------+-------------+---------------------+


+-------------------------------------------------------------------------------------------------------------------------------+
; Flow Elapsed Time                                                                                                             ;
+---------------------------+--------------+-------------------------+---------------------+------------------------------------+
; Module Name               ; Elapsed Time ; Average Processors Used ; Peak Virtual Memory ; Total CPU Time (on all processors) ;
+---------------------------+--------------+-------------------------+---------------------+------------------------------------+
; Analysis & Synthesis      ; 00:00:19     ; 1.0                     ; 4894 MB             ; 00:00:18                           ;
; I/O Assignment Analysis   ; 00:00:06     ; 1.0                     ; 4943 MB             ; 00:00:05                           ;
; Fitter                    ; 00:00:39     ; 2.3                     ; 5582 MB             ; 00:01:08                           ;
; Assembler                 ; 00:00:02     ; 1.0                     ; 4667 MB             ; 00:00:01                           ;
; TimeQuest Timing Analyzer ; 00:00:06     ; 1.4                     ; 4792 MB             ; 00:00:07                           ;
; EDA Netlist Writer        ; 00:00:07     ; 1.0                     ; 4658 MB             ; 00:00:07                           ;
; Total                     ; 00:01:19     ; --                      ; --                  ; 00:01:46                           ;
+---------------------------+--------------+-------------------------+---------------------+------------------------------------+


+----------------------------------------------------------------------------------------+
; Flow OS Summary                                                                        ;
+---------------------------+------------------+-----------+------------+----------------+
; Module Name               ; Machine Hostname ; OS Name   ; OS Version ; Processor type ;
+---------------------------+------------------+-----------+------------+----------------+
; Analysis & Synthesis      ; DESKTOP-HKSH0O8  ; Windows 7 ; 6.2        ; x86_64         ;
; I/O Assignment Analysis   ; DESKTOP-HKSH0O8  ; Windows 7 ; 6.2        ; x86_64         ;
; Fitter                    ; DESKTOP-HKSH0O8  ; Windows 7 ; 6.2        ; x86_64         ;
; Assembler                 ; DESKTOP-HKSH0O8  ; Windows 7 ; 6.2        ; x86_64         ;
; TimeQuest Timing Analyzer ; DESKTOP-HKSH0O8  ; Windows 7 ; 6.2        ; x86_64         ;
; EDA Netlist Writer        ; DESKTOP-HKSH0O8  ; Windows 7 ; 6.2        ; x86_64         ;
+---------------------------+------------------+-----------+------------+----------------+


------------
; Flow Log ;
------------
quartus_map --read_settings_files=on --write_settings_files=off SPP_MCTL_V1 -c SPP_MCTL_V1
quartus_fit --read_settings_files=off --write_settings_files=off SPP_MCTL_V1 -c SPP_MCTL_V1 --floorplan
quartus_fit --read_settings_files=off --write_settings_files=off SPP_MCTL_V1 -c SPP_MCTL_V1
quartus_asm --read_settings_files=off --write_settings_files=off SPP_MCTL_V1 -c SPP_MCTL_V1
quartus_sta SPP_MCTL_V1 -c SPP_MCTL_V1
quartus_eda --read_settings_files=off --write_settings_files=off SPP_MCTL_V1 -c SPP_MCTL_V1



