Determining compilation order of HDL files.
INFO: [VRFC 10-2263] Analyzing Verilog file "E:/UV/FPGA/VERIFY/vry_AXI_DMA/vry_AXI_DMA/vry_AXI_DMA.srcs/sources_1/ip/AXI_FIFO/hdl/axi_full_slave_v1_0_S00_AXI.v" into library xil_defaultlib
INFO: [VRFC 10-311] analyzing module axi_full_slave_v1_0_S00_AXI
WARNING: [VRFC 10-634] event expressions must result in a singular type [E:/UV/FPGA/VERIFY/vry_AXI_DMA/vry_AXI_DMA/vry_AXI_DMA.srcs/sources_1/ip/AXI_FIFO/hdl/axi_full_slave_v1_0_S00_AXI.v:585]
INFO: [VRFC 10-2263] Analyzing Verilog file "E:/UV/FPGA/VERIFY/vry_AXI_DMA/vry_AXI_DMA/vry_AXI_DMA.srcs/sources_1/ip/AXI_FIFO/hdl/axi_full_slave_v1_0.v" into library xil_defaultlib
INFO: [VRFC 10-311] analyzing module axi_full_slave_v1_0
INFO: [VRFC 10-2263] Analyzing Verilog file "E:/UV/FPGA/VERIFY/vry_AXI_DMA/vry_AXI_DMA/vry_AXI_DMA.srcs/sources_1/ip/AXI_FIFO/sim/AXI_FIFO.v" into library xil_defaultlib
INFO: [VRFC 10-311] analyzing module AXI_FIFO
INFO: [VRFC 10-2263] Analyzing Verilog file "E:/UV/FPGA/VERIFY/vry_AXI_DMA/vry_AXI_DMA/vry_AXI_DMA.srcs/sources_1/ip/axi_full_slave1_0/hdl/axi_full_slave1_v1_0_S00_AXI.v" into library xil_defaultlib
INFO: [VRFC 10-311] analyzing module axi_full_slave1_v1_0_S00_AXI
WARNING: [VRFC 10-634] event expressions must result in a singular type [E:/UV/FPGA/VERIFY/vry_AXI_DMA/vry_AXI_DMA/vry_AXI_DMA.srcs/sources_1/ip/axi_full_slave1_0/hdl/axi_full_slave1_v1_0_S00_AXI.v:585]
INFO: [VRFC 10-2263] Analyzing Verilog file "E:/UV/FPGA/VERIFY/vry_AXI_DMA/vry_AXI_DMA/vry_AXI_DMA.srcs/sources_1/ip/axi_full_slave1_0/hdl/axi_full_slave1_v1_0.v" into library xil_defaultlib
INFO: [VRFC 10-311] analyzing module axi_full_slave1_v1_0
INFO: [VRFC 10-2263] Analyzing Verilog file "E:/UV/FPGA/VERIFY/vry_AXI_DMA/vry_AXI_DMA/vry_AXI_DMA.srcs/sources_1/ip/axi_full_slave1_0/sim/axi_full_slave1_0.v" into library xil_defaultlib
INFO: [VRFC 10-311] analyzing module axi_full_slave1_0
INFO: [VRFC 10-2263] Analyzing Verilog file "E:/UV/FPGA/VERIFY/vry_AXI_DMA/vry_AXI_DMA/vry_AXI_DMA.srcs/sources_1/ip/AXI_FIFO_BRIDGE/hdl/axi_full_master_v1_0_M00_AXI.v" into library xil_defaultlib
INFO: [VRFC 10-311] analyzing module axi_full_master_v1_0_M00_AXI
INFO: [VRFC 10-2263] Analyzing Verilog file "E:/UV/FPGA/VERIFY/vry_AXI_DMA/vry_AXI_DMA/vry_AXI_DMA.srcs/sources_1/ip/AXI_FIFO_BRIDGE/hdl/axi_full_master_v1_0.v" into library xil_defaultlib
INFO: [VRFC 10-311] analyzing module axi_full_master_v1_0
INFO: [VRFC 10-2263] Analyzing Verilog file "E:/UV/FPGA/VERIFY/vry_AXI_DMA/vry_AXI_DMA/vry_AXI_DMA.srcs/sources_1/ip/AXI_FIFO_BRIDGE/sim/AXI_FIFO_BRIDGE.v" into library xil_defaultlib
INFO: [VRFC 10-311] analyzing module AXI_FIFO_BRIDGE
INFO: [VRFC 10-2263] Analyzing Verilog file "E:/UV/FPGA/VERIFY/vry_AXI_DMA/vry_AXI_DMA/vry_AXI_DMA.srcs/sources_1/ipshared/xilinx.com/axi_full_master_v1_0/b4fafc38/hdl/axi_full_master_v1_0_M00_AXI.v" into library xil_defaultlib
INFO: [VRFC 10-311] analyzing module axi_full_master_v1_0_M00_AXI
WARNING: [VRFC 10-1195] overwriting previous definition of module axi_full_master_v1_0_M00_AXI [E:/UV/FPGA/VERIFY/vry_AXI_DMA/vry_AXI_DMA/vry_AXI_DMA.srcs/sources_1/ipshared/xilinx.com/axi_full_master_v1_0/b4fafc38/hdl/axi_full_master_v1_0_M00_AXI.v:4]
INFO: [VRFC 10-2263] Analyzing Verilog file "E:/UV/FPGA/VERIFY/vry_AXI_DMA/vry_AXI_DMA/vry_AXI_DMA.srcs/sources_1/ipshared/xilinx.com/axi_full_master_v1_0/b4fafc38/hdl/axi_full_master_v1_0.v" into library xil_defaultlib
INFO: [VRFC 10-311] analyzing module axi_full_master_v1_0
WARNING: [VRFC 10-1195] overwriting previous definition of module axi_full_master_v1_0 [E:/UV/FPGA/VERIFY/vry_AXI_DMA/vry_AXI_DMA/vry_AXI_DMA.srcs/sources_1/ipshared/xilinx.com/axi_full_master_v1_0/b4fafc38/hdl/axi_full_master_v1_0.v:4]
INFO: [VRFC 10-2263] Analyzing Verilog file "E:/UV/FPGA/VERIFY/vry_AXI_DMA/vry_AXI_DMA/vry_AXI_DMA.srcs/sources_1/bd/design_1/ip/design_1_axi_full_master_0_0/sim/design_1_axi_full_master_0_0.v" into library xil_defaultlib
INFO: [VRFC 10-311] analyzing module design_1_axi_full_master_0_0
INFO: [VRFC 10-2263] Analyzing Verilog file "E:/UV/FPGA/VERIFY/vry_AXI_DMA/vry_AXI_DMA/vry_AXI_DMA.srcs/sources_1/bd/design_1/hdl/design_1.v" into library xil_defaultlib
INFO: [VRFC 10-311] analyzing module design_1
INFO: [VRFC 10-2263] Analyzing Verilog file "E:/UV/FPGA/VERIFY/vry_AXI_DMA/vry_AXI_DMA/vry_AXI_DMA.srcs/sources_1/ipshared/xilinx.com/axi_full_slave2_v1_0/a8660ffe/hdl/axi_full_slave2_v1_0_S00_AXI.v" into library xil_defaultlib
INFO: [VRFC 10-311] analyzing module axi_full_slave2_v1_0_S00_AXI
WARNING: [VRFC 10-634] event expressions must result in a singular type [E:/UV/FPGA/VERIFY/vry_AXI_DMA/vry_AXI_DMA/vry_AXI_DMA.srcs/sources_1/ipshared/xilinx.com/axi_full_slave2_v1_0/a8660ffe/hdl/axi_full_slave2_v1_0_S00_AXI.v:585]
INFO: [VRFC 10-2263] Analyzing Verilog file "E:/UV/FPGA/VERIFY/vry_AXI_DMA/vry_AXI_DMA/vry_AXI_DMA.srcs/sources_1/ipshared/xilinx.com/axi_full_slave2_v1_0/a8660ffe/hdl/axi_full_slave2_v1_0.v" into library xil_defaultlib
INFO: [VRFC 10-311] analyzing module axi_full_slave2_v1_0
INFO: [VRFC 10-2263] Analyzing Verilog file "E:/UV/FPGA/VERIFY/vry_AXI_DMA/vry_AXI_DMA/vry_AXI_DMA.srcs/sources_1/bd/design_1/ip/design_1_axi_full_slave2_0_0/sim/design_1_axi_full_slave2_0_0.v" into library xil_defaultlib
INFO: [VRFC 10-311] analyzing module design_1_axi_full_slave2_0_0
INFO: [VRFC 10-2263] Analyzing Verilog file "E:/UV/FPGA/VERIFY/vry_AXI_DMA/vry_AXI_DMA/vry_AXI_DMA.srcs/sources_1/bd/design_1/hdl/design_1_wrapper.v" into library xil_defaultlib
INFO: [VRFC 10-311] analyzing module design_1_wrapper
INFO: [VRFC 10-2263] Analyzing Verilog file "E:/UV/FPGA/VERIFY/vry_AXI_DMA/vry_AXI_DMA/vry_AXI_DMA.srcs/sim_1/new/tb_design_1.v" into library xil_defaultlib
INFO: [VRFC 10-311] analyzing module tb_design_1
INFO: [VRFC 10-2263] Analyzing Verilog file "E:/UV/FPGA/VERIFY/vry_AXI_DMA/vry_AXI_DMA/vry_AXI_DMA.sim/sim_1/behav/glbl.v" into library xil_defaultlib
INFO: [VRFC 10-311] analyzing module glbl
