Vivado Simulator 2014.4
Copyright 1986-1999, 2001-2014 Xilinx, Inc. All Rights Reserved.
Running: D:/install/Xilinx/Vivado/2014.4/bin/unwrapped/win64.o/xelab.exe -wto f8edeeb6154a4a0497748919600d21b2 --debug typical --relax -L fifo_generator_v12_0 -L xil_defaultlib -L unisims_ver -L unimacro_ver -L secureip --snapshot tb_vry_FifoFirstRead_behav xil_defaultlib.tb_vry_FifoFirstRead xil_defaultlib.glbl -log elaborate.log 
Multi-threading is on. Using 2 slave threads.
Starting static elaboration
Completed static elaboration
Starting simulation data flow analysis
Completed simulation data flow analysis
Time Resolution for simulation is 1ps
Compiling package std.standard
Compiling package ieee.std_logic_1164
Compiling package ieee.numeric_std
Compiling package synopsys.attributes
Compiling package ieee.std_logic_misc
Compiling package ieee.std_logic_arith
Compiling package ieee.std_logic_unsigned
Compiling architecture behavioral of entity fifo_generator_v12_0.fifo_generator_v12_0_bhv_ss [\fifo_generator_v12_0_bhv_ss("zy...]
Compiling architecture behavioral of entity fifo_generator_v12_0.fifo_generator_v12_0_bhv_preload0 [\fifo_generator_v12_0_bhv_preloa...]
Compiling architecture behavioral of entity fifo_generator_v12_0.fifo_generator_v12_0_conv [\fifo_generator_v12_0_conv(1,0,8...]
Compiling architecture behavioral of entity fifo_generator_v12_0.fifo_generator_vhdl_beh [\fifo_generator_vhdl_beh(1,0,8,"...]
Compiling architecture xilinx of entity fifo_generator_v12_0.fifo_generator_v12_0 [\fifo_generator_v12_0(1,0,8,"Bla...]
Compiling architecture fifo_fwft_arch of entity xil_defaultlib.fifo_FWFT [fifo_fwft_default]
Compiling architecture behavioral of entity fifo_generator_v12_0.fifo_generator_v12_0_bhv_ss [\fifo_generator_v12_0_bhv_ss("zy...]
Compiling architecture behavioral of entity fifo_generator_v12_0.fifo_generator_v12_0_conv [\fifo_generator_v12_0_conv(1,0,7...]
Compiling architecture behavioral of entity fifo_generator_v12_0.fifo_generator_vhdl_beh [\fifo_generator_vhdl_beh(1,0,7,"...]
Compiling architecture xilinx of entity fifo_generator_v12_0.fifo_generator_v12_0 [\fifo_generator_v12_0(1,0,7,"Bla...]
Compiling architecture fifo_standard_arch of entity xil_defaultlib.fifo_standard [fifo_standard_default]
Compiling module xil_defaultlib.vry_FifoFirstRead
Compiling module xil_defaultlib.tb_vry_FifoFirstRead
Compiling module xil_defaultlib.glbl
Waiting for 2 sub-compilation(s) to finish...
Built simulation snapshot tb_vry_FifoFirstRead_behav
