#-----------------------------------------------------------
# Vivado v2014.4 (64-bit)
# SW Build 1071353 on Tue Nov 18 18:29:27 MST 2014
# IP Build 1070531 on Tue Nov 18 01:10:18 MST 2014
# Start of session at: Tue Jul 28 09:41:31 2020
# Process ID: 19480
# Log file: E:/UV/FPGA/VERIFY/vry_VivadoIp/vry_VivadoIp/vivado.log
# Journal file: E:/UV/FPGA/VERIFY/vry_VivadoIp/vry_VivadoIp\vivado.jou
#-----------------------------------------------------------
start_gui
open_project E:/UV/FPGA/VERIFY/vry_VivadoIp/vry_VivadoIp/vry_VivadoIp.xpr
Scanning sources...
Finished scanning sources
INFO: [IP_Flow 19-234] Refreshing IP repositories
INFO: [IP_Flow 19-1700] Loaded user IP repository 'e:/UV/FPGA/VERIFY/vry_VivadoIp/vry_VivadoIp/vry_VivadoIp.srcs/PackageIp_vry_FifoFirstRead3'.
INFO: [IP_Flow 19-2313] Loaded Vivado IP repository 'D:/install/Xilinx/Vivado/2014.4/data/ip'.
open_project: Time (s): cpu = 00:00:11 ; elapsed = 00:00:07 . Memory (MB): peak = 706.672 ; gain = 165.070
ipx::edit_ip_in_project -upgrade true -name vry_FifoFirstRead_v1_0_v1_0_project -directory E:/UV/FPGA/VERIFY/vry_VivadoIp/vry_VivadoIp/vry_VivadoIp.srcs/PackageIp_vry_FifoFirstRead3/vry_FifoFirstRead_v1_0_v1_0_project e:/UV/FPGA/VERIFY/vry_VivadoIp/vry_VivadoIp/vry_VivadoIp.srcs/PackageIp_vry_FifoFirstRead3/component.xml
INFO: [Project 1-489] The host OS only allows 260 characters in a normal path. The project is stored in a path with more than 80 characters. If you experience issues with IP, Block Designs, or files not being found, please consider moving the project to a location with a shorter path. Alternately consider using the OS subst command to map part of the path to a drive letter.
Current project path is 'e:/uv/fpga/verify/vry_vivadoip/vry_vivadoip/vry_vivadoip.srcs/packageip_vry_fifofirstread3/vry_fifofirstread_v1_0_v1_0_project'
INFO: [IP_Flow 19-234] Refreshing IP repositories
INFO: [IP_Flow 19-1704] No user IP repositories specified
INFO: [IP_Flow 19-2313] Loaded Vivado IP repository 'D:/install/Xilinx/Vivado/2014.4/data/ip'.
INFO: [IP_Flow 19-234] Refreshing IP repositories
INFO: [IP_Flow 19-1700] Loaded user IP repository 'e:/UV/FPGA/VERIFY/vry_VivadoIp/vry_VivadoIp/vry_VivadoIp.srcs/PackageIp_vry_FifoFirstRead3'.
WARNING: [filemgmt 56-99] Vivado Synthesis ignores library specification for Verilog or SystemVerilog files. [d:/install/Xilinx/Vivado/2014.4/data/ip/xilinx/fifo_generator_v12_0/hdl/fifo_generator_v12_0_rfs.v:]
ipx::edit_ip_in_project: Time (s): cpu = 00:00:09 ; elapsed = 00:00:08 . Memory (MB): peak = 741.363 ; gain = 2.395
update_compile_order -fileset sources_1
current_project vry_VivadoIp
close_project
exit
INFO: [Common 17-206] Exiting Vivado at Tue Jul 28 17:33:14 2020...
